#
# There is insufficient memory for the Java Runtime Environment to continue.
# Native memory allocation (malloc) failed to allocate 323680 bytes for Chunk::new
# Possible reasons:
#   The system is out of physical RAM or swap space
#   The process is running with CompressedOops enabled, and the Java Heap may be blocking the growth of the native heap
# Possible solutions:
#   Reduce memory load on the system
#   Increase physical memory or swap space
#   Check if swap backing store is full
#   Decrease Java heap size (-Xmx/-Xms)
#   Decrease number of Java threads
#   Decrease Java thread stack sizes (-Xss)
#   Set larger code cache with -XX:ReservedCodeCacheSize=
#   JVM is running with Unscaled Compressed Oops mode in which the Java heap is
#     placed in the first 4GB address space. The Java Heap base address is the
#     maximum limit for the native heap growth. Please use -XX:HeapBaseMinAddress
#     to set the Java Heap base and to place the Java Heap above 4GB virtual address.
# This output file may be truncated or incomplete.
#
#  Out of Memory Error (arena.cpp:189), pid=10424, tid=8536
#
# JRE version: OpenJDK Runtime Environment (17.0.6) (build 17.0.6+0-b2043.56-10027231)
# Java VM: OpenJDK 64-Bit Server VM (17.0.6+0-b2043.56-10027231, mixed mode, tiered, compressed oops, compressed class ptrs, g1 gc, windows-amd64)
# No core dump will be written. Minidumps are not enabled by default on client versions of Windows
#

---------------  S U M M A R Y ------------

Command Line: -Dorg.gradle.appname=gradlew org.gradle.wrapper.GradleWrapperMain -q -Ptarget-platform=android-x86 -Ptarget=C:\Users\yhord\OneDrive\Escritorio\Proyectos Flutter\App_Leon_XIII\lib\main.dart -Pbase-application-name=android.app.Application -Pdart-defines=RkxVVFRFUl9XRUJfQVVUT19ERVRFQ1Q9dHJ1ZQ==,RkxVVFRFUl9XRUJfQ0FOVkFTS0lUX1VSTD1odHRwczovL3d3dy5nc3RhdGljLmNvbS9mbHV0dGVyLWNhbnZhc2tpdC9iMjAxODNlMDQwOTYwOTRiY2MzN2Q5Y2RlMmE0Yjk2ZjVjYzY4NGNmLw== -Pdart-obfuscation=false -Ptrack-widget-creation=true -Ptree-shake-icons=false -Pfilesystem-scheme=org-dartlang-root assembleDebug

Host: Intel(R) Core(TM) i5-8300H CPU @ 2.30GHz, 8 cores, 7G,  Windows 10 , 64 bit Build 19041 (10.0.19041.3393)
Time: Mon Sep  4 22:08:01 2023 Hora est. Pacífico, Sudamérica elapsed time: 1.367103 seconds (0d 0h 0m 1s)

---------------  T H R E A D  ---------------

Current thread (0x0000024f7402fd70):  JavaThread "C2 CompilerThread0" daemon [_thread_in_native, id=8536, stack(0x000000ef04400000,0x000000ef04500000)]


Current CompileTask:
C2:   1367  970   !   4       jdk.internal.loader.URLClassPath$JarLoader::getResource (354 bytes)

Stack: [0x000000ef04400000,0x000000ef04500000]
Native frames: (J=compiled Java code, j=interpreted, Vv=VM code, C=native code)
V  [jvm.dll+0x683c9a]
V  [jvm.dll+0x8427a4]
V  [jvm.dll+0x843f9e]
V  [jvm.dll+0x844603]
V  [jvm.dll+0x249b75]
V  [jvm.dll+0xabcac]
V  [jvm.dll+0xac27c]
V  [jvm.dll+0x368857]
V  [jvm.dll+0x332f31]
V  [jvm.dll+0x3323da]
V  [jvm.dll+0x21c201]
V  [jvm.dll+0x21b621]
V  [jvm.dll+0x1a4fdd]
V  [jvm.dll+0x22b098]
V  [jvm.dll+0x229159]
V  [jvm.dll+0x7f81ec]
V  [jvm.dll+0x7f274a]
V  [jvm.dll+0x682ad5]
C  [ucrtbase.dll+0x21bb2]
C  [KERNEL32.DLL+0x17344]
C  [ntdll.dll+0x526b1]


---------------  P R O C E S S  ---------------

Threads class SMR info:
_java_thread_list=0x0000024f754416b0, length=13, elements={
0x0000024f596dc630, 0x0000024f73415260, 0x0000024f734160d0, 0x0000024f74037d80,
0x0000024f74038640, 0x0000024f7402e8c0, 0x0000024f7402f180, 0x0000024f7402fd70,
0x0000024f74030760, 0x0000024f74033160, 0x0000024f741a5420, 0x0000024f741b2db0,
0x0000024f74a27a40
}

Java Threads: ( => current thread )
  0x0000024f596dc630 JavaThread "main" [_thread_in_vm, id=6808, stack(0x000000ef03700000,0x000000ef03800000)]
  0x0000024f73415260 JavaThread "Reference Handler" daemon [_thread_blocked, id=10460, stack(0x000000ef03e00000,0x000000ef03f00000)]
  0x0000024f734160d0 JavaThread "Finalizer" daemon [_thread_blocked, id=8172, stack(0x000000ef03f00000,0x000000ef04000000)]
  0x0000024f74037d80 JavaThread "Signal Dispatcher" daemon [_thread_blocked, id=7864, stack(0x000000ef04000000,0x000000ef04100000)]
  0x0000024f74038640 JavaThread "Attach Listener" daemon [_thread_blocked, id=9052, stack(0x000000ef04100000,0x000000ef04200000)]
  0x0000024f7402e8c0 JavaThread "Service Thread" daemon [_thread_blocked, id=796, stack(0x000000ef04200000,0x000000ef04300000)]
  0x0000024f7402f180 JavaThread "Monitor Deflation Thread" daemon [_thread_blocked, id=8652, stack(0x000000ef04300000,0x000000ef04400000)]
=>0x0000024f7402fd70 JavaThread "C2 CompilerThread0" daemon [_thread_in_native, id=8536, stack(0x000000ef04400000,0x000000ef04500000)]
  0x0000024f74030760 JavaThread "C1 CompilerThread0" daemon [_thread_blocked, id=8316, stack(0x000000ef04500000,0x000000ef04600000)]
  0x0000024f74033160 JavaThread "Sweeper thread" daemon [_thread_blocked, id=2632, stack(0x000000ef04600000,0x000000ef04700000)]
  0x0000024f741a5420 JavaThread "Notification Thread" daemon [_thread_blocked, id=6840, stack(0x000000ef04700000,0x000000ef04800000)]
  0x0000024f741b2db0 JavaThread "Common-Cleaner" daemon [_thread_blocked, id=5644, stack(0x000000ef04900000,0x000000ef04a00000)]
  0x0000024f74a27a40 JavaThread "pool-1-thread-1" [_thread_blocked, id=8148, stack(0x000000ef04e00000,0x000000ef04f00000)]

Other Threads:
  0x0000024f733f4950 VMThread "VM Thread" [stack: 0x000000ef03d00000,0x000000ef03e00000] [id=6084]
  0x0000024f59752cd0 WatcherThread [stack: 0x000000ef04800000,0x000000ef04900000] [id=1040]
  0x0000024f5973a610 GCTaskThread "GC Thread#0" [stack: 0x000000ef03800000,0x000000ef03900000] [id=10256]
  0x0000024f74a274c0 GCTaskThread "GC Thread#1" [stack: 0x000000ef04a00000,0x000000ef04b00000] [id=13240]
  0x0000024f7551b1b0 GCTaskThread "GC Thread#2" [stack: 0x000000ef04b00000,0x000000ef04c00000] [id=7924]
  0x0000024f7443e470 GCTaskThread "GC Thread#3" [stack: 0x000000ef04c00000,0x000000ef04d00000] [id=2088]
  0x0000024f755e6ba0 GCTaskThread "GC Thread#4" [stack: 0x000000ef04d00000,0x000000ef04e00000] [id=4236]
  0x0000024f5974b090 ConcurrentGCThread "G1 Main Marker" [stack: 0x000000ef03900000,0x000000ef03a00000] [id=8404]
  0x0000024f5974baa0 ConcurrentGCThread "G1 Conc#0" [stack: 0x000000ef03a00000,0x000000ef03b00000] [id=1320]
  0x0000024f732520c0 ConcurrentGCThread "G1 Refine#0" [stack: 0x000000ef03b00000,0x000000ef03c00000] [id=8788]
  0x0000024f732529f0 ConcurrentGCThread "G1 Service" [stack: 0x000000ef03c00000,0x000000ef03d00000] [id=11080]

Threads with active compile tasks:
C2 CompilerThread0     1411  970   !   4       jdk.internal.loader.URLClassPath$JarLoader::getResource (354 bytes)

VM state: not at safepoint (normal execution)

VM Mutex/Monitor currently owned by a thread:  ([mutex/lock_event])
[0x0000024f596d7f20] Metaspace_lock - owner thread: 0x0000024f596dc630

Heap address: 0x0000000082600000, size: 2010 MB, Compressed Oops mode: 32-bit

CDS archive(s) not mapped
Compressed class space mapped at: 0x0000000100000000-0x0000000140000000, reserved size: 1073741824
Narrow klass base: 0x0000000000000000, Narrow klass shift: 3, Narrow klass range: 0x140000000

GC Precious Log:
 CPUs: 8 total, 8 available
 Memory: 8034M
 Large Page Support: Disabled
 NUMA Support: Disabled
 Compressed Oops: Enabled (32-bit)
 Heap Region Size: 1M
 Heap Min Capacity: 8M
 Heap Initial Capacity: 126M
 Heap Max Capacity: 2010M
 Pre-touch: Disabled
 Parallel Workers: 8
 Concurrent Workers: 2
 Concurrent Refinement Workers: 8
 Periodic GC: Disabled

Heap:
 garbage-first heap   total 129024K, used 18862K [0x0000000082600000, 0x0000000100000000)
  region size 1024K, 13 young (13312K), 3 survivors (3072K)
 Metaspace       used 14104K, committed 14272K, reserved 1064960K
  class space    used 1640K, committed 1728K, reserved 1048576K

Heap Regions: E=young(eden), S=young(survivor), O=old, HS=humongous(starts), HC=humongous(continues), CS=collection set, F=free, OA=open archive, CA=closed archive, TAMS=top-at-mark-start (previous, next)
|   0|0x0000000082600000, 0x0000000082600000, 0x0000000082700000|  0%| F|  |TAMS 0x0000000082600000, 0x0000000082600000| Untracked 
|   1|0x0000000082700000, 0x0000000082700000, 0x0000000082800000|  0%| F|  |TAMS 0x0000000082700000, 0x0000000082700000| Untracked 
|   2|0x0000000082800000, 0x0000000082800000, 0x0000000082900000|  0%| F|  |TAMS 0x0000000082800000, 0x0000000082800000| Untracked 
|   3|0x0000000082900000, 0x0000000082a00000, 0x0000000082a00000|100%|HS|  |TAMS 0x0000000082900000, 0x0000000082900000| Complete 
|   4|0x0000000082a00000, 0x0000000082b00000, 0x0000000082b00000|100%|HC|  |TAMS 0x0000000082a00000, 0x0000000082a00000| Complete 
|   5|0x0000000082b00000, 0x0000000082c00000, 0x0000000082c00000|100%|HC|  |TAMS 0x0000000082b00000, 0x0000000082b00000| Complete 
|   6|0x0000000082c00000, 0x0000000082d00000, 0x0000000082d00000|100%| O|  |TAMS 0x0000000082c00000, 0x0000000082c00000| Untracked 
|   7|0x0000000082d00000, 0x0000000082e00000, 0x0000000082e00000|100%| O|  |TAMS 0x0000000082d00000, 0x0000000082d00000| Untracked 
|   8|0x0000000082e00000, 0x0000000082f00000, 0x0000000082f00000|100%| O|  |TAMS 0x0000000082e00000, 0x0000000082e00000| Untracked 
|   9|0x0000000082f00000, 0x0000000082f6b800, 0x0000000083000000| 41%| O|  |TAMS 0x0000000082f00000, 0x0000000082f00000| Untracked 
|  10|0x0000000083000000, 0x0000000083000000, 0x0000000083100000|  0%| F|  |TAMS 0x0000000083000000, 0x0000000083000000| Untracked 
|  11|0x0000000083100000, 0x0000000083100000, 0x0000000083200000|  0%| F|  |TAMS 0x0000000083100000, 0x0000000083100000| Untracked 
|  12|0x0000000083200000, 0x0000000083200000, 0x0000000083300000|  0%| F|  |TAMS 0x0000000083200000, 0x0000000083200000| Untracked 
|  13|0x0000000083300000, 0x0000000083300000, 0x0000000083400000|  0%| F|  |TAMS 0x0000000083300000, 0x0000000083300000| Untracked 
|  14|0x0000000083400000, 0x0000000083400000, 0x0000000083500000|  0%| F|  |TAMS 0x0000000083400000, 0x0000000083400000| Untracked 
|  15|0x0000000083500000, 0x0000000083500000, 0x0000000083600000|  0%| F|  |TAMS 0x0000000083500000, 0x0000000083500000| Untracked 
|  16|0x0000000083600000, 0x0000000083600000, 0x0000000083700000|  0%| F|  |TAMS 0x0000000083600000, 0x0000000083600000| Untracked 
|  17|0x0000000083700000, 0x0000000083700000, 0x0000000083800000|  0%| F|  |TAMS 0x0000000083700000, 0x0000000083700000| Untracked 
|  18|0x0000000083800000, 0x0000000083800000, 0x0000000083900000|  0%| F|  |TAMS 0x0000000083800000, 0x0000000083800000| Untracked 
|  19|0x0000000083900000, 0x0000000083900000, 0x0000000083a00000|  0%| F|  |TAMS 0x0000000083900000, 0x0000000083900000| Untracked 
|  20|0x0000000083a00000, 0x0000000083a00000, 0x0000000083b00000|  0%| F|  |TAMS 0x0000000083a00000, 0x0000000083a00000| Untracked 
|  21|0x0000000083b00000, 0x0000000083b00000, 0x0000000083c00000|  0%| F|  |TAMS 0x0000000083b00000, 0x0000000083b00000| Untracked 
|  22|0x0000000083c00000, 0x0000000083c00000, 0x0000000083d00000|  0%| F|  |TAMS 0x0000000083c00000, 0x0000000083c00000| Untracked 
|  23|0x0000000083d00000, 0x0000000083d00000, 0x0000000083e00000|  0%| F|  |TAMS 0x0000000083d00000, 0x0000000083d00000| Untracked 
|  24|0x0000000083e00000, 0x0000000083e00000, 0x0000000083f00000|  0%| F|  |TAMS 0x0000000083e00000, 0x0000000083e00000| Untracked 
|  25|0x0000000083f00000, 0x0000000083f00000, 0x0000000084000000|  0%| F|  |TAMS 0x0000000083f00000, 0x0000000083f00000| Untracked 
|  26|0x0000000084000000, 0x0000000084000000, 0x0000000084100000|  0%| F|  |TAMS 0x0000000084000000, 0x0000000084000000| Untracked 
|  27|0x0000000084100000, 0x0000000084100000, 0x0000000084200000|  0%| F|  |TAMS 0x0000000084100000, 0x0000000084100000| Untracked 
|  28|0x0000000084200000, 0x0000000084200000, 0x0000000084300000|  0%| F|  |TAMS 0x0000000084200000, 0x0000000084200000| Untracked 
|  29|0x0000000084300000, 0x0000000084300000, 0x0000000084400000|  0%| F|  |TAMS 0x0000000084300000, 0x0000000084300000| Untracked 
|  30|0x0000000084400000, 0x0000000084400000, 0x0000000084500000|  0%| F|  |TAMS 0x0000000084400000, 0x0000000084400000| Untracked 
|  31|0x0000000084500000, 0x0000000084500000, 0x0000000084600000|  0%| F|  |TAMS 0x0000000084500000, 0x0000000084500000| Untracked 
|  32|0x0000000084600000, 0x0000000084600000, 0x0000000084700000|  0%| F|  |TAMS 0x0000000084600000, 0x0000000084600000| Untracked 
|  33|0x0000000084700000, 0x0000000084700000, 0x0000000084800000|  0%| F|  |TAMS 0x0000000084700000, 0x0000000084700000| Untracked 
|  34|0x0000000084800000, 0x0000000084800000, 0x0000000084900000|  0%| F|  |TAMS 0x0000000084800000, 0x0000000084800000| Untracked 
|  35|0x0000000084900000, 0x0000000084900000, 0x0000000084a00000|  0%| F|  |TAMS 0x0000000084900000, 0x0000000084900000| Untracked 
|  36|0x0000000084a00000, 0x0000000084a00000, 0x0000000084b00000|  0%| F|  |TAMS 0x0000000084a00000, 0x0000000084a00000| Untracked 
|  37|0x0000000084b00000, 0x0000000084b00000, 0x0000000084c00000|  0%| F|  |TAMS 0x0000000084b00000, 0x0000000084b00000| Untracked 
|  38|0x0000000084c00000, 0x0000000084c00000, 0x0000000084d00000|  0%| F|  |TAMS 0x0000000084c00000, 0x0000000084c00000| Untracked 
|  39|0x0000000084d00000, 0x0000000084d00000, 0x0000000084e00000|  0%| F|  |TAMS 0x0000000084d00000, 0x0000000084d00000| Untracked 
|  40|0x0000000084e00000, 0x0000000084e00000, 0x0000000084f00000|  0%| F|  |TAMS 0x0000000084e00000, 0x0000000084e00000| Untracked 
|  41|0x0000000084f00000, 0x0000000084f00000, 0x0000000085000000|  0%| F|  |TAMS 0x0000000084f00000, 0x0000000084f00000| Untracked 
|  42|0x0000000085000000, 0x0000000085000000, 0x0000000085100000|  0%| F|  |TAMS 0x0000000085000000, 0x0000000085000000| Untracked 
|  43|0x0000000085100000, 0x0000000085100000, 0x0000000085200000|  0%| F|  |TAMS 0x0000000085100000, 0x0000000085100000| Untracked 
|  44|0x0000000085200000, 0x0000000085200000, 0x0000000085300000|  0%| F|  |TAMS 0x0000000085200000, 0x0000000085200000| Untracked 
|  45|0x0000000085300000, 0x0000000085300000, 0x0000000085400000|  0%| F|  |TAMS 0x0000000085300000, 0x0000000085300000| Untracked 
|  46|0x0000000085400000, 0x0000000085400000, 0x0000000085500000|  0%| F|  |TAMS 0x0000000085400000, 0x0000000085400000| Untracked 
|  47|0x0000000085500000, 0x0000000085500000, 0x0000000085600000|  0%| F|  |TAMS 0x0000000085500000, 0x0000000085500000| Untracked 
|  48|0x0000000085600000, 0x0000000085600000, 0x0000000085700000|  0%| F|  |TAMS 0x0000000085600000, 0x0000000085600000| Untracked 
|  49|0x0000000085700000, 0x0000000085700000, 0x0000000085800000|  0%| F|  |TAMS 0x0000000085700000, 0x0000000085700000| Untracked 
|  50|0x0000000085800000, 0x0000000085800000, 0x0000000085900000|  0%| F|  |TAMS 0x0000000085800000, 0x0000000085800000| Untracked 
|  51|0x0000000085900000, 0x0000000085900000, 0x0000000085a00000|  0%| F|  |TAMS 0x0000000085900000, 0x0000000085900000| Untracked 
|  52|0x0000000085a00000, 0x0000000085a00000, 0x0000000085b00000|  0%| F|  |TAMS 0x0000000085a00000, 0x0000000085a00000| Untracked 
|  53|0x0000000085b00000, 0x0000000085b00000, 0x0000000085c00000|  0%| F|  |TAMS 0x0000000085b00000, 0x0000000085b00000| Untracked 
|  54|0x0000000085c00000, 0x0000000085c00000, 0x0000000085d00000|  0%| F|  |TAMS 0x0000000085c00000, 0x0000000085c00000| Untracked 
|  55|0x0000000085d00000, 0x0000000085d00000, 0x0000000085e00000|  0%| F|  |TAMS 0x0000000085d00000, 0x0000000085d00000| Untracked 
|  56|0x0000000085e00000, 0x0000000085e00000, 0x0000000085f00000|  0%| F|  |TAMS 0x0000000085e00000, 0x0000000085e00000| Untracked 
|  57|0x0000000085f00000, 0x0000000085f00000, 0x0000000086000000|  0%| F|  |TAMS 0x0000000085f00000, 0x0000000085f00000| Untracked 
|  58|0x0000000086000000, 0x0000000086000000, 0x0000000086100000|  0%| F|  |TAMS 0x0000000086000000, 0x0000000086000000| Untracked 
|  59|0x0000000086100000, 0x0000000086100000, 0x0000000086200000|  0%| F|  |TAMS 0x0000000086100000, 0x0000000086100000| Untracked 
|  60|0x0000000086200000, 0x0000000086200000, 0x0000000086300000|  0%| F|  |TAMS 0x0000000086200000, 0x0000000086200000| Untracked 
|  61|0x0000000086300000, 0x0000000086300000, 0x0000000086400000|  0%| F|  |TAMS 0x0000000086300000, 0x0000000086300000| Untracked 
|  62|0x0000000086400000, 0x0000000086400000, 0x0000000086500000|  0%| F|  |TAMS 0x0000000086400000, 0x0000000086400000| Untracked 
|  63|0x0000000086500000, 0x0000000086500000, 0x0000000086600000|  0%| F|  |TAMS 0x0000000086500000, 0x0000000086500000| Untracked 
|  64|0x0000000086600000, 0x0000000086600000, 0x0000000086700000|  0%| F|  |TAMS 0x0000000086600000, 0x0000000086600000| Untracked 
|  65|0x0000000086700000, 0x0000000086700000, 0x0000000086800000|  0%| F|  |TAMS 0x0000000086700000, 0x0000000086700000| Untracked 
|  66|0x0000000086800000, 0x0000000086800000, 0x0000000086900000|  0%| F|  |TAMS 0x0000000086800000, 0x0000000086800000| Untracked 
|  67|0x0000000086900000, 0x0000000086900000, 0x0000000086a00000|  0%| F|  |TAMS 0x0000000086900000, 0x0000000086900000| Untracked 
|  68|0x0000000086a00000, 0x0000000086a00000, 0x0000000086b00000|  0%| F|  |TAMS 0x0000000086a00000, 0x0000000086a00000| Untracked 
|  69|0x0000000086b00000, 0x0000000086b00000, 0x0000000086c00000|  0%| F|  |TAMS 0x0000000086b00000, 0x0000000086b00000| Untracked 
|  70|0x0000000086c00000, 0x0000000086c00000, 0x0000000086d00000|  0%| F|  |TAMS 0x0000000086c00000, 0x0000000086c00000| Untracked 
|  71|0x0000000086d00000, 0x0000000086d00000, 0x0000000086e00000|  0%| F|  |TAMS 0x0000000086d00000, 0x0000000086d00000| Untracked 
|  72|0x0000000086e00000, 0x0000000086e00000, 0x0000000086f00000|  0%| F|  |TAMS 0x0000000086e00000, 0x0000000086e00000| Untracked 
|  73|0x0000000086f00000, 0x0000000086f00000, 0x0000000087000000|  0%| F|  |TAMS 0x0000000086f00000, 0x0000000086f00000| Untracked 
|  74|0x0000000087000000, 0x0000000087000000, 0x0000000087100000|  0%| F|  |TAMS 0x0000000087000000, 0x0000000087000000| Untracked 
|  75|0x0000000087100000, 0x0000000087100000, 0x0000000087200000|  0%| F|  |TAMS 0x0000000087100000, 0x0000000087100000| Untracked 
|  76|0x0000000087200000, 0x0000000087200000, 0x0000000087300000|  0%| F|  |TAMS 0x0000000087200000, 0x0000000087200000| Untracked 
|  77|0x0000000087300000, 0x0000000087300000, 0x0000000087400000|  0%| F|  |TAMS 0x0000000087300000, 0x0000000087300000| Untracked 
|  78|0x0000000087400000, 0x0000000087400000, 0x0000000087500000|  0%| F|  |TAMS 0x0000000087400000, 0x0000000087400000| Untracked 
|  79|0x0000000087500000, 0x0000000087500000, 0x0000000087600000|  0%| F|  |TAMS 0x0000000087500000, 0x0000000087500000| Untracked 
|  80|0x0000000087600000, 0x0000000087600000, 0x0000000087700000|  0%| F|  |TAMS 0x0000000087600000, 0x0000000087600000| Untracked 
|  81|0x0000000087700000, 0x0000000087700000, 0x0000000087800000|  0%| F|  |TAMS 0x0000000087700000, 0x0000000087700000| Untracked 
|  82|0x0000000087800000, 0x0000000087800000, 0x0000000087900000|  0%| F|  |TAMS 0x0000000087800000, 0x0000000087800000| Untracked 
|  83|0x0000000087900000, 0x0000000087900000, 0x0000000087a00000|  0%| F|  |TAMS 0x0000000087900000, 0x0000000087900000| Untracked 
|  84|0x0000000087a00000, 0x0000000087a00000, 0x0000000087b00000|  0%| F|  |TAMS 0x0000000087a00000, 0x0000000087a00000| Untracked 
|  85|0x0000000087b00000, 0x0000000087b00000, 0x0000000087c00000|  0%| F|  |TAMS 0x0000000087b00000, 0x0000000087b00000| Untracked 
|  86|0x0000000087c00000, 0x0000000087c00000, 0x0000000087d00000|  0%| F|  |TAMS 0x0000000087c00000, 0x0000000087c00000| Untracked 
|  87|0x0000000087d00000, 0x0000000087d00000, 0x0000000087e00000|  0%| F|  |TAMS 0x0000000087d00000, 0x0000000087d00000| Untracked 
|  88|0x0000000087e00000, 0x0000000087e00000, 0x0000000087f00000|  0%| F|  |TAMS 0x0000000087e00000, 0x0000000087e00000| Untracked 
|  89|0x0000000087f00000, 0x0000000087f00000, 0x0000000088000000|  0%| F|  |TAMS 0x0000000087f00000, 0x0000000087f00000| Untracked 
|  90|0x0000000088000000, 0x0000000088000000, 0x0000000088100000|  0%| F|  |TAMS 0x0000000088000000, 0x0000000088000000| Untracked 
|  91|0x0000000088100000, 0x0000000088100000, 0x0000000088200000|  0%| F|  |TAMS 0x0000000088100000, 0x0000000088100000| Untracked 
|  92|0x0000000088200000, 0x0000000088200000, 0x0000000088300000|  0%| F|  |TAMS 0x0000000088200000, 0x0000000088200000| Untracked 
|  93|0x0000000088300000, 0x0000000088300000, 0x0000000088400000|  0%| F|  |TAMS 0x0000000088300000, 0x0000000088300000| Untracked 
|  94|0x0000000088400000, 0x0000000088400000, 0x0000000088500000|  0%| F|  |TAMS 0x0000000088400000, 0x0000000088400000| Untracked 
|  95|0x0000000088500000, 0x0000000088500000, 0x0000000088600000|  0%| F|  |TAMS 0x0000000088500000, 0x0000000088500000| Untracked 
|  96|0x0000000088600000, 0x0000000088600000, 0x0000000088700000|  0%| F|  |TAMS 0x0000000088600000, 0x0000000088600000| Untracked 
|  97|0x0000000088700000, 0x0000000088700000, 0x0000000088800000|  0%| F|  |TAMS 0x0000000088700000, 0x0000000088700000| Untracked 
|  98|0x0000000088800000, 0x0000000088800000, 0x0000000088900000|  0%| F|  |TAMS 0x0000000088800000, 0x0000000088800000| Untracked 
|  99|0x0000000088900000, 0x0000000088900000, 0x0000000088a00000|  0%| F|  |TAMS 0x0000000088900000, 0x0000000088900000| Untracked 
| 100|0x0000000088a00000, 0x0000000088b00000, 0x0000000088b00000|100%| S|CS|TAMS 0x0000000088a00000, 0x0000000088a00000| Complete 
| 101|0x0000000088b00000, 0x0000000088c00000, 0x0000000088c00000|100%| S|CS|TAMS 0x0000000088b00000, 0x0000000088b00000| Complete 
| 102|0x0000000088c00000, 0x0000000088d00000, 0x0000000088d00000|100%| S|CS|TAMS 0x0000000088c00000, 0x0000000088c00000| Complete 
| 103|0x0000000088d00000, 0x0000000088d00000, 0x0000000088e00000|  0%| F|  |TAMS 0x0000000088d00000, 0x0000000088d00000| Untracked 
| 104|0x0000000088e00000, 0x0000000088e00000, 0x0000000088f00000|  0%| F|  |TAMS 0x0000000088e00000, 0x0000000088e00000| Untracked 
| 105|0x0000000088f00000, 0x0000000088f00000, 0x0000000089000000|  0%| F|  |TAMS 0x0000000088f00000, 0x0000000088f00000| Untracked 
| 106|0x0000000089000000, 0x0000000089000000, 0x0000000089100000|  0%| F|  |TAMS 0x0000000089000000, 0x0000000089000000| Untracked 
| 107|0x0000000089100000, 0x0000000089100000, 0x0000000089200000|  0%| F|  |TAMS 0x0000000089100000, 0x0000000089100000| Untracked 
| 108|0x0000000089200000, 0x0000000089200000, 0x0000000089300000|  0%| F|  |TAMS 0x0000000089200000, 0x0000000089200000| Untracked 
| 109|0x0000000089300000, 0x0000000089300000, 0x0000000089400000|  0%| F|  |TAMS 0x0000000089300000, 0x0000000089300000| Untracked 
| 110|0x0000000089400000, 0x0000000089400000, 0x0000000089500000|  0%| F|  |TAMS 0x0000000089400000, 0x0000000089400000| Untracked 
| 111|0x0000000089500000, 0x0000000089500000, 0x0000000089600000|  0%| F|  |TAMS 0x0000000089500000, 0x0000000089500000| Untracked 
| 112|0x0000000089600000, 0x0000000089600000, 0x0000000089700000|  0%| F|  |TAMS 0x0000000089600000, 0x0000000089600000| Untracked 
| 113|0x0000000089700000, 0x0000000089700000, 0x0000000089800000|  0%| F|  |TAMS 0x0000000089700000, 0x0000000089700000| Untracked 
| 114|0x0000000089800000, 0x0000000089800000, 0x0000000089900000|  0%| F|  |TAMS 0x0000000089800000, 0x0000000089800000| Untracked 
| 115|0x0000000089900000, 0x0000000089900000, 0x0000000089a00000|  0%| F|  |TAMS 0x0000000089900000, 0x0000000089900000| Untracked 
| 116|0x0000000089a00000, 0x0000000089a80800, 0x0000000089b00000| 50%| E|  |TAMS 0x0000000089a00000, 0x0000000089a00000| Complete 
| 117|0x0000000089b00000, 0x0000000089c00000, 0x0000000089c00000|100%| E|CS|TAMS 0x0000000089b00000, 0x0000000089b00000| Complete 
| 118|0x0000000089c00000, 0x0000000089d00000, 0x0000000089d00000|100%| E|CS|TAMS 0x0000000089c00000, 0x0000000089c00000| Complete 
| 119|0x0000000089d00000, 0x0000000089e00000, 0x0000000089e00000|100%| E|CS|TAMS 0x0000000089d00000, 0x0000000089d00000| Complete 
| 120|0x0000000089e00000, 0x0000000089f00000, 0x0000000089f00000|100%| E|CS|TAMS 0x0000000089e00000, 0x0000000089e00000| Complete 
| 121|0x0000000089f00000, 0x000000008a000000, 0x000000008a000000|100%| E|CS|TAMS 0x0000000089f00000, 0x0000000089f00000| Complete 
| 122|0x000000008a000000, 0x000000008a100000, 0x000000008a100000|100%| E|CS|TAMS 0x000000008a000000, 0x000000008a000000| Complete 
| 123|0x000000008a100000, 0x000000008a200000, 0x000000008a200000|100%| E|CS|TAMS 0x000000008a100000, 0x000000008a100000| Complete 
| 124|0x000000008a200000, 0x000000008a300000, 0x000000008a300000|100%| E|CS|TAMS 0x000000008a200000, 0x000000008a200000| Complete 
| 125|0x000000008a300000, 0x000000008a400000, 0x000000008a400000|100%| E|CS|TAMS 0x000000008a300000, 0x000000008a300000| Complete 

Card table byte_map: [0x0000024f6c2d0000,0x0000024f6c6c0000] _byte_map_base: 0x0000024f6bebd000

Marking Bits (Prev, Next): (CMBitMap*) 0x0000024f5973ac20, (CMBitMap*) 0x0000024f5973ac60
 Prev Bits: [0x0000024f6cab0000, 0x0000024f6ea18000)
 Next Bits: [0x0000024f6ea20000, 0x0000024f70988000)

Polling page: 0x0000024f57620000

Metaspace:

Usage:
  Non-class:     12.17 MB used.
      Class:      1.60 MB used.
       Both:     13.77 MB used.

Virtual space:
  Non-class space:       16.00 MB reserved,      12.25 MB ( 77%) committed,  2 nodes.
      Class space:        1.00 GB reserved,       1.69 MB ( <1%) committed,  1 nodes.
             Both:        1.02 GB reserved,      13.94 MB (  1%) committed. 

Chunk freelists:
   Non-Class:  3.53 MB
       Class:  2.27 MB
        Both:  5.80 MB

MaxMetaspaceSize: unlimited
CompressedClassSpaceSize: 1.00 GB
Initial GC threshold: 21.00 MB
Current GC threshold: 21.00 MB
CDS: off
MetaspaceReclaimPolicy: balanced
 - commit_granule_bytes: 65536.
 - commit_granule_words: 8192.
 - virtual_space_node_default_size: 1048576.
 - enlarge_chunks_in_place: 1.
 - new_chunks_are_fully_committed: 0.
 - uncommit_free_chunks: 1.
 - use_allocation_guard: 0.
 - handle_deallocations: 1.


Internal statistics:

num_allocs_failed_limit: 0.
num_arena_births: 64.
num_arena_deaths: 0.
num_vsnodes_births: 3.
num_vsnodes_deaths: 0.
num_space_committed: 223.
num_space_uncommitted: 0.
num_chunks_returned_to_freelist: 0.
num_chunks_taken_from_freelist: 251.
num_chunk_merges: 0.
num_chunk_splits: 162.
num_chunks_enlarged: 138.
num_purges: 0.
num_inconsistent_stats: 0.

CodeHeap 'non-profiled nmethods': size=120000Kb used=388Kb max_used=388Kb free=119611Kb
 bounds [0x0000024f64680000, 0x0000024f648f0000, 0x0000024f6bbb0000]
CodeHeap 'profiled nmethods': size=120000Kb used=1810Kb max_used=1810Kb free=118190Kb
 bounds [0x0000024f5cbb0000, 0x0000024f5ce20000, 0x0000024f640e0000]
CodeHeap 'non-nmethods': size=5760Kb used=1144Kb max_used=1157Kb free=4615Kb
 bounds [0x0000024f640e0000, 0x0000024f64350000, 0x0000024f64680000]
 total_blobs=1439 nmethods=1005 adapters=347
 compilation: enabled
              stopped_count=0, restarted_count=0
 full_count=0

Compilation events (20 events):
Event: 1.355 Thread 0x0000024f74030760  975       3       jdk.internal.org.objectweb.asm.Frame::merge (317 bytes)
Event: 1.355 Thread 0x0000024f74030760 nmethod 975 0x0000024f5cd61010 code [0x0000024f5cd61240, 0x0000024f5cd61bc8]
Event: 1.355 Thread 0x0000024f74030760  973       3       jdk.internal.org.objectweb.asm.Label::getCanonicalInstance (19 bytes)
Event: 1.355 Thread 0x0000024f74030760 nmethod 973 0x0000024f5cd61e10 code [0x0000024f5cd61fa0, 0x0000024f5cd62118]
Event: 1.355 Thread 0x0000024f74030760  974       3       jdk.internal.org.objectweb.asm.MethodWriter::visitAbstractType (8 bytes)
Event: 1.355 Thread 0x0000024f74030760 nmethod 974 0x0000024f5cd62210 code [0x0000024f5cd623a0, 0x0000024f5cd624d8]
Event: 1.355 Thread 0x0000024f74030760  976       3       jdk.internal.org.objectweb.asm.ByteVector::<init> (13 bytes)
Event: 1.356 Thread 0x0000024f74030760 nmethod 976 0x0000024f5cd62590 code [0x0000024f5cd62740, 0x0000024f5cd62998]
Event: 1.356 Thread 0x0000024f74030760  977       3       jdk.internal.org.objectweb.asm.ByteVector::putByteArray (49 bytes)
Event: 1.356 Thread 0x0000024f74030760 nmethod 977 0x0000024f5cd62a90 code [0x0000024f5cd62c40, 0x0000024f5cd62f18]
Event: 1.356 Thread 0x0000024f74030760  980       3       jdk.internal.org.objectweb.asm.MethodWriter::visitMethodInsn (191 bytes)
Event: 1.357 Thread 0x0000024f74030760 nmethod 980 0x0000024f5cd63010 code [0x0000024f5cd63240, 0x0000024f5cd639c8]
Event: 1.357 Thread 0x0000024f74030760  979       3       jdk.internal.org.objectweb.asm.Frame::pop (53 bytes)
Event: 1.357 Thread 0x0000024f74030760 nmethod 979 0x0000024f5cd63d10 code [0x0000024f5cd63f60, 0x0000024f5cd646d8]
Event: 1.357 Thread 0x0000024f74030760  981       3       jdk.internal.org.objectweb.asm.SymbolTable::addConstantMethodref (24 bytes)
Event: 1.357 Thread 0x0000024f74030760 nmethod 981 0x0000024f5cd64a10 code [0x0000024f5cd64bc0, 0x0000024f5cd64d68]
Event: 1.357 Thread 0x0000024f74030760  982       3       jdk.internal.org.objectweb.asm.Handler::getExceptionTableSize (10 bytes)
Event: 1.357 Thread 0x0000024f74030760 nmethod 982 0x0000024f5cd64e10 code [0x0000024f5cd64fc0, 0x0000024f5cd651b8]
Event: 1.357 Thread 0x0000024f74030760  978       3       jdk.internal.org.objectweb.asm.MethodWriter::visitTypeInsn (116 bytes)
Event: 1.358 Thread 0x0000024f74030760 nmethod 978 0x0000024f5cd65310 code [0x0000024f5cd65500, 0x0000024f5cd65908]

GC Heap History (2 events):
Event: 1.180 GC heap before
{Heap before GC invocations=0 (full 0):
 garbage-first heap   total 129024K, used 28672K [0x0000000082600000, 0x0000000100000000)
  region size 1024K, 23 young (23552K), 0 survivors (0K)
 Metaspace       used 11283K, committed 11456K, reserved 1064960K
  class space    used 1196K, committed 1280K, reserved 1048576K
}
Event: 1.191 GC heap after
{Heap after GC invocations=1 (full 0):
 garbage-first heap   total 129024K, used 9646K [0x0000000082600000, 0x0000000100000000)
  region size 1024K, 3 young (3072K), 3 survivors (3072K)
 Metaspace       used 11283K, committed 11456K, reserved 1064960K
  class space    used 1196K, committed 1280K, reserved 1048576K
}

Dll operation events (2 events):
Event: 0.004 Loaded shared library C:\Program Files\Android\Android Studio\jbr\bin\java.dll
Event: 0.138 Loaded shared library C:\Program Files\Android\Android Studio\jbr\bin\verify.dll

Deoptimization events (20 events):
Event: 1.301 Thread 0x0000024f596dc630 DEOPT PACKING pc=0x0000024f646db1c4 sp=0x000000ef037fae80
Event: 1.301 Thread 0x0000024f596dc630 DEOPT UNPACKING pc=0x0000024f641369a3 sp=0x000000ef037fae08 mode 2
Event: 1.301 Thread 0x0000024f596dc630 Uncommon trap: trap_request=0xffffffde fr.pc=0x0000024f646db1c4 relative=0x0000000000000124
Event: 1.301 Thread 0x0000024f596dc630 Uncommon trap: reason=class_check action=maybe_recompile pc=0x0000024f646db1c4 method=jdk.internal.misc.Unsafe.allocateUninitializedArray(Ljava/lang/Class;I)Ljava/lang/Object; @ 51 c2
Event: 1.301 Thread 0x0000024f596dc630 DEOPT PACKING pc=0x0000024f646db1c4 sp=0x000000ef037faf20
Event: 1.301 Thread 0x0000024f596dc630 DEOPT UNPACKING pc=0x0000024f641369a3 sp=0x000000ef037faea8 mode 2
Event: 1.301 Thread 0x0000024f596dc630 Uncommon trap: trap_request=0xffffffde fr.pc=0x0000024f646db1c4 relative=0x0000000000000124
Event: 1.301 Thread 0x0000024f596dc630 Uncommon trap: reason=class_check action=maybe_recompile pc=0x0000024f646db1c4 method=jdk.internal.misc.Unsafe.allocateUninitializedArray(Ljava/lang/Class;I)Ljava/lang/Object; @ 51 c2
Event: 1.301 Thread 0x0000024f596dc630 DEOPT PACKING pc=0x0000024f646db1c4 sp=0x000000ef037f96b0
Event: 1.302 Thread 0x0000024f596dc630 DEOPT UNPACKING pc=0x0000024f641369a3 sp=0x000000ef037f9638 mode 2
Event: 1.302 Thread 0x0000024f596dc630 Uncommon trap: trap_request=0xffffffde fr.pc=0x0000024f646db1c4 relative=0x0000000000000124
Event: 1.302 Thread 0x0000024f596dc630 Uncommon trap: reason=class_check action=maybe_recompile pc=0x0000024f646db1c4 method=jdk.internal.misc.Unsafe.allocateUninitializedArray(Ljava/lang/Class;I)Ljava/lang/Object; @ 51 c2
Event: 1.302 Thread 0x0000024f596dc630 DEOPT PACKING pc=0x0000024f646db1c4 sp=0x000000ef037f9750
Event: 1.302 Thread 0x0000024f596dc630 DEOPT UNPACKING pc=0x0000024f641369a3 sp=0x000000ef037f96d8 mode 2
Event: 1.320 Thread 0x0000024f596dc630 Uncommon trap: trap_request=0xffffff45 fr.pc=0x0000024f646bce80 relative=0x0000000000001060
Event: 1.320 Thread 0x0000024f596dc630 Uncommon trap: reason=unstable_if action=reinterpret pc=0x0000024f646bce80 method=java.util.HashMap.putVal(ILjava/lang/Object;Ljava/lang/Object;ZZ)Ljava/lang/Object; @ 236 c2
Event: 1.320 Thread 0x0000024f596dc630 DEOPT PACKING pc=0x0000024f646bce80 sp=0x000000ef037fbdf0
Event: 1.320 Thread 0x0000024f596dc630 DEOPT UNPACKING pc=0x0000024f641369a3 sp=0x000000ef037fbdc8 mode 2
Event: 1.330 Thread 0x0000024f596dc630 DEOPT PACKING pc=0x0000024f5cc45ce5 sp=0x000000ef037fb550
Event: 1.330 Thread 0x0000024f596dc630 DEOPT UNPACKING pc=0x0000024f64137143 sp=0x000000ef037fa9a0 mode 0

Classes unloaded (0 events):
No events

Classes redefined (0 events):
No events

Internal exceptions (15 events):
Event: 0.336 Thread 0x0000024f596dc630 Exception <a 'java/lang/NoSuchMethodError'{0x000000008a02a4c8}: 'int java.lang.invoke.DirectMethodHandle$Holder.invokeStaticInit(java.lang.Object, java.lang.Object)'> (0x000000008a02a4c8) 
thrown [s\src\hotspot\share\interpreter\linkResolver.cpp, line 771]
Event: 1.051 Thread 0x0000024f596dc630 Exception <a 'java/lang/NoSuchMethodError'{0x0000000088fa5e58}: 'void java.lang.invoke.DirectMethodHandle$Holder.invokeStatic(java.lang.Object, java.lang.Object)'> (0x0000000088fa5e58) 
thrown [s\src\hotspot\share\interpreter\linkResolver.cpp, line 771]
Event: 1.072 Thread 0x0000024f596dc630 Exception <a 'java/lang/NoClassDefFoundError'{0x0000000088e2c898}: org/slf4j/impl/StaticMarkerBinder> (0x0000000088e2c898) 
thrown [s\src\hotspot\share\classfile\systemDictionary.cpp, line 245]
Event: 1.087 Thread 0x0000024f596dc630 Exception <a 'java/lang/NoSuchMethodError'{0x0000000088ec7e78}: 'java.lang.Object java.lang.invoke.DirectMethodHandle$Holder.invokeVirtual(java.lang.Object, java.lang.Object, java.lang.Object, java.lang.Object, java.lang.Object, java.lang.Object, java.lang.Object)'> (0x0000000088ec7e78) 
thrown [s\src\hotspot\share\interpreter\linkResolver.cpp, line 771]
Event: 1.088 Thread 0x0000024f596dc630 Exception <a 'java/lang/NoSuchMethodError'{0x0000000088ed9438}: 'java.lang.Object java.lang.invoke.Invokers$Holder.invoker(java.lang.Object, java.lang.Object, java.lang.Object)'> (0x0000000088ed9438) 
thrown [s\src\hotspot\share\interpreter\linkResolver.cpp, line 771]
Event: 1.090 Thread 0x0000024f596dc630 Exception <a 'java/lang/NoSuchMethodError'{0x0000000088ee24e0}: 'java.lang.Object java.lang.invoke.DirectMethodHandle$Holder.invokeStatic(java.lang.Object, java.lang.Object, int)'> (0x0000000088ee24e0) 
thrown [s\src\hotspot\share\interpreter\linkResolver.cpp, line 771]
Event: 1.091 Thread 0x0000024f596dc630 Exception <a 'java/lang/NoSuchMethodError'{0x0000000088eee440}: 'void java.lang.invoke.DelegatingMethodHandle$Holder.delegate(java.lang.Object, java.lang.Object, int, java.lang.Object)'> (0x0000000088eee440) 
thrown [s\src\hotspot\share\interpreter\linkResolver.cpp, line 771]
Event: 1.091 Thread 0x0000024f596dc630 Exception <a 'java/lang/NoSuchMethodError'{0x0000000088ef2588}: 'int java.lang.invoke.DirectMethodHandle$Holder.invokeSpecial(java.lang.Object, java.lang.Object, java.lang.Object)'> (0x0000000088ef2588) 
thrown [s\src\hotspot\share\interpreter\linkResolver.cpp, line 771]
Event: 1.095 Thread 0x0000024f596dc630 Exception <a 'java/lang/NoSuchMethodError'{0x0000000088d05c48}: 'java.lang.Object java.lang.invoke.Invokers$Holder.invokeExact_MT(java.lang.Object, java.lang.Object, java.lang.Object, java.lang.Object)'> (0x0000000088d05c48) 
thrown [s\src\hotspot\share\interpreter\linkResolver.cpp, line 771]
Event: 1.266 Thread 0x0000024f596dc630 Exception <a 'java/lang/NoSuchMethodError'{0x000000008a063418}: 'java.lang.Object java.lang.invoke.DirectMethodHandle$Holder.invokeInterface(java.lang.Object, java.lang.Object, java.lang.Object)'> (0x000000008a063418) 
thrown [s\src\hotspot\share\interpreter\linkResolver.cpp, line 771]
Event: 1.270 Thread 0x0000024f596dc630 Exception <a 'java/lang/NoSuchMethodError'{0x000000008a084fe8}: 'void java.lang.invoke.DirectMethodHandle$Holder.invokeSpecial(java.lang.Object, java.lang.Object, java.lang.Object)'> (0x000000008a084fe8) 
thrown [s\src\hotspot\share\interpreter\linkResolver.cpp, line 771]
Event: 1.282 Thread 0x0000024f596dc630 Implicit null exception at 0x0000024f646d1d13 to 0x0000024f646d216c
Event: 1.282 Thread 0x0000024f596dc630 Implicit null exception at 0x0000024f646be091 to 0x0000024f646be4c8
Event: 1.282 Thread 0x0000024f596dc630 Implicit null exception at 0x0000024f646b538f to 0x0000024f646b5409
Event: 1.303 Thread 0x0000024f596dc630 Exception <a 'java/lang/NoSuchMethodError'{0x0000000089e21e18}: 'java.lang.Object java.lang.invoke.DirectMethodHandle$Holder.invokeStaticInit(java.lang.Object)'> (0x0000000089e21e18) 
thrown [s\src\hotspot\share\interpreter\linkResolver.cpp, line 771]

VM Operations (10 events):
Event: 0.125 Executing VM operation: HandshakeAllThreads
Event: 0.126 Executing VM operation: HandshakeAllThreads done
Event: 1.089 Executing VM operation: HandshakeAllThreads
Event: 1.089 Executing VM operation: HandshakeAllThreads done
Event: 1.089 Executing VM operation: Cleanup
Event: 1.090 Executing VM operation: Cleanup done
Event: 1.177 Executing VM operation: G1CollectForAllocation
Event: 1.191 Executing VM operation: G1CollectForAllocation done
Event: 1.363 Executing VM operation: HandshakeAllThreads
Event: 1.363 Executing VM operation: HandshakeAllThreads done

Events (20 events):
Event: 1.353 loading class java/lang/annotation/Inherited done
Event: 1.353 loading class java/lang/annotation/RetentionPolicy
Event: 1.353 loading class java/lang/annotation/RetentionPolicy done
Event: 1.353 loading class sun/reflect/annotation/AnnotationTypeMismatchExceptionProxy
Event: 1.353 loading class sun/reflect/annotation/ExceptionProxy
Event: 1.353 loading class sun/reflect/annotation/ExceptionProxy done
Event: 1.353 loading class sun/reflect/annotation/AnnotationTypeMismatchExceptionProxy done
Event: 1.353 loading class sun/reflect/annotation/AnnotationParser$1
Event: 1.353 loading class sun/reflect/annotation/AnnotationParser$1 done
Event: 1.353 loading class sun/reflect/annotation/AnnotationInvocationHandler
Event: 1.354 loading class sun/reflect/annotation/AnnotationInvocationHandler done
Event: 1.355 loading class java/lang/annotation/Target
Event: 1.355 loading class java/lang/annotation/Target done
Event: 1.362 loading class java/util/concurrent/ConcurrentSkipListMap
Event: 1.362 loading class java/util/concurrent/ConcurrentNavigableMap
Event: 1.363 loading class java/util/concurrent/ConcurrentNavigableMap done
Event: 1.363 loading class java/util/concurrent/ConcurrentSkipListMap done
Event: 1.363 loading class java/util/concurrent/ConcurrentSkipListMap$Index
Event: 1.363 loading class java/util/concurrent/ConcurrentSkipListMap$Index done
Event: 1.364 loading class java/util/concurrent/atomic/LongAdder


Dynamic libraries:
0x00007ff64d1a0000 - 0x00007ff64d1aa000 	C:\Program Files\Android\Android Studio\jbr\bin\java.exe
0x00007ffbd1f70000 - 0x00007ffbd2168000 	C:\Windows\SYSTEM32\ntdll.dll
0x00007ffbd0a60000 - 0x00007ffbd0b1d000 	C:\Windows\System32\KERNEL32.DLL
0x00007ffbcf9a0000 - 0x00007ffbcfc96000 	C:\Windows\System32\KERNELBASE.dll
0x00007ffbcf6e0000 - 0x00007ffbcf7e0000 	C:\Windows\System32\ucrtbase.dll
0x00007ffbb2030000 - 0x00007ffbb2047000 	C:\Program Files\Android\Android Studio\jbr\bin\jli.dll
0x00007ffbb2060000 - 0x00007ffbb207b000 	C:\Program Files\Android\Android Studio\jbr\bin\VCRUNTIME140.dll
0x00007ffbd1300000 - 0x00007ffbd149e000 	C:\Windows\System32\USER32.dll
0x00007ffbcfca0000 - 0x00007ffbcfcc2000 	C:\Windows\System32\win32u.dll
0x00007ffbb6950000 - 0x00007ffbb6bea000 	C:\Windows\WinSxS\amd64_microsoft.windows.common-controls_6595b64144ccf1df_6.0.19041.1110_none_60b5254171f9507e\COMCTL32.dll
0x00007ffbd0990000 - 0x00007ffbd09bc000 	C:\Windows\System32\GDI32.dll
0x00007ffbd09c0000 - 0x00007ffbd0a5e000 	C:\Windows\System32\msvcrt.dll
0x00007ffbcfe30000 - 0x00007ffbcff4a000 	C:\Windows\System32\gdi32full.dll
0x00007ffbcf890000 - 0x00007ffbcf92d000 	C:\Windows\System32\msvcp_win.dll
0x00007ffbd1ba0000 - 0x00007ffbd1bd0000 	C:\Windows\System32\IMM32.DLL
0x00007ffbb25d0000 - 0x00007ffbb25dc000 	C:\Program Files\Android\Android Studio\jbr\bin\vcruntime140_1.dll
0x00007ffba4da0000 - 0x00007ffba4e2d000 	C:\Program Files\Android\Android Studio\jbr\bin\msvcp140.dll
0x00007ffb63ff0000 - 0x00007ffb64c5e000 	C:\Program Files\Android\Android Studio\jbr\bin\server\jvm.dll
0x00007ffbd0090000 - 0x00007ffbd013e000 	C:\Windows\System32\ADVAPI32.dll
0x00007ffbcffe0000 - 0x00007ffbd007c000 	C:\Windows\System32\sechost.dll
0x00007ffbd19f0000 - 0x00007ffbd1b16000 	C:\Windows\System32\RPCRT4.dll
0x00007ffbc8030000 - 0x00007ffbc803a000 	C:\Windows\SYSTEM32\VERSION.dll
0x00007ffbb88d0000 - 0x00007ffbb88f7000 	C:\Windows\SYSTEM32\WINMM.dll
0x00007ffbb9e30000 - 0x00007ffbb9e39000 	C:\Windows\SYSTEM32\WSOCK32.dll
0x00007ffbd1b30000 - 0x00007ffbd1b9b000 	C:\Windows\System32\WS2_32.dll
0x00007ffbcd4e0000 - 0x00007ffbcd4f2000 	C:\Windows\SYSTEM32\kernel.appcore.dll
0x00007ffbb23a0000 - 0x00007ffbb23aa000 	C:\Program Files\Android\Android Studio\jbr\bin\jimage.dll
0x00007ffbc6d20000 - 0x00007ffbc6f04000 	C:\Windows\SYSTEM32\DBGHELP.DLL
0x00007ffbc70b0000 - 0x00007ffbc70e4000 	C:\Windows\SYSTEM32\dbgcore.DLL
0x00007ffbcf650000 - 0x00007ffbcf6d2000 	C:\Windows\System32\bcryptPrimitives.dll
0x00007ffbb0fd0000 - 0x00007ffbb0ff5000 	C:\Program Files\Android\Android Studio\jbr\bin\java.dll
0x00007ffbb2010000 - 0x00007ffbb2028000 	C:\Program Files\Android\Android Studio\jbr\bin\zip.dll
0x00007ffbd0bb0000 - 0x00007ffbd12f5000 	C:\Windows\System32\SHELL32.dll
0x00007ffbcd6e0000 - 0x00007ffbcde7b000 	C:\Windows\SYSTEM32\windows.storage.dll
0x00007ffbd1bd0000 - 0x00007ffbd1f24000 	C:\Windows\System32\combase.dll
0x00007ffbcf090000 - 0x00007ffbcf0be000 	C:\Windows\SYSTEM32\Wldp.dll
0x00007ffbd06d0000 - 0x00007ffbd077d000 	C:\Windows\System32\SHCORE.dll
0x00007ffbd16e0000 - 0x00007ffbd1735000 	C:\Windows\System32\shlwapi.dll
0x00007ffbcf580000 - 0x00007ffbcf5a5000 	C:\Windows\SYSTEM32\profapi.dll
0x00007ffbb0f70000 - 0x00007ffbb0f89000 	C:\Program Files\Android\Android Studio\jbr\bin\net.dll
0x00007ffbc6bc0000 - 0x00007ffbc6cca000 	C:\Windows\SYSTEM32\WINHTTP.dll
0x00007ffbcedf0000 - 0x00007ffbcee5a000 	C:\Windows\system32\mswsock.dll
0x00007ffbb0f50000 - 0x00007ffbb0f66000 	C:\Program Files\Android\Android Studio\jbr\bin\nio.dll
0x00007ffbb21a0000 - 0x00007ffbb21b0000 	C:\Program Files\Android\Android Studio\jbr\bin\verify.dll
0x00007ffbb0ed0000 - 0x00007ffbb0ef7000 	C:\Users\yhord\.gradle\native\e1d6ef7f7dcc3fd88c89a11ec53ec762bb8ba0a96d01ffa2cd45eb1d1d8dd5c5\windows-amd64\native-platform.dll
0x00007ffbb1ee0000 - 0x00007ffbb1ee9000 	C:\Program Files\Android\Android Studio\jbr\bin\management.dll
0x00007ffbb18d0000 - 0x00007ffbb18db000 	C:\Program Files\Android\Android Studio\jbr\bin\management_ext.dll
0x00007ffbd0080000 - 0x00007ffbd0088000 	C:\Windows\System32\PSAPI.DLL

dbghelp: loaded successfully - version: 4.0.5 - missing functions: none
symbol engine: initialized successfully - sym options: 0x614 - pdb path: .;C:\Program Files\Android\Android Studio\jbr\bin;C:\Windows\SYSTEM32;C:\Windows\WinSxS\amd64_microsoft.windows.common-controls_6595b64144ccf1df_6.0.19041.1110_none_60b5254171f9507e;C:\Program Files\Android\Android Studio\jbr\bin\server;C:\Users\yhord\.gradle\native\e1d6ef7f7dcc3fd88c89a11ec53ec762bb8ba0a96d01ffa2cd45eb1d1d8dd5c5\windows-amd64

VM Arguments:
jvm_args: -Dorg.gradle.appname=gradlew 
java_command: org.gradle.wrapper.GradleWrapperMain -q -Ptarget-platform=android-x86 -Ptarget=C:\Users\yhord\OneDrive\Escritorio\Proyectos Flutter\App_Leon_XIII\lib\main.dart -Pbase-application-name=android.app.Application -Pdart-defines=RkxVVFRFUl9XRUJfQVVUT19ERVRFQ1Q9dHJ1ZQ==,RkxVVFRFUl9XRUJfQ0FOVkFTS0lUX1VSTD1odHRwczovL3d3dy5nc3RhdGljLmNvbS9mbHV0dGVyLWNhbnZhc2tpdC9iMjAxODNlMDQwOTYwOTRiY2MzN2Q5Y2RlMmE0Yjk2ZjVjYzY4NGNmLw== -Pdart-obfuscation=false -Ptrack-widget-creation=true -Ptree-shake-icons=false -Pfilesystem-scheme=org-dartlang-root assembleDebug
java_class_path (initial): C:\Users\yhord\OneDrive\Escritorio\Proyectos Flutter\App_Leon_XIII\android\\gradle\wrapper\gradle-wrapper.jar
Launcher Type: SUN_STANDARD

[Global flags]
     intx CICompilerCount                          = 4                                         {product} {ergonomic}
     uint ConcGCThreads                            = 2                                         {product} {ergonomic}
     uint G1ConcRefinementThreads                  = 8                                         {product} {ergonomic}
   size_t G1HeapRegionSize                         = 1048576                                   {product} {ergonomic}
    uintx GCDrainStackTargetSize                   = 64                                        {product} {ergonomic}
   size_t InitialHeapSize                          = 132120576                                 {product} {ergonomic}
   size_t MarkStackSize                            = 4194304                                   {product} {ergonomic}
   size_t MaxHeapSize                              = 2107637760                                {product} {ergonomic}
   size_t MaxNewSize                               = 1264582656                                {product} {ergonomic}
   size_t MinHeapDeltaBytes                        = 1048576                                   {product} {ergonomic}
   size_t MinHeapSize                              = 8388608                                   {product} {ergonomic}
    uintx NonNMethodCodeHeapSize                   = 5839372                                {pd product} {ergonomic}
    uintx NonProfiledCodeHeapSize                  = 122909434                              {pd product} {ergonomic}
    uintx ProfiledCodeHeapSize                     = 122909434                              {pd product} {ergonomic}
    uintx ReservedCodeCacheSize                    = 251658240                              {pd product} {ergonomic}
     bool SegmentedCodeCache                       = true                                      {product} {ergonomic}
   size_t SoftMaxHeapSize                          = 2107637760                             {manageable} {ergonomic}
     bool UseCompressedClassPointers               = true                           {product lp64_product} {ergonomic}
     bool UseCompressedOops                        = true                           {product lp64_product} {ergonomic}
     bool UseG1GC                                  = true                                      {product} {ergonomic}
     bool UseLargePagesIndividualAllocation        = false                                  {pd product} {ergonomic}

Logging:
Log output configuration:
 #0: stdout all=warning uptime,level,tags
 #1: stderr all=off uptime,level,tags

Environment Variables:
JAVA_HOME=C:\Program Files\Android\Android Studio\jbr
CLASSPATH=C:\Users\yhord\OneDrive\Escritorio\Proyectos Flutter\App_Leon_XIII\android\\gradle\wrapper\gradle-wrapper.jar
PATH=C:\Program Files\Android\Android Studio\jbr\bin;C:\Program Files\Microsoft\jdk-11.0.16.101-hotspot\bin;C:\Windows\system32;C:\Windows;C:\Windows\System32\Wbem;C:\Windows\System32\WindowsPowerShell\v1.0\;C:\Windows\System32\OpenSSH\;C:\Program Files (x86)\NVIDIA Corporation\PhysX\Common;C:\Program Files\NVIDIA Corporation\NVIDIA NvDLISR;C:\Program Files\Microsoft SQL Server\150\Tools\Binn\;C:\Program Files\Microsoft SQL Server\Client SDK\ODBC\170\Tools\Binn\;C:\Program Files\dotnet\;C:\Program Files (x86)\Windows Kits\10\Windows Performance Toolkit\;C:\Users\yhord\AppData\Local\Microsoft\WindowsApps;C:\Users\yhord\OneDrive\Escritorio\DOCUMENTOS MDY\flutter\bin;C:\Users\yhord\.dotnet\tools;C:\Users\yhord\AppData\Local\Programs\Microsoft VS Code\bin;C:\Program Files\JetBrains\IntelliJ IDEA 2023.2.1\bin;;C:\Users\yhord\OneDrive\Escritorio\DOCUMENTOS MDY\flutter\bin\mingit\cmd
USERNAME=yhord
OS=Windows_NT
PROCESSOR_IDENTIFIER=Intel64 Family 6 Model 158 Stepping 10, GenuineIntel
TMP=C:\Users\yhord\AppData\Local\Temp
TEMP=C:\Users\yhord\AppData\Local\Temp


JNI global refs:
JNI global refs: 8, weak refs: 0

JNI global refs memory usage: 843, weak refs: 841


---------------  S Y S T E M  ---------------

OS:
 Windows 10 , 64 bit Build 19041 (10.0.19041.3393)
OS uptime: 0 days 2:48 hours

CPU: total 8 (initial active 8) (4 cores per cpu, 2 threads per core) family 6 model 158 stepping 10 microcode 0xb4, cx8, cmov, fxsr, ht, mmx, 3dnowpref, sse, sse2, sse3, ssse3, sse4.1, sse4.2, popcnt, lzcnt, tsc, tscinvbit, avx, avx2, aes, erms, clmul, bmi1, bmi2, adx, fma, vzeroupper, clflush, clflushopt

Memory: 4k page, system-wide physical 8034M (193M free)
TotalPageFile size 16068M (AvailPageFile size 0M)
current process WorkingSet (physical memory assigned to process): 91M, peak: 91M
current process commit charge ("private bytes"): 226M, peak: 226M

vm_info: OpenJDK 64-Bit Server VM (17.0.6+0-b2043.56-10027231) for windows-amd64 JRE (17.0.6+0-b2043.56-10027231), built on Apr 28 2023 00:43:19 by "androidbuild" with MS VC++ 16.10 / 16.11 (VS2019)

END.
