#
# There is insufficient memory for the Java Runtime Environment to continue.
# Native memory allocation (malloc) failed to allocate 32744 bytes for ChunkPool::allocate
# Possible reasons:
#   The system is out of physical RAM or swap space
#   The process is running with CompressedOops enabled, and the Java Heap may be blocking the growth of the native heap
# Possible solutions:
#   Reduce memory load on the system
#   Increase physical memory or swap space
#   Check if swap backing store is full
#   Decrease Java heap size (-Xmx/-Xms)
#   Decrease number of Java threads
#   Decrease Java thread stack sizes (-Xss)
#   Set larger code cache with -XX:ReservedCodeCacheSize=
#   JVM is running with Unscaled Compressed Oops mode in which the Java heap is
#     placed in the first 4GB address space. The Java Heap base address is the
#     maximum limit for the native heap growth. Please use -XX:HeapBaseMinAddress
#     to set the Java Heap base and to place the Java Heap above 4GB virtual address.
# This output file may be truncated or incomplete.
#
#  Out of Memory Error (arena.cpp:78), pid=14808, tid=7300
#
# JRE version: OpenJDK Runtime Environment (17.0.6) (build 17.0.6+0-b2043.56-10027231)
# Java VM: OpenJDK 64-Bit Server VM (17.0.6+0-b2043.56-10027231, mixed mode, tiered, compressed oops, compressed class ptrs, g1 gc, windows-amd64)
# No core dump will be written. Minidumps are not enabled by default on client versions of Windows
#

---------------  S U M M A R Y ------------

Command Line: --add-opens=java.base/java.util=ALL-UNNAMED --add-opens=java.base/java.lang=ALL-UNNAMED --add-opens=java.base/java.lang.invoke=ALL-UNNAMED --add-opens=java.base/java.util=ALL-UNNAMED --add-opens=java.prefs/java.util.prefs=ALL-UNNAMED --add-opens=java.prefs/java.util.prefs=ALL-UNNAMED --add-opens=java.base/java.nio.charset=ALL-UNNAMED --add-opens=java.base/java.net=ALL-UNNAMED --add-opens=java.base/java.util.concurrent.atomic=ALL-UNNAMED -Xmx1536M -Dfile.encoding=windows-1252 -Duser.country=PE -Duser.language=es -Duser.variant org.gradle.launcher.daemon.bootstrap.GradleDaemon 7.5

Host: Intel(R) Core(TM) i5-8300H CPU @ 2.30GHz, 8 cores, 7G,  Windows 10 , 64 bit Build 19041 (10.0.19041.3393)
Time: Sat Sep  9 11:07:39 2023 Hora est. Pacífico, Sudamérica elapsed time: 50.069205 seconds (0d 0h 0m 50s)

---------------  T H R E A D  ---------------

Current thread (0x0000019e48d23700):  JavaThread "C2 CompilerThread0" daemon [_thread_in_native, id=7300, stack(0x0000003bd8300000,0x0000003bd8400000)]


Current CompileTask:
C2:  50069 10197       4       org.gradle.internal.logging.text.AbstractLineChoppingStyledTextOutput::doAppend (43 bytes)

Stack: [0x0000003bd8300000,0x0000003bd8400000]
Native frames: (J=compiled Java code, j=interpreted, Vv=VM code, C=native code)
V  [jvm.dll+0x683c9a]
V  [jvm.dll+0x8427a4]
V  [jvm.dll+0x843f9e]
V  [jvm.dll+0x844603]
V  [jvm.dll+0x249b75]
V  [jvm.dll+0xabecc]
V  [jvm.dll+0xac27c]
V  [jvm.dll+0x688a67]
V  [jvm.dll+0x689469]
V  [jvm.dll+0x68abf4]
V  [jvm.dll+0x6891dd]
V  [jvm.dll+0x21c5cf]
V  [jvm.dll+0x21b621]
V  [jvm.dll+0x1a4fdd]
V  [jvm.dll+0x22b098]
V  [jvm.dll+0x229159]
V  [jvm.dll+0x7f81ec]
V  [jvm.dll+0x7f274a]
V  [jvm.dll+0x682ad5]
C  [ucrtbase.dll+0x21bb2]
C  [KERNEL32.DLL+0x17344]
C  [ntdll.dll+0x526b1]


---------------  P R O C E S S  ---------------

Threads class SMR info:
_java_thread_list=0x0000019e52d28480, length=139, elements={
0x0000019e2e0aaeb0, 0x0000019e48d13620, 0x0000019e48d14230, 0x0000019e48d20f20,
0x0000019e48d22560, 0x0000019e48d22a30, 0x0000019e48d22f00, 0x0000019e48d23700,
0x0000019e4983f510, 0x0000019e49847e30, 0x0000019e49991d70, 0x0000019e49992c60,
0x0000019e4af1d780, 0x0000019e4afef280, 0x0000019e4a7e9480, 0x0000019e4ab58b70,
0x0000019e4c346580, 0x0000019e49c60d90, 0x0000019e4aba2860, 0x0000019e4c195840,
0x0000019e4c1949d0, 0x0000019e4c194030, 0x0000019e4c194ea0, 0x0000019e4c194500,
0x0000019e4c195370, 0x0000019e4c66a6e0, 0x0000019e4c66ef10, 0x0000019e4c66d230,
0x0000019e4c66c3c0, 0x0000019e4c66c890, 0x0000019e4c66f3e0, 0x0000019e4c668060,
0x0000019e4c669870, 0x0000019e4c66cd60, 0x0000019e4c66abb0, 0x0000019e4c66d700,
0x0000019e4c66dbd0, 0x0000019e4c66e0a0, 0x0000019e4c668530, 0x0000019e4c66a210,
0x0000019e4c668a00, 0x0000019e4c668ed0, 0x0000019e4c66b080, 0x0000019e4c6693a0,
0x0000019e4c66ba20, 0x0000019e4c66ea40, 0x0000019e4bc54bc0, 0x0000019e4bc58f20,
0x0000019e4bc55090, 0x0000019e4bc55560, 0x0000019e4bc56d70, 0x0000019e4bc533b0,
0x0000019e4bc52a10, 0x0000019e4bc57240, 0x0000019e4bc593f0, 0x0000019e4bc58a50,
0x0000019e4bc55a30, 0x0000019e4bc598c0, 0x0000019e4bc52540, 0x0000019e4bc55f00,
0x0000019e4bc563d0, 0x0000019e4bc52ee0, 0x0000019e4bc568a0, 0x0000019e4bc53d50,
0x0000019e4bc52070, 0x0000019e4bc57710, 0x0000019e4bc53880, 0x0000019e4bc54220,
0x0000019e4bc546f0, 0x0000019e4bc57be0, 0x0000019e4bc580b0, 0x0000019e4bc58580,
0x0000019e4e5552a0, 0x0000019e4e554dd0, 0x0000019e4e552750, 0x0000019e4e553a90,
0x0000019e4e5530f0, 0x0000019e4e551410, 0x0000019e4e5518e0, 0x0000019e4e553f60,
0x0000019e4e5505a0, 0x0000019e4e554430, 0x0000019e4e555c40, 0x0000019e4e555770,
0x0000019e4e550f40, 0x0000019e4e5535c0, 0x0000019e4e550a70, 0x0000019e4e554900,
0x0000019e4e556110, 0x0000019e4e551db0, 0x0000019e4e5500d0, 0x0000019e4e5565e0,
0x0000019e4e556ab0, 0x0000019e4e556f80, 0x0000019e4e552280, 0x0000019e4e54f730,
0x0000019e4e552c20, 0x0000019e4e54fc00, 0x0000019e4e562800, 0x0000019e4e55fcb0,
0x0000019e4e564010, 0x0000019e4e55d630, 0x0000019e4e55d160, 0x0000019e4e562330,
0x0000019e4e55db00, 0x0000019e4e55c7c0, 0x0000019e4e55e970, 0x0000019e4e563670,
0x0000019e4e561990, 0x0000019e4e55dfd0, 0x0000019e4e560650, 0x0000019e4e562cd0,
0x0000019e4e560180, 0x0000019e4e561e60, 0x0000019e4e55ee40, 0x0000019e4e560b20,
0x0000019e4e560ff0, 0x0000019e4e5631a0, 0x0000019e4e563b40, 0x0000019e4e55e4a0,
0x0000019e4e5614c0, 0x0000019e4e55cc90, 0x0000019e4e55f310, 0x0000019e4e55f7e0,
0x0000019e4c056790, 0x0000019e4c058470, 0x0000019e4c057600, 0x0000019e4c055450,
0x0000019e4c056c60, 0x0000019e4c055920, 0x0000019e4c055df0, 0x0000019e4c058940,
0x0000019e4c057ad0, 0x0000019e4c0562c0, 0x0000019e4c057130, 0x0000019e4aa6bd70,
0x0000019e4aa6a090, 0x0000019e4aa6c710, 0x0000019e4aa6b3d0
}

Java Threads: ( => current thread )
  0x0000019e2e0aaeb0 JavaThread "main" [_thread_blocked, id=13652, stack(0x0000003bd7600000,0x0000003bd7700000)]
  0x0000019e48d13620 JavaThread "Reference Handler" daemon [_thread_blocked, id=10996, stack(0x0000003bd7d00000,0x0000003bd7e00000)]
  0x0000019e48d14230 JavaThread "Finalizer" daemon [_thread_blocked, id=11172, stack(0x0000003bd7e00000,0x0000003bd7f00000)]
  0x0000019e48d20f20 JavaThread "Signal Dispatcher" daemon [_thread_blocked, id=7860, stack(0x0000003bd7f00000,0x0000003bd8000000)]
  0x0000019e48d22560 JavaThread "Attach Listener" daemon [_thread_blocked, id=13740, stack(0x0000003bd8000000,0x0000003bd8100000)]
  0x0000019e48d22a30 JavaThread "Service Thread" daemon [_thread_blocked, id=9316, stack(0x0000003bd8100000,0x0000003bd8200000)]
  0x0000019e48d22f00 JavaThread "Monitor Deflation Thread" daemon [_thread_blocked, id=12992, stack(0x0000003bd8200000,0x0000003bd8300000)]
=>0x0000019e48d23700 JavaThread "C2 CompilerThread0" daemon [_thread_in_native, id=7300, stack(0x0000003bd8300000,0x0000003bd8400000)]
  0x0000019e4983f510 JavaThread "C1 CompilerThread0" daemon [_thread_blocked, id=10424, stack(0x0000003bd8400000,0x0000003bd8500000)]
  0x0000019e49847e30 JavaThread "Sweeper thread" daemon [_thread_blocked, id=2816, stack(0x0000003bd8500000,0x0000003bd8600000)]
  0x0000019e49991d70 JavaThread "Common-Cleaner" daemon [_thread_blocked, id=15276, stack(0x0000003bd8600000,0x0000003bd8700000)]
  0x0000019e49992c60 JavaThread "Notification Thread" daemon [_thread_blocked, id=8932, stack(0x0000003bd8700000,0x0000003bd8800000)]
  0x0000019e4af1d780 JavaThread "Daemon health stats" [_thread_blocked, id=8484, stack(0x0000003bd8e00000,0x0000003bd8f00000)]
  0x0000019e4afef280 JavaThread "Incoming local TCP Connector on port 59333" [_thread_in_native, id=1564, stack(0x0000003bd8f00000,0x0000003bd9000000)]
  0x0000019e4a7e9480 JavaThread "Daemon periodic checks" [_thread_blocked, id=12344, stack(0x0000003bd9000000,0x0000003bd9100000)]
  0x0000019e4ab58b70 JavaThread "Daemon" [_thread_blocked, id=15228, stack(0x0000003bd9100000,0x0000003bd9200000)]
  0x0000019e4c346580 JavaThread "Handler for socket connection from /127.0.0.1:59333 to /127.0.0.1:59334" [_thread_in_native, id=11140, stack(0x0000003bd9200000,0x0000003bd9300000)]
  0x0000019e49c60d90 JavaThread "Cancel handler" [_thread_blocked, id=12084, stack(0x0000003bd8900000,0x0000003bd8a00000)]
  0x0000019e4aba2860 JavaThread "Daemon worker" [_thread_blocked, id=9856, stack(0x0000003bd9300000,0x0000003bd9400000)]
  0x0000019e4c195840 JavaThread "Asynchronous log dispatcher for DefaultDaemonConnection: socket connection from /127.0.0.1:59333 to /127.0.0.1:59334" [_thread_blocked, id=3024, stack(0x0000003bd9400000,0x0000003bd9500000)]
  0x0000019e4c1949d0 JavaThread "Stdin handler" [_thread_blocked, id=7948, stack(0x0000003bd9500000,0x0000003bd9600000)]
  0x0000019e4c194030 JavaThread "Daemon client event forwarder" [_thread_blocked, id=12468, stack(0x0000003bd9600000,0x0000003bd9700000)]
  0x0000019e4c194ea0 JavaThread "Cache worker for journal cache (C:\Users\yhord\.gradle\caches\journal-1)" [_thread_blocked, id=1692, stack(0x0000003bd9700000,0x0000003bd9800000)]
  0x0000019e4c194500 JavaThread "File lock request listener" [_thread_in_native, id=8760, stack(0x0000003bd9800000,0x0000003bd9900000)]
  0x0000019e4c195370 JavaThread "Cache worker for file hash cache (C:\Users\yhord\.gradle\caches\7.5\fileHashes)" [_thread_blocked, id=11216, stack(0x0000003bd9d00000,0x0000003bd9e00000)]
  0x0000019e4c66a6e0 JavaThread "File watcher server" daemon [_thread_in_native, id=2536, stack(0x0000003bd9e00000,0x0000003bd9f00000)]
  0x0000019e4c66ef10 JavaThread "File watcher consumer" daemon [_thread_blocked, id=4912, stack(0x0000003bd9f00000,0x0000003bda000000)]
  0x0000019e4c66d230 JavaThread "Cache worker for checksums cache (C:\Users\yhord\OneDrive\Escritorio\Proyectos Flutter\App_Leon_XIII\android\.gradle\7.5\checksums)" [_thread_blocked, id=8876, stack(0x0000003bda000000,0x0000003bda100000)]
  0x0000019e4c66c3c0 JavaThread "Cache worker for cache directory md-rule (C:\Users\yhord\.gradle\caches\7.5\md-rule)" [_thread_blocked, id=13512, stack(0x0000003bda100000,0x0000003bda200000)]
  0x0000019e4c66c890 JavaThread "Cache worker for file content cache (C:\Users\yhord\.gradle\caches\7.5\fileContent)" [_thread_blocked, id=13780, stack(0x0000003bda200000,0x0000003bda300000)]
  0x0000019e4c66f3e0 JavaThread "Cache worker for file hash cache (C:\Users\yhord\OneDrive\Escritorio\Proyectos Flutter\App_Leon_XIII\android\.gradle\7.5\fileHashes)" [_thread_blocked, id=5744, stack(0x0000003bda300000,0x0000003bda400000)]
  0x0000019e4c668060 JavaThread "Cache worker for cache directory md-supplier (C:\Users\yhord\.gradle\caches\7.5\md-supplier)" [_thread_blocked, id=6192, stack(0x0000003bda400000,0x0000003bda500000)]
  0x0000019e4c669870 JavaThread "Cache worker for execution history cache (C:\Users\yhord\.gradle\caches\7.5\executionHistory)" [_thread_blocked, id=13704, stack(0x0000003bda500000,0x0000003bda600000)]
  0x0000019e4c66cd60 JavaThread "jar transforms" [_thread_blocked, id=4240, stack(0x0000003bda700000,0x0000003bda800000)]
  0x0000019e4c66abb0 JavaThread "jar transforms Thread 2" [_thread_blocked, id=10656, stack(0x0000003bda800000,0x0000003bda900000)]
  0x0000019e4c66d700 JavaThread "jar transforms Thread 3" [_thread_blocked, id=12800, stack(0x0000003bda900000,0x0000003bdaa00000)]
  0x0000019e4c66dbd0 JavaThread "jar transforms Thread 4" [_thread_blocked, id=14796, stack(0x0000003bdaa00000,0x0000003bdab00000)]
  0x0000019e4c66e0a0 JavaThread "Cache worker for dependencies-accessors (C:\Users\yhord\OneDrive\Escritorio\Proyectos Flutter\App_Leon_XIII\android\.gradle\7.5\dependencies-accessors)" [_thread_blocked, id=3176, stack(0x0000003bdab00000,0x0000003bdac00000)]
  0x0000019e4c668530 JavaThread "jar transforms Thread 5" [_thread_blocked, id=8828, stack(0x0000003bdac00000,0x0000003bdad00000)]
  0x0000019e4c66a210 JavaThread "Cache worker for Build Output Cleanup Cache (C:\Users\yhord\OneDrive\Escritorio\Proyectos Flutter\App_Leon_XIII\android\.gradle\buildOutputCleanup)" [_thread_blocked, id=7476, stack(0x0000003bdad00000,0x0000003bdae00000)]
  0x0000019e4c668a00 JavaThread "Unconstrained build operations" [_thread_blocked, id=15240, stack(0x0000003bdae00000,0x0000003bdaf00000)]
  0x0000019e4c668ed0 JavaThread "Unconstrained build operations Thread 2" [_thread_blocked, id=1960, stack(0x0000003bdaf00000,0x0000003bdb000000)]
  0x0000019e4c66b080 JavaThread "Unconstrained build operations Thread 3" [_thread_blocked, id=12396, stack(0x0000003bdb000000,0x0000003bdb100000)]
  0x0000019e4c6693a0 JavaThread "Unconstrained build operations Thread 4" [_thread_blocked, id=9220, stack(0x0000003bdb100000,0x0000003bdb200000)]
  0x0000019e4c66ba20 JavaThread "Unconstrained build operations Thread 5" [_thread_blocked, id=7380, stack(0x0000003bdb200000,0x0000003bdb300000)]
  0x0000019e4c66ea40 JavaThread "Unconstrained build operations Thread 6" [_thread_blocked, id=12792, stack(0x0000003bdb300000,0x0000003bdb400000)]
  0x0000019e4bc54bc0 JavaThread "Unconstrained build operations Thread 7" [_thread_blocked, id=2420, stack(0x0000003bdb400000,0x0000003bdb500000)]
  0x0000019e4bc58f20 JavaThread "Unconstrained build operations Thread 8" [_thread_blocked, id=6368, stack(0x0000003bdb500000,0x0000003bdb600000)]
  0x0000019e4bc55090 JavaThread "Unconstrained build operations Thread 9" [_thread_blocked, id=1264, stack(0x0000003bdb600000,0x0000003bdb700000)]
  0x0000019e4bc55560 JavaThread "Unconstrained build operations Thread 10" [_thread_blocked, id=4616, stack(0x0000003bdb700000,0x0000003bdb800000)]
  0x0000019e4bc56d70 JavaThread "Unconstrained build operations Thread 11" [_thread_blocked, id=8432, stack(0x0000003bdb800000,0x0000003bdb900000)]
  0x0000019e4bc533b0 JavaThread "Unconstrained build operations Thread 12" [_thread_blocked, id=14784, stack(0x0000003bdb900000,0x0000003bdba00000)]
  0x0000019e4bc52a10 JavaThread "Unconstrained build operations Thread 13" [_thread_blocked, id=9112, stack(0x0000003bdba00000,0x0000003bdbb00000)]
  0x0000019e4bc57240 JavaThread "Unconstrained build operations Thread 14" [_thread_blocked, id=10712, stack(0x0000003bdbb00000,0x0000003bdbc00000)]
  0x0000019e4bc593f0 JavaThread "Unconstrained build operations Thread 15" [_thread_blocked, id=3188, stack(0x0000003bdbc00000,0x0000003bdbd00000)]
  0x0000019e4bc58a50 JavaThread "Unconstrained build operations Thread 16" [_thread_blocked, id=1972, stack(0x0000003bdbd00000,0x0000003bdbe00000)]
  0x0000019e4bc55a30 JavaThread "Unconstrained build operations Thread 17" [_thread_blocked, id=500, stack(0x0000003bdbe00000,0x0000003bdbf00000)]
  0x0000019e4bc598c0 JavaThread "Unconstrained build operations Thread 18" [_thread_blocked, id=9900, stack(0x0000003bdbf00000,0x0000003bdc000000)]
  0x0000019e4bc52540 JavaThread "Unconstrained build operations Thread 19" [_thread_blocked, id=13100, stack(0x0000003bdc000000,0x0000003bdc100000)]
  0x0000019e4bc55f00 JavaThread "Unconstrained build operations Thread 20" [_thread_blocked, id=9740, stack(0x0000003bdc100000,0x0000003bdc200000)]
  0x0000019e4bc563d0 JavaThread "Unconstrained build operations Thread 21" [_thread_blocked, id=7852, stack(0x0000003bdc200000,0x0000003bdc300000)]
  0x0000019e4bc52ee0 JavaThread "Unconstrained build operations Thread 22" [_thread_blocked, id=15284, stack(0x0000003bdc300000,0x0000003bdc400000)]
  0x0000019e4bc568a0 JavaThread "Unconstrained build operations Thread 23" [_thread_blocked, id=6820, stack(0x0000003bdc400000,0x0000003bdc500000)]
  0x0000019e4bc53d50 JavaThread "Unconstrained build operations Thread 24" [_thread_blocked, id=3016, stack(0x0000003bdc500000,0x0000003bdc600000)]
  0x0000019e4bc52070 JavaThread "Unconstrained build operations Thread 25" [_thread_blocked, id=4896, stack(0x0000003bdc600000,0x0000003bdc700000)]
  0x0000019e4bc57710 JavaThread "Unconstrained build operations Thread 26" [_thread_blocked, id=8136, stack(0x0000003bdc700000,0x0000003bdc800000)]
  0x0000019e4bc53880 JavaThread "Unconstrained build operations Thread 27" [_thread_blocked, id=14228, stack(0x0000003bdc800000,0x0000003bdc900000)]
  0x0000019e4bc54220 JavaThread "Unconstrained build operations Thread 28" [_thread_blocked, id=12092, stack(0x0000003bdc900000,0x0000003bdca00000)]
  0x0000019e4bc546f0 JavaThread "Unconstrained build operations Thread 29" [_thread_blocked, id=10968, stack(0x0000003bdca00000,0x0000003bdcb00000)]
  0x0000019e4bc57be0 JavaThread "Unconstrained build operations Thread 30" [_thread_blocked, id=12036, stack(0x0000003bdcb00000,0x0000003bdcc00000)]
  0x0000019e4bc580b0 JavaThread "Unconstrained build operations Thread 31" [_thread_blocked, id=8956, stack(0x0000003bdcc00000,0x0000003bdcd00000)]
  0x0000019e4bc58580 JavaThread "Unconstrained build operations Thread 32" [_thread_blocked, id=11824, stack(0x0000003bdcd00000,0x0000003bdce00000)]
  0x0000019e4e5552a0 JavaThread "Unconstrained build operations Thread 33" [_thread_blocked, id=14416, stack(0x0000003bdce00000,0x0000003bdcf00000)]
  0x0000019e4e554dd0 JavaThread "Unconstrained build operations Thread 34" [_thread_blocked, id=1220, stack(0x0000003bdcf00000,0x0000003bdd000000)]
  0x0000019e4e552750 JavaThread "Unconstrained build operations Thread 35" [_thread_blocked, id=8388, stack(0x0000003bdd000000,0x0000003bdd100000)]
  0x0000019e4e553a90 JavaThread "Unconstrained build operations Thread 36" [_thread_blocked, id=14280, stack(0x0000003bdd100000,0x0000003bdd200000)]
  0x0000019e4e5530f0 JavaThread "Unconstrained build operations Thread 37" [_thread_blocked, id=7492, stack(0x0000003bdd200000,0x0000003bdd300000)]
  0x0000019e4e551410 JavaThread "Unconstrained build operations Thread 38" [_thread_blocked, id=9664, stack(0x0000003bdd300000,0x0000003bdd400000)]
  0x0000019e4e5518e0 JavaThread "Unconstrained build operations Thread 39" [_thread_blocked, id=14688, stack(0x0000003bdd400000,0x0000003bdd500000)]
  0x0000019e4e553f60 JavaThread "Unconstrained build operations Thread 40" [_thread_blocked, id=7632, stack(0x0000003bdd500000,0x0000003bdd600000)]
  0x0000019e4e5505a0 JavaThread "Unconstrained build operations Thread 41" [_thread_blocked, id=2804, stack(0x0000003bdd600000,0x0000003bdd700000)]
  0x0000019e4e554430 JavaThread "Unconstrained build operations Thread 42" [_thread_blocked, id=11940, stack(0x0000003bdd700000,0x0000003bdd800000)]
  0x0000019e4e555c40 JavaThread "Unconstrained build operations Thread 43" [_thread_blocked, id=5192, stack(0x0000003bdd800000,0x0000003bdd900000)]
  0x0000019e4e555770 JavaThread "Unconstrained build operations Thread 44" [_thread_blocked, id=9708, stack(0x0000003bdd900000,0x0000003bdda00000)]
  0x0000019e4e550f40 JavaThread "Unconstrained build operations Thread 45" [_thread_blocked, id=3300, stack(0x0000003bdda00000,0x0000003bddb00000)]
  0x0000019e4e5535c0 JavaThread "Unconstrained build operations Thread 46" [_thread_blocked, id=8740, stack(0x0000003bddb00000,0x0000003bddc00000)]
  0x0000019e4e550a70 JavaThread "Unconstrained build operations Thread 47" [_thread_blocked, id=11756, stack(0x0000003bddc00000,0x0000003bddd00000)]
  0x0000019e4e554900 JavaThread "Unconstrained build operations Thread 48" [_thread_blocked, id=15000, stack(0x0000003bddd00000,0x0000003bdde00000)]
  0x0000019e4e556110 JavaThread "Unconstrained build operations Thread 49" [_thread_blocked, id=5268, stack(0x0000003bdde00000,0x0000003bddf00000)]
  0x0000019e4e551db0 JavaThread "Unconstrained build operations Thread 50" [_thread_blocked, id=1120, stack(0x0000003bddf00000,0x0000003bde000000)]
  0x0000019e4e5500d0 JavaThread "Unconstrained build operations Thread 51" [_thread_blocked, id=2552, stack(0x0000003bde000000,0x0000003bde100000)]
  0x0000019e4e5565e0 JavaThread "Unconstrained build operations Thread 52" [_thread_blocked, id=5224, stack(0x0000003bde100000,0x0000003bde200000)]
  0x0000019e4e556ab0 JavaThread "Unconstrained build operations Thread 53" [_thread_blocked, id=12588, stack(0x0000003bde200000,0x0000003bde300000)]
  0x0000019e4e556f80 JavaThread "Unconstrained build operations Thread 54" [_thread_blocked, id=10156, stack(0x0000003bde300000,0x0000003bde400000)]
  0x0000019e4e552280 JavaThread "Unconstrained build operations Thread 55" [_thread_blocked, id=11956, stack(0x0000003bde400000,0x0000003bde500000)]
  0x0000019e4e54f730 JavaThread "Unconstrained build operations Thread 56" [_thread_blocked, id=7956, stack(0x0000003bde500000,0x0000003bde600000)]
  0x0000019e4e552c20 JavaThread "Unconstrained build operations Thread 57" [_thread_blocked, id=1196, stack(0x0000003bde600000,0x0000003bde700000)]
  0x0000019e4e54fc00 JavaThread "Unconstrained build operations Thread 58" [_thread_blocked, id=12808, stack(0x0000003bde700000,0x0000003bde800000)]
  0x0000019e4e562800 JavaThread "Unconstrained build operations Thread 59" [_thread_blocked, id=8072, stack(0x0000003bde800000,0x0000003bde900000)]
  0x0000019e4e55fcb0 JavaThread "Unconstrained build operations Thread 60" [_thread_blocked, id=11512, stack(0x0000003bde900000,0x0000003bdea00000)]
  0x0000019e4e564010 JavaThread "Unconstrained build operations Thread 61" [_thread_blocked, id=364, stack(0x0000003bdea00000,0x0000003bdeb00000)]
  0x0000019e4e55d630 JavaThread "Unconstrained build operations Thread 62" [_thread_blocked, id=9568, stack(0x0000003bdeb00000,0x0000003bdec00000)]
  0x0000019e4e55d160 JavaThread "Unconstrained build operations Thread 63" [_thread_blocked, id=12204, stack(0x0000003bdec00000,0x0000003bded00000)]
  0x0000019e4e562330 JavaThread "Unconstrained build operations Thread 64" [_thread_blocked, id=9692, stack(0x0000003bded00000,0x0000003bdee00000)]
  0x0000019e4e55db00 JavaThread "Unconstrained build operations Thread 65" [_thread_blocked, id=4272, stack(0x0000003bdee00000,0x0000003bdef00000)]
  0x0000019e4e55c7c0 JavaThread "Unconstrained build operations Thread 66" [_thread_blocked, id=4232, stack(0x0000003bdef00000,0x0000003bdf000000)]
  0x0000019e4e55e970 JavaThread "Unconstrained build operations Thread 67" [_thread_blocked, id=13820, stack(0x0000003bdf000000,0x0000003bdf100000)]
  0x0000019e4e563670 JavaThread "Unconstrained build operations Thread 68" [_thread_blocked, id=2868, stack(0x0000003bdf100000,0x0000003bdf200000)]
  0x0000019e4e561990 JavaThread "Unconstrained build operations Thread 69" [_thread_blocked, id=8488, stack(0x0000003bdf200000,0x0000003bdf300000)]
  0x0000019e4e55dfd0 JavaThread "Unconstrained build operations Thread 70" [_thread_blocked, id=7980, stack(0x0000003bdf300000,0x0000003bdf400000)]
  0x0000019e4e560650 JavaThread "Unconstrained build operations Thread 71" [_thread_blocked, id=10920, stack(0x0000003bdf400000,0x0000003bdf500000)]
  0x0000019e4e562cd0 JavaThread "Unconstrained build operations Thread 72" [_thread_blocked, id=1524, stack(0x0000003bdf500000,0x0000003bdf600000)]
  0x0000019e4e560180 JavaThread "Unconstrained build operations Thread 73" [_thread_blocked, id=14704, stack(0x0000003bdf600000,0x0000003bdf700000)]
  0x0000019e4e561e60 JavaThread "Unconstrained build operations Thread 74" [_thread_blocked, id=9476, stack(0x0000003bdf700000,0x0000003bdf800000)]
  0x0000019e4e55ee40 JavaThread "Unconstrained build operations Thread 75" [_thread_blocked, id=9176, stack(0x0000003bdf800000,0x0000003bdf900000)]
  0x0000019e4e560b20 JavaThread "Unconstrained build operations Thread 76" [_thread_blocked, id=14664, stack(0x0000003bdf900000,0x0000003bdfa00000)]
  0x0000019e4e560ff0 JavaThread "Unconstrained build operations Thread 77" [_thread_blocked, id=10652, stack(0x0000003bdfa00000,0x0000003bdfb00000)]
  0x0000019e4e5631a0 JavaThread "Unconstrained build operations Thread 78" [_thread_blocked, id=7548, stack(0x0000003bdfb00000,0x0000003bdfc00000)]
  0x0000019e4e563b40 JavaThread "Unconstrained build operations Thread 79" [_thread_blocked, id=6248, stack(0x0000003bdfc00000,0x0000003bdfd00000)]
  0x0000019e4e55e4a0 JavaThread "Unconstrained build operations Thread 80" [_thread_blocked, id=10372, stack(0x0000003bdfd00000,0x0000003bdfe00000)]
  0x0000019e4e5614c0 JavaThread "jar transforms Thread 6" [_thread_blocked, id=10072, stack(0x0000003bdfe00000,0x0000003bdff00000)]
  0x0000019e4e55cc90 JavaThread "jar transforms Thread 7" [_thread_blocked, id=6208, stack(0x0000003bdff00000,0x0000003be0000000)]
  0x0000019e4e55f310 JavaThread "jar transforms Thread 8" [_thread_blocked, id=2120, stack(0x0000003be0000000,0x0000003be0100000)]
  0x0000019e4e55f7e0 JavaThread "Cache worker for kotlin-dsl (C:\Users\yhord\.gradle\caches\7.5\kotlin-dsl)" [_thread_blocked, id=7048, stack(0x0000003be0100000,0x0000003be0200000)]
  0x0000019e4c056790 JavaThread "Cache worker for Build Output Cleanup Cache (C:\Users\yhord\OneDrive\Escritorio\DOCUMENTOS MDY\flutter\packages\flutter_tools\gradle\.gradle\buildOutputCleanup)" [_thread_blocked, id=1660, stack(0x0000003be0200000,0x0000003be0300000)]
  0x0000019e4c058470 JavaThread "Memory manager" [_thread_blocked, id=9700, stack(0x0000003be0300000,0x0000003be0400000)]
  0x0000019e4c057600 JavaThread "included builds" [_thread_blocked, id=5220, stack(0x0000003be0400000,0x0000003be0500000)]
  0x0000019e4c055450 JavaThread "Execution worker" [_thread_blocked, id=14760, stack(0x0000003be0500000,0x0000003be0600000)]
  0x0000019e4c056c60 JavaThread "Execution worker Thread 2" [_thread_blocked, id=9472, stack(0x0000003be0600000,0x0000003be0700000)]
  0x0000019e4c055920 JavaThread "Execution worker Thread 3" [_thread_blocked, id=2592, stack(0x0000003be0700000,0x0000003be0800000)]
  0x0000019e4c055df0 JavaThread "Execution worker Thread 4" [_thread_blocked, id=4388, stack(0x0000003be0800000,0x0000003be0900000)]
  0x0000019e4c058940 JavaThread "Execution worker Thread 5" [_thread_blocked, id=1332, stack(0x0000003be0900000,0x0000003be0a00000)]
  0x0000019e4c057ad0 JavaThread "Execution worker Thread 6" [_thread_blocked, id=4596, stack(0x0000003be0a00000,0x0000003be0b00000)]
  0x0000019e4c0562c0 JavaThread "Execution worker Thread 7" [_thread_blocked, id=12684, stack(0x0000003be0b00000,0x0000003be0c00000)]
  0x0000019e4c057130 JavaThread "Cache worker for execution history cache (C:\Users\yhord\OneDrive\Escritorio\DOCUMENTOS MDY\flutter\packages\flutter_tools\gradle\.gradle\7.5\executionHistory)" [_thread_blocked, id=6148, stack(0x0000003be0c00000,0x0000003be0d00000)]
  0x0000019e4aa6bd70 JavaThread "Cache worker for execution history cache (C:\Users\yhord\OneDrive\Escritorio\Proyectos Flutter\App_Leon_XIII\android\.gradle\7.5\executionHistory)" [_thread_blocked, id=14628, stack(0x0000003be0d00000,0x0000003be0e00000)]
  0x0000019e4aa6a090 JavaThread "Exec process" [_thread_in_native, id=2300, stack(0x0000003bd7400000,0x0000003bd7500000)]
  0x0000019e4aa6c710 JavaThread "Exec process Thread 2" [_thread_in_native, id=11404, stack(0x0000003be0e00000,0x0000003be0f00000)]
  0x0000019e4aa6b3d0 JavaThread "Exec process Thread 3" [_thread_in_native, id=1296, stack(0x0000003be0f00000,0x0000003be1000000)]

Other Threads:
  0x0000019e48cef630 VMThread "VM Thread" [stack: 0x0000003bd7c00000,0x0000003bd7d00000] [id=12504]
  0x0000019e49993130 WatcherThread [stack: 0x0000003bd8800000,0x0000003bd8900000] [id=2920]
  0x0000019e301f9790 GCTaskThread "GC Thread#0" [stack: 0x0000003bd7700000,0x0000003bd7800000] [id=6692]
  0x0000019e4a8b3f80 GCTaskThread "GC Thread#1" [stack: 0x0000003bd8a00000,0x0000003bd8b00000] [id=9108]
  0x0000019e4a7429d0 GCTaskThread "GC Thread#2" [stack: 0x0000003bd8b00000,0x0000003bd8c00000] [id=7296]
  0x0000019e4a742c80 GCTaskThread "GC Thread#3" [stack: 0x0000003bd8c00000,0x0000003bd8d00000] [id=9824]
  0x0000019e49b87a30 GCTaskThread "GC Thread#4" [stack: 0x0000003bd8d00000,0x0000003bd8e00000] [id=14880]
  0x0000019e49eea0a0 GCTaskThread "GC Thread#5" [stack: 0x0000003bd9900000,0x0000003bd9a00000] [id=10196]
  0x0000019e49eea350 GCTaskThread "GC Thread#6" [stack: 0x0000003bd9a00000,0x0000003bd9b00000] [id=13784]
  0x0000019e4c106760 GCTaskThread "GC Thread#7" [stack: 0x0000003bd9b00000,0x0000003bd9c00000] [id=4016]
  0x0000019e302065e0 ConcurrentGCThread "G1 Main Marker" [stack: 0x0000003bd7800000,0x0000003bd7900000] [id=10576]
  0x0000019e302086b0 ConcurrentGCThread "G1 Conc#0" [stack: 0x0000003bd7900000,0x0000003bd7a00000] [id=6260]
  0x0000019e4bfc7e50 ConcurrentGCThread "G1 Conc#1" [stack: 0x0000003bd9c00000,0x0000003bd9d00000] [id=12872]
  0x0000019e30274ca0 ConcurrentGCThread "G1 Refine#0" [stack: 0x0000003bd7a00000,0x0000003bd7b00000] [id=14340]
  0x0000019e4c9da150 ConcurrentGCThread "G1 Refine#1" [stack: 0x0000003bda600000,0x0000003bda700000] [id=8588]
  0x0000019e48b50300 ConcurrentGCThread "G1 Service" [stack: 0x0000003bd7b00000,0x0000003bd7c00000] [id=2988]

Threads with active compile tasks:
C2 CompilerThread0    50186 10197       4       org.gradle.internal.logging.text.AbstractLineChoppingStyledTextOutput::doAppend (43 bytes)

VM state: not at safepoint (normal execution)

VM Mutex/Monitor currently owned by a thread: None

Heap address: 0x00000000a0000000, size: 1536 MB, Compressed Oops mode: 32-bit

CDS archive(s) not mapped
Compressed class space mapped at: 0x0000000100000000-0x0000000140000000, reserved size: 1073741824
Narrow klass base: 0x0000000000000000, Narrow klass shift: 3, Narrow klass range: 0x140000000

GC Precious Log:
 CPUs: 8 total, 8 available
 Memory: 8034M
 Large Page Support: Disabled
 NUMA Support: Disabled
 Compressed Oops: Enabled (32-bit)
 Heap Region Size: 1M
 Heap Min Capacity: 8M
 Heap Initial Capacity: 126M
 Heap Max Capacity: 1536M
 Pre-touch: Disabled
 Parallel Workers: 8
 Concurrent Workers: 2
 Concurrent Refinement Workers: 8
 Periodic GC: Disabled

Heap:
 garbage-first heap   total 224256K, used 114775K [0x00000000a0000000, 0x0000000100000000)
  region size 1024K, 32 young (32768K), 5 survivors (5120K)
 Metaspace       used 95597K, committed 96384K, reserved 1138688K
  class space    used 13233K, committed 13568K, reserved 1048576K

Heap Regions: E=young(eden), S=young(survivor), O=old, HS=humongous(starts), HC=humongous(continues), CS=collection set, F=free, OA=open archive, CA=closed archive, TAMS=top-at-mark-start (previous, next)
|   0|0x00000000a0000000, 0x00000000a0100000, 0x00000000a0100000|100%| O|  |TAMS 0x00000000a0100000, 0x00000000a0000000| Untracked 
|   1|0x00000000a0100000, 0x00000000a0200000, 0x00000000a0200000|100%| O|  |TAMS 0x00000000a0200000, 0x00000000a0100000| Untracked 
|   2|0x00000000a0200000, 0x00000000a0300000, 0x00000000a0300000|100%| O|  |TAMS 0x00000000a0300000, 0x00000000a0200000| Untracked 
|   3|0x00000000a0300000, 0x00000000a0400000, 0x00000000a0400000|100%|HS|  |TAMS 0x00000000a0400000, 0x00000000a0300000| Complete 
|   4|0x00000000a0400000, 0x00000000a0500000, 0x00000000a0500000|100%|HC|  |TAMS 0x00000000a0500000, 0x00000000a0400000| Complete 
|   5|0x00000000a0500000, 0x00000000a0600000, 0x00000000a0600000|100%|HC|  |TAMS 0x00000000a0600000, 0x00000000a0500000| Complete 
|   6|0x00000000a0600000, 0x00000000a0700000, 0x00000000a0700000|100%| O|  |TAMS 0x00000000a0700000, 0x00000000a0600000| Untracked 
|   7|0x00000000a0700000, 0x00000000a0800000, 0x00000000a0800000|100%| O|  |TAMS 0x00000000a0800000, 0x00000000a0700000| Untracked 
|   8|0x00000000a0800000, 0x00000000a0900000, 0x00000000a0900000|100%| O|  |TAMS 0x00000000a0900000, 0x00000000a0800000| Untracked 
|   9|0x00000000a0900000, 0x00000000a0a00000, 0x00000000a0a00000|100%| O|  |TAMS 0x00000000a0a00000, 0x00000000a0900000| Untracked 
|  10|0x00000000a0a00000, 0x00000000a0b00000, 0x00000000a0b00000|100%| O|  |TAMS 0x00000000a0b00000, 0x00000000a0a00000| Untracked 
|  11|0x00000000a0b00000, 0x00000000a0c00000, 0x00000000a0c00000|100%| O|  |TAMS 0x00000000a0c00000, 0x00000000a0b00000| Untracked 
|  12|0x00000000a0c00000, 0x00000000a0d00000, 0x00000000a0d00000|100%| O|  |TAMS 0x00000000a0d00000, 0x00000000a0c00000| Untracked 
|  13|0x00000000a0d00000, 0x00000000a0e00000, 0x00000000a0e00000|100%| O|  |TAMS 0x00000000a0e00000, 0x00000000a0d00000| Untracked 
|  14|0x00000000a0e00000, 0x00000000a0f00000, 0x00000000a0f00000|100%| O|  |TAMS 0x00000000a0f00000, 0x00000000a0e00000| Untracked 
|  15|0x00000000a0f00000, 0x00000000a1000000, 0x00000000a1000000|100%| O|  |TAMS 0x00000000a1000000, 0x00000000a0f00000| Untracked 
|  16|0x00000000a1000000, 0x00000000a1100000, 0x00000000a1100000|100%| O|  |TAMS 0x00000000a1100000, 0x00000000a1000000| Untracked 
|  17|0x00000000a1100000, 0x00000000a1200000, 0x00000000a1200000|100%| O|  |TAMS 0x00000000a1200000, 0x00000000a1100000| Untracked 
|  18|0x00000000a1200000, 0x00000000a1300000, 0x00000000a1300000|100%| O|  |TAMS 0x00000000a1300000, 0x00000000a1200000| Untracked 
|  19|0x00000000a1300000, 0x00000000a1400000, 0x00000000a1400000|100%| O|  |TAMS 0x00000000a1400000, 0x00000000a1300000| Untracked 
|  20|0x00000000a1400000, 0x00000000a1500000, 0x00000000a1500000|100%| O|  |TAMS 0x00000000a1500000, 0x00000000a1400000| Untracked 
|  21|0x00000000a1500000, 0x00000000a1600000, 0x00000000a1600000|100%| O|  |TAMS 0x00000000a1600000, 0x00000000a1500000| Untracked 
|  22|0x00000000a1600000, 0x00000000a1700000, 0x00000000a1700000|100%| O|  |TAMS 0x00000000a1700000, 0x00000000a1600000| Untracked 
|  23|0x00000000a1700000, 0x00000000a1700000, 0x00000000a1800000|  0%| F|  |TAMS 0x00000000a1700000, 0x00000000a1700000| Untracked 
|  24|0x00000000a1800000, 0x00000000a1900000, 0x00000000a1900000|100%| O|  |TAMS 0x00000000a1900000, 0x00000000a1800000| Untracked 
|  25|0x00000000a1900000, 0x00000000a1a00000, 0x00000000a1a00000|100%| O|  |TAMS 0x00000000a1a00000, 0x00000000a1900000| Untracked 
|  26|0x00000000a1a00000, 0x00000000a1b00000, 0x00000000a1b00000|100%| O|  |TAMS 0x00000000a1b00000, 0x00000000a1a00000| Untracked 
|  27|0x00000000a1b00000, 0x00000000a1c00000, 0x00000000a1c00000|100%| O|  |TAMS 0x00000000a1c00000, 0x00000000a1b00000| Untracked 
|  28|0x00000000a1c00000, 0x00000000a1d00000, 0x00000000a1d00000|100%| O|  |TAMS 0x00000000a1d00000, 0x00000000a1c00000| Untracked 
|  29|0x00000000a1d00000, 0x00000000a1e00000, 0x00000000a1e00000|100%| O|  |TAMS 0x00000000a1e00000, 0x00000000a1d00000| Untracked 
|  30|0x00000000a1e00000, 0x00000000a1f00000, 0x00000000a1f00000|100%| O|  |TAMS 0x00000000a1f00000, 0x00000000a1e00000| Untracked 
|  31|0x00000000a1f00000, 0x00000000a2000000, 0x00000000a2000000|100%| O|  |TAMS 0x00000000a2000000, 0x00000000a1f00000| Untracked 
|  32|0x00000000a2000000, 0x00000000a2100000, 0x00000000a2100000|100%| O|  |TAMS 0x00000000a2100000, 0x00000000a2000000| Untracked 
|  33|0x00000000a2100000, 0x00000000a2200000, 0x00000000a2200000|100%|HS|  |TAMS 0x00000000a2200000, 0x00000000a2100000| Complete 
|  34|0x00000000a2200000, 0x00000000a2300000, 0x00000000a2300000|100%|HS|  |TAMS 0x00000000a2300000, 0x00000000a2200000| Complete 
|  35|0x00000000a2300000, 0x00000000a2400000, 0x00000000a2400000|100%| O|  |TAMS 0x00000000a2400000, 0x00000000a2300000| Untracked 
|  36|0x00000000a2400000, 0x00000000a2500000, 0x00000000a2500000|100%|HS|  |TAMS 0x00000000a2500000, 0x00000000a2400000| Complete 
|  37|0x00000000a2500000, 0x00000000a2600000, 0x00000000a2600000|100%| O|  |TAMS 0x00000000a2600000, 0x00000000a2500000| Untracked 
|  38|0x00000000a2600000, 0x00000000a2700000, 0x00000000a2700000|100%| O|  |TAMS 0x00000000a2700000, 0x00000000a2600000| Untracked 
|  39|0x00000000a2700000, 0x00000000a2800000, 0x00000000a2800000|100%| O|  |TAMS 0x00000000a2800000, 0x00000000a2700000| Untracked 
|  40|0x00000000a2800000, 0x00000000a2900000, 0x00000000a2900000|100%|HS|  |TAMS 0x00000000a2900000, 0x00000000a2800000| Complete 
|  41|0x00000000a2900000, 0x00000000a2a00000, 0x00000000a2a00000|100%|HC|  |TAMS 0x00000000a2a00000, 0x00000000a2900000| Complete 
|  42|0x00000000a2a00000, 0x00000000a2b00000, 0x00000000a2b00000|100%|HC|  |TAMS 0x00000000a2b00000, 0x00000000a2a00000| Complete 
|  43|0x00000000a2b00000, 0x00000000a2c00000, 0x00000000a2c00000|100%| O|  |TAMS 0x00000000a2c00000, 0x00000000a2b00000| Untracked 
|  44|0x00000000a2c00000, 0x00000000a2d00000, 0x00000000a2d00000|100%| O|  |TAMS 0x00000000a2d00000, 0x00000000a2c00000| Untracked 
|  45|0x00000000a2d00000, 0x00000000a2e00000, 0x00000000a2e00000|100%| O|  |TAMS 0x00000000a2e00000, 0x00000000a2d00000| Untracked 
|  46|0x00000000a2e00000, 0x00000000a2f00000, 0x00000000a2f00000|100%| O|  |TAMS 0x00000000a2f00000, 0x00000000a2e00000| Untracked 
|  47|0x00000000a2f00000, 0x00000000a3000000, 0x00000000a3000000|100%|HS|  |TAMS 0x00000000a3000000, 0x00000000a2f00000| Complete 
|  48|0x00000000a3000000, 0x00000000a3100000, 0x00000000a3100000|100%|HC|  |TAMS 0x00000000a3100000, 0x00000000a3000000| Complete 
|  49|0x00000000a3100000, 0x00000000a3200000, 0x00000000a3200000|100%| O|  |TAMS 0x00000000a3200000, 0x00000000a3100000| Untracked 
|  50|0x00000000a3200000, 0x00000000a3300000, 0x00000000a3300000|100%| O|  |TAMS 0x00000000a3300000, 0x00000000a3200000| Untracked 
|  51|0x00000000a3300000, 0x00000000a3400000, 0x00000000a3400000|100%| O|  |TAMS 0x00000000a3400000, 0x00000000a3300000| Untracked 
|  52|0x00000000a3400000, 0x00000000a3500000, 0x00000000a3500000|100%| O|  |TAMS 0x00000000a3500000, 0x00000000a3400000| Untracked 
|  53|0x00000000a3500000, 0x00000000a3600000, 0x00000000a3600000|100%| O|  |TAMS 0x00000000a3600000, 0x00000000a3500000| Untracked 
|  54|0x00000000a3600000, 0x00000000a3700000, 0x00000000a3700000|100%| O|  |TAMS 0x00000000a3700000, 0x00000000a3600000| Untracked 
|  55|0x00000000a3700000, 0x00000000a3800000, 0x00000000a3800000|100%| O|  |TAMS 0x00000000a3800000, 0x00000000a3700000| Untracked 
|  56|0x00000000a3800000, 0x00000000a3900000, 0x00000000a3900000|100%| O|  |TAMS 0x00000000a3900000, 0x00000000a3800000| Untracked 
|  57|0x00000000a3900000, 0x00000000a3a00000, 0x00000000a3a00000|100%| O|  |TAMS 0x00000000a3a00000, 0x00000000a3900000| Untracked 
|  58|0x00000000a3a00000, 0x00000000a3b00000, 0x00000000a3b00000|100%| O|  |TAMS 0x00000000a3b00000, 0x00000000a3a00000| Untracked 
|  59|0x00000000a3b00000, 0x00000000a3c00000, 0x00000000a3c00000|100%| O|  |TAMS 0x00000000a3c00000, 0x00000000a3b00000| Untracked 
|  60|0x00000000a3c00000, 0x00000000a3d00000, 0x00000000a3d00000|100%| O|  |TAMS 0x00000000a3d00000, 0x00000000a3c00000| Complete 
|  61|0x00000000a3d00000, 0x00000000a3e00000, 0x00000000a3e00000|100%| O|  |TAMS 0x00000000a3e00000, 0x00000000a3d00000| Untracked 
|  62|0x00000000a3e00000, 0x00000000a3f00000, 0x00000000a3f00000|100%| O|  |TAMS 0x00000000a3f00000, 0x00000000a3e00000| Untracked 
|  63|0x00000000a3f00000, 0x00000000a4000000, 0x00000000a4000000|100%| O|  |TAMS 0x00000000a4000000, 0x00000000a3f00000| Untracked 
|  64|0x00000000a4000000, 0x00000000a4100000, 0x00000000a4100000|100%| O|  |TAMS 0x00000000a4100000, 0x00000000a4000000| Untracked 
|  65|0x00000000a4100000, 0x00000000a4200000, 0x00000000a4200000|100%| O|  |TAMS 0x00000000a4200000, 0x00000000a4100000| Untracked 
|  66|0x00000000a4200000, 0x00000000a4300000, 0x00000000a4300000|100%| O|  |TAMS 0x00000000a4300000, 0x00000000a4200000| Untracked 
|  67|0x00000000a4300000, 0x00000000a4400000, 0x00000000a4400000|100%| O|  |TAMS 0x00000000a4400000, 0x00000000a4300000| Untracked 
|  68|0x00000000a4400000, 0x00000000a4500000, 0x00000000a4500000|100%| O|  |TAMS 0x00000000a4500000, 0x00000000a4400000| Untracked 
|  69|0x00000000a4500000, 0x00000000a4600000, 0x00000000a4600000|100%| O|  |TAMS 0x00000000a4600000, 0x00000000a4500000| Untracked 
|  70|0x00000000a4600000, 0x00000000a4700000, 0x00000000a4700000|100%| O|  |TAMS 0x00000000a4700000, 0x00000000a4600000| Untracked 
|  71|0x00000000a4700000, 0x00000000a4800000, 0x00000000a4800000|100%| O|  |TAMS 0x00000000a4800000, 0x00000000a4700000| Untracked 
|  72|0x00000000a4800000, 0x00000000a4900000, 0x00000000a4900000|100%| O|  |TAMS 0x00000000a4900000, 0x00000000a4800000| Untracked 
|  73|0x00000000a4900000, 0x00000000a4a00000, 0x00000000a4a00000|100%| O|  |TAMS 0x00000000a4a00000, 0x00000000a4900000| Untracked 
|  74|0x00000000a4a00000, 0x00000000a4b00000, 0x00000000a4b00000|100%| O|  |TAMS 0x00000000a4b00000, 0x00000000a4a00000| Untracked 
|  75|0x00000000a4b00000, 0x00000000a4c00000, 0x00000000a4c00000|100%| O|  |TAMS 0x00000000a4c00000, 0x00000000a4b00000| Untracked 
|  76|0x00000000a4c00000, 0x00000000a4d00000, 0x00000000a4d00000|100%| O|  |TAMS 0x00000000a4d00000, 0x00000000a4c00000| Untracked 
|  77|0x00000000a4d00000, 0x00000000a4e00000, 0x00000000a4e00000|100%| O|  |TAMS 0x00000000a4e00000, 0x00000000a4d00000| Untracked 
|  78|0x00000000a4e00000, 0x00000000a4f00000, 0x00000000a4f00000|100%| O|  |TAMS 0x00000000a4f00000, 0x00000000a4e00000| Untracked 
|  79|0x00000000a4f00000, 0x00000000a5000000, 0x00000000a5000000|100%| O|  |TAMS 0x00000000a5000000, 0x00000000a4f00000| Untracked 
|  80|0x00000000a5000000, 0x00000000a5100000, 0x00000000a5100000|100%| O|  |TAMS 0x00000000a5100000, 0x00000000a5000000| Untracked 
|  81|0x00000000a5100000, 0x00000000a5200000, 0x00000000a5200000|100%| O|  |TAMS 0x00000000a5200000, 0x00000000a5100000| Untracked 
|  82|0x00000000a5200000, 0x00000000a52bf400, 0x00000000a5300000| 74%| O|  |TAMS 0x00000000a52bf400, 0x00000000a5200000| Untracked 
|  83|0x00000000a5300000, 0x00000000a5300000, 0x00000000a5400000|  0%| F|  |TAMS 0x00000000a5300000, 0x00000000a5300000| Untracked 
|  84|0x00000000a5400000, 0x00000000a5400000, 0x00000000a5500000|  0%| F|  |TAMS 0x00000000a5400000, 0x00000000a5400000| Untracked 
|  85|0x00000000a5500000, 0x00000000a5500000, 0x00000000a5600000|  0%| F|  |TAMS 0x00000000a5500000, 0x00000000a5500000| Untracked 
|  86|0x00000000a5600000, 0x00000000a5600000, 0x00000000a5700000|  0%| F|  |TAMS 0x00000000a5600000, 0x00000000a5600000| Untracked 
|  87|0x00000000a5700000, 0x00000000a5700000, 0x00000000a5800000|  0%| F|  |TAMS 0x00000000a5700000, 0x00000000a5700000| Untracked 
|  88|0x00000000a5800000, 0x00000000a5800000, 0x00000000a5900000|  0%| F|  |TAMS 0x00000000a5800000, 0x00000000a5800000| Untracked 
|  89|0x00000000a5900000, 0x00000000a5900000, 0x00000000a5a00000|  0%| F|  |TAMS 0x00000000a5900000, 0x00000000a5900000| Untracked 
|  90|0x00000000a5a00000, 0x00000000a5a00000, 0x00000000a5b00000|  0%| F|  |TAMS 0x00000000a5a00000, 0x00000000a5a00000| Untracked 
|  91|0x00000000a5b00000, 0x00000000a5b00000, 0x00000000a5c00000|  0%| F|  |TAMS 0x00000000a5b00000, 0x00000000a5b00000| Untracked 
|  92|0x00000000a5c00000, 0x00000000a5c00000, 0x00000000a5d00000|  0%| F|  |TAMS 0x00000000a5c00000, 0x00000000a5c00000| Untracked 
|  93|0x00000000a5d00000, 0x00000000a5d00000, 0x00000000a5e00000|  0%| F|  |TAMS 0x00000000a5d00000, 0x00000000a5d00000| Untracked 
|  94|0x00000000a5e00000, 0x00000000a5e00000, 0x00000000a5f00000|  0%| F|  |TAMS 0x00000000a5e00000, 0x00000000a5e00000| Untracked 
|  95|0x00000000a5f00000, 0x00000000a5f00000, 0x00000000a6000000|  0%| F|  |TAMS 0x00000000a5f00000, 0x00000000a5f00000| Untracked 
|  96|0x00000000a6000000, 0x00000000a6000000, 0x00000000a6100000|  0%| F|  |TAMS 0x00000000a6000000, 0x00000000a6000000| Untracked 
|  97|0x00000000a6100000, 0x00000000a6100000, 0x00000000a6200000|  0%| F|  |TAMS 0x00000000a6100000, 0x00000000a6100000| Untracked 
|  98|0x00000000a6200000, 0x00000000a6200000, 0x00000000a6300000|  0%| F|  |TAMS 0x00000000a6200000, 0x00000000a6200000| Untracked 
|  99|0x00000000a6300000, 0x00000000a6300000, 0x00000000a6400000|  0%| F|  |TAMS 0x00000000a6300000, 0x00000000a6300000| Untracked 
| 100|0x00000000a6400000, 0x00000000a64568a0, 0x00000000a6500000| 33%| S|CS|TAMS 0x00000000a6400000, 0x00000000a6400000| Complete 
| 101|0x00000000a6500000, 0x00000000a6600000, 0x00000000a6600000|100%| S|CS|TAMS 0x00000000a6500000, 0x00000000a6500000| Complete 
| 102|0x00000000a6600000, 0x00000000a6700000, 0x00000000a6700000|100%| S|CS|TAMS 0x00000000a6600000, 0x00000000a6600000| Complete 
| 103|0x00000000a6700000, 0x00000000a6800000, 0x00000000a6800000|100%| S|CS|TAMS 0x00000000a6700000, 0x00000000a6700000| Complete 
| 104|0x00000000a6800000, 0x00000000a6900000, 0x00000000a6900000|100%| S|CS|TAMS 0x00000000a6800000, 0x00000000a6800000| Complete 
| 105|0x00000000a6900000, 0x00000000a6900000, 0x00000000a6a00000|  0%| F|  |TAMS 0x00000000a6900000, 0x00000000a6900000| Untracked 
| 106|0x00000000a6a00000, 0x00000000a6a00000, 0x00000000a6b00000|  0%| F|  |TAMS 0x00000000a6a00000, 0x00000000a6a00000| Untracked 
| 107|0x00000000a6b00000, 0x00000000a6b00000, 0x00000000a6c00000|  0%| F|  |TAMS 0x00000000a6b00000, 0x00000000a6b00000| Untracked 
| 108|0x00000000a6c00000, 0x00000000a6c00000, 0x00000000a6d00000|  0%| F|  |TAMS 0x00000000a6c00000, 0x00000000a6c00000| Untracked 
| 109|0x00000000a6d00000, 0x00000000a6d00000, 0x00000000a6e00000|  0%| F|  |TAMS 0x00000000a6d00000, 0x00000000a6d00000| Untracked 
| 110|0x00000000a6e00000, 0x00000000a6e00000, 0x00000000a6f00000|  0%| F|  |TAMS 0x00000000a6e00000, 0x00000000a6e00000| Untracked 
| 111|0x00000000a6f00000, 0x00000000a6f00000, 0x00000000a7000000|  0%| F|  |TAMS 0x00000000a6f00000, 0x00000000a6f00000| Untracked 
| 112|0x00000000a7000000, 0x00000000a7000000, 0x00000000a7100000|  0%| F|  |TAMS 0x00000000a7000000, 0x00000000a7000000| Untracked 
| 113|0x00000000a7100000, 0x00000000a7100000, 0x00000000a7200000|  0%| F|  |TAMS 0x00000000a7100000, 0x00000000a7100000| Untracked 
| 114|0x00000000a7200000, 0x00000000a7200000, 0x00000000a7300000|  0%| F|  |TAMS 0x00000000a7200000, 0x00000000a7200000| Untracked 
| 115|0x00000000a7300000, 0x00000000a7300000, 0x00000000a7400000|  0%| F|  |TAMS 0x00000000a7300000, 0x00000000a7300000| Untracked 
| 116|0x00000000a7400000, 0x00000000a7400000, 0x00000000a7500000|  0%| F|  |TAMS 0x00000000a7400000, 0x00000000a7400000| Untracked 
| 117|0x00000000a7500000, 0x00000000a7500000, 0x00000000a7600000|  0%| F|  |TAMS 0x00000000a7500000, 0x00000000a7500000| Untracked 
| 118|0x00000000a7600000, 0x00000000a7600000, 0x00000000a7700000|  0%| F|  |TAMS 0x00000000a7600000, 0x00000000a7600000| Untracked 
| 119|0x00000000a7700000, 0x00000000a7700000, 0x00000000a7800000|  0%| F|  |TAMS 0x00000000a7700000, 0x00000000a7700000| Untracked 
| 120|0x00000000a7800000, 0x00000000a7800000, 0x00000000a7900000|  0%| F|  |TAMS 0x00000000a7800000, 0x00000000a7800000| Untracked 
| 121|0x00000000a7900000, 0x00000000a7900000, 0x00000000a7a00000|  0%| F|  |TAMS 0x00000000a7900000, 0x00000000a7900000| Untracked 
| 122|0x00000000a7a00000, 0x00000000a7a00000, 0x00000000a7b00000|  0%| F|  |TAMS 0x00000000a7a00000, 0x00000000a7a00000| Untracked 
| 123|0x00000000a7b00000, 0x00000000a7b00000, 0x00000000a7c00000|  0%| F|  |TAMS 0x00000000a7b00000, 0x00000000a7b00000| Untracked 
| 124|0x00000000a7c00000, 0x00000000a7c00000, 0x00000000a7d00000|  0%| F|  |TAMS 0x00000000a7c00000, 0x00000000a7c00000| Untracked 
| 125|0x00000000a7d00000, 0x00000000a7d00000, 0x00000000a7e00000|  0%| F|  |TAMS 0x00000000a7d00000, 0x00000000a7d00000| Untracked 
| 126|0x00000000a7e00000, 0x00000000a7e00000, 0x00000000a7f00000|  0%| F|  |TAMS 0x00000000a7e00000, 0x00000000a7e00000| Untracked 
| 127|0x00000000a7f00000, 0x00000000a7f00000, 0x00000000a8000000|  0%| F|  |TAMS 0x00000000a7f00000, 0x00000000a7f00000| Untracked 
| 128|0x00000000a8000000, 0x00000000a8000000, 0x00000000a8100000|  0%| F|  |TAMS 0x00000000a8000000, 0x00000000a8000000| Untracked 
| 129|0x00000000a8100000, 0x00000000a8100000, 0x00000000a8200000|  0%| F|  |TAMS 0x00000000a8100000, 0x00000000a8100000| Untracked 
| 130|0x00000000a8200000, 0x00000000a8200000, 0x00000000a8300000|  0%| F|  |TAMS 0x00000000a8200000, 0x00000000a8200000| Untracked 
| 131|0x00000000a8300000, 0x00000000a8300000, 0x00000000a8400000|  0%| F|  |TAMS 0x00000000a8300000, 0x00000000a8300000| Untracked 
| 132|0x00000000a8400000, 0x00000000a8400000, 0x00000000a8500000|  0%| F|  |TAMS 0x00000000a8400000, 0x00000000a8400000| Untracked 
| 133|0x00000000a8500000, 0x00000000a8500000, 0x00000000a8600000|  0%| F|  |TAMS 0x00000000a8500000, 0x00000000a8500000| Untracked 
| 134|0x00000000a8600000, 0x00000000a8600000, 0x00000000a8700000|  0%| F|  |TAMS 0x00000000a8600000, 0x00000000a8600000| Untracked 
| 135|0x00000000a8700000, 0x00000000a8700000, 0x00000000a8800000|  0%| F|  |TAMS 0x00000000a8700000, 0x00000000a8700000| Untracked 
| 136|0x00000000a8800000, 0x00000000a8800000, 0x00000000a8900000|  0%| F|  |TAMS 0x00000000a8800000, 0x00000000a8800000| Untracked 
| 137|0x00000000a8900000, 0x00000000a8900000, 0x00000000a8a00000|  0%| F|  |TAMS 0x00000000a8900000, 0x00000000a8900000| Untracked 
| 138|0x00000000a8a00000, 0x00000000a8a00000, 0x00000000a8b00000|  0%| F|  |TAMS 0x00000000a8a00000, 0x00000000a8a00000| Untracked 
| 139|0x00000000a8b00000, 0x00000000a8b00000, 0x00000000a8c00000|  0%| F|  |TAMS 0x00000000a8b00000, 0x00000000a8b00000| Untracked 
| 140|0x00000000a8c00000, 0x00000000a8c00000, 0x00000000a8d00000|  0%| F|  |TAMS 0x00000000a8c00000, 0x00000000a8c00000| Untracked 
| 141|0x00000000a8d00000, 0x00000000a8d00000, 0x00000000a8e00000|  0%| F|  |TAMS 0x00000000a8d00000, 0x00000000a8d00000| Untracked 
| 142|0x00000000a8e00000, 0x00000000a8e00000, 0x00000000a8f00000|  0%| F|  |TAMS 0x00000000a8e00000, 0x00000000a8e00000| Untracked 
| 143|0x00000000a8f00000, 0x00000000a8f00000, 0x00000000a9000000|  0%| F|  |TAMS 0x00000000a8f00000, 0x00000000a8f00000| Untracked 
| 144|0x00000000a9000000, 0x00000000a9000000, 0x00000000a9100000|  0%| F|  |TAMS 0x00000000a9000000, 0x00000000a9000000| Untracked 
| 145|0x00000000a9100000, 0x00000000a9100000, 0x00000000a9200000|  0%| F|  |TAMS 0x00000000a9100000, 0x00000000a9100000| Untracked 
| 146|0x00000000a9200000, 0x00000000a9200000, 0x00000000a9300000|  0%| F|  |TAMS 0x00000000a9200000, 0x00000000a9200000| Untracked 
| 147|0x00000000a9300000, 0x00000000a9300000, 0x00000000a9400000|  0%| F|  |TAMS 0x00000000a9300000, 0x00000000a9300000| Untracked 
| 148|0x00000000a9400000, 0x00000000a9400000, 0x00000000a9500000|  0%| F|  |TAMS 0x00000000a9400000, 0x00000000a9400000| Untracked 
| 149|0x00000000a9500000, 0x00000000a9500000, 0x00000000a9600000|  0%| F|  |TAMS 0x00000000a9500000, 0x00000000a9500000| Untracked 
| 150|0x00000000a9600000, 0x00000000a9600000, 0x00000000a9700000|  0%| F|  |TAMS 0x00000000a9600000, 0x00000000a9600000| Untracked 
| 151|0x00000000a9700000, 0x00000000a9700000, 0x00000000a9800000|  0%| F|  |TAMS 0x00000000a9700000, 0x00000000a9700000| Untracked 
| 152|0x00000000a9800000, 0x00000000a9800000, 0x00000000a9900000|  0%| F|  |TAMS 0x00000000a9800000, 0x00000000a9800000| Untracked 
| 153|0x00000000a9900000, 0x00000000a9900000, 0x00000000a9a00000|  0%| F|  |TAMS 0x00000000a9900000, 0x00000000a9900000| Untracked 
| 154|0x00000000a9a00000, 0x00000000a9a00000, 0x00000000a9b00000|  0%| F|  |TAMS 0x00000000a9a00000, 0x00000000a9a00000| Untracked 
| 155|0x00000000a9b00000, 0x00000000a9b00000, 0x00000000a9c00000|  0%| F|  |TAMS 0x00000000a9b00000, 0x00000000a9b00000| Untracked 
| 156|0x00000000a9c00000, 0x00000000a9c00000, 0x00000000a9d00000|  0%| F|  |TAMS 0x00000000a9c00000, 0x00000000a9c00000| Untracked 
| 157|0x00000000a9d00000, 0x00000000a9d00000, 0x00000000a9e00000|  0%| F|  |TAMS 0x00000000a9d00000, 0x00000000a9d00000| Untracked 
| 158|0x00000000a9e00000, 0x00000000a9e00000, 0x00000000a9f00000|  0%| F|  |TAMS 0x00000000a9e00000, 0x00000000a9e00000| Untracked 
| 159|0x00000000a9f00000, 0x00000000a9f00000, 0x00000000aa000000|  0%| F|  |TAMS 0x00000000a9f00000, 0x00000000a9f00000| Untracked 
| 160|0x00000000aa000000, 0x00000000aa000000, 0x00000000aa100000|  0%| F|  |TAMS 0x00000000aa000000, 0x00000000aa000000| Untracked 
| 161|0x00000000aa100000, 0x00000000aa100000, 0x00000000aa200000|  0%| F|  |TAMS 0x00000000aa100000, 0x00000000aa100000| Untracked 
| 162|0x00000000aa200000, 0x00000000aa200000, 0x00000000aa300000|  0%| F|  |TAMS 0x00000000aa200000, 0x00000000aa200000| Untracked 
| 163|0x00000000aa300000, 0x00000000aa300000, 0x00000000aa400000|  0%| F|  |TAMS 0x00000000aa300000, 0x00000000aa300000| Untracked 
| 164|0x00000000aa400000, 0x00000000aa400000, 0x00000000aa500000|  0%| F|  |TAMS 0x00000000aa400000, 0x00000000aa400000| Untracked 
| 165|0x00000000aa500000, 0x00000000aa500000, 0x00000000aa600000|  0%| F|  |TAMS 0x00000000aa500000, 0x00000000aa500000| Untracked 
| 166|0x00000000aa600000, 0x00000000aa600000, 0x00000000aa700000|  0%| F|  |TAMS 0x00000000aa600000, 0x00000000aa600000| Untracked 
| 167|0x00000000aa700000, 0x00000000aa700000, 0x00000000aa800000|  0%| F|  |TAMS 0x00000000aa700000, 0x00000000aa700000| Untracked 
| 168|0x00000000aa800000, 0x00000000aa800000, 0x00000000aa900000|  0%| F|  |TAMS 0x00000000aa800000, 0x00000000aa800000| Untracked 
| 169|0x00000000aa900000, 0x00000000aa900000, 0x00000000aaa00000|  0%| F|  |TAMS 0x00000000aa900000, 0x00000000aa900000| Untracked 
| 170|0x00000000aaa00000, 0x00000000aaa00000, 0x00000000aab00000|  0%| F|  |TAMS 0x00000000aaa00000, 0x00000000aaa00000| Untracked 
| 171|0x00000000aab00000, 0x00000000aab00000, 0x00000000aac00000|  0%| F|  |TAMS 0x00000000aab00000, 0x00000000aab00000| Untracked 
| 172|0x00000000aac00000, 0x00000000aac00000, 0x00000000aad00000|  0%| F|  |TAMS 0x00000000aac00000, 0x00000000aac00000| Untracked 
| 173|0x00000000aad00000, 0x00000000aad00000, 0x00000000aae00000|  0%| F|  |TAMS 0x00000000aad00000, 0x00000000aad00000| Untracked 
| 174|0x00000000aae00000, 0x00000000aae00000, 0x00000000aaf00000|  0%| F|  |TAMS 0x00000000aae00000, 0x00000000aae00000| Untracked 
| 175|0x00000000aaf00000, 0x00000000aaf00000, 0x00000000ab000000|  0%| F|  |TAMS 0x00000000aaf00000, 0x00000000aaf00000| Untracked 
| 176|0x00000000ab000000, 0x00000000ab000000, 0x00000000ab100000|  0%| F|  |TAMS 0x00000000ab000000, 0x00000000ab000000| Untracked 
| 177|0x00000000ab100000, 0x00000000ab100000, 0x00000000ab200000|  0%| F|  |TAMS 0x00000000ab100000, 0x00000000ab100000| Untracked 
| 178|0x00000000ab200000, 0x00000000ab200000, 0x00000000ab300000|  0%| F|  |TAMS 0x00000000ab200000, 0x00000000ab200000| Untracked 
| 179|0x00000000ab300000, 0x00000000ab300000, 0x00000000ab400000|  0%| F|  |TAMS 0x00000000ab300000, 0x00000000ab300000| Untracked 
| 180|0x00000000ab400000, 0x00000000ab400000, 0x00000000ab500000|  0%| F|  |TAMS 0x00000000ab400000, 0x00000000ab400000| Untracked 
| 181|0x00000000ab500000, 0x00000000ab500000, 0x00000000ab600000|  0%| F|  |TAMS 0x00000000ab500000, 0x00000000ab500000| Untracked 
| 182|0x00000000ab600000, 0x00000000ab600000, 0x00000000ab700000|  0%| F|  |TAMS 0x00000000ab600000, 0x00000000ab600000| Untracked 
| 183|0x00000000ab700000, 0x00000000ab700000, 0x00000000ab800000|  0%| F|  |TAMS 0x00000000ab700000, 0x00000000ab700000| Untracked 
| 184|0x00000000ab800000, 0x00000000ab800000, 0x00000000ab900000|  0%| F|  |TAMS 0x00000000ab800000, 0x00000000ab800000| Untracked 
| 185|0x00000000ab900000, 0x00000000ab900000, 0x00000000aba00000|  0%| F|  |TAMS 0x00000000ab900000, 0x00000000ab900000| Untracked 
| 186|0x00000000aba00000, 0x00000000aba00000, 0x00000000abb00000|  0%| F|  |TAMS 0x00000000aba00000, 0x00000000aba00000| Untracked 
| 187|0x00000000abb00000, 0x00000000abb00000, 0x00000000abc00000|  0%| F|  |TAMS 0x00000000abb00000, 0x00000000abb00000| Untracked 
| 188|0x00000000abc00000, 0x00000000abc00000, 0x00000000abd00000|  0%| F|  |TAMS 0x00000000abc00000, 0x00000000abc00000| Untracked 
| 189|0x00000000abd00000, 0x00000000abd00000, 0x00000000abe00000|  0%| F|  |TAMS 0x00000000abd00000, 0x00000000abd00000| Untracked 
| 190|0x00000000abe00000, 0x00000000abe00000, 0x00000000abf00000|  0%| F|  |TAMS 0x00000000abe00000, 0x00000000abe00000| Untracked 
| 191|0x00000000abf00000, 0x00000000abf00000, 0x00000000ac000000|  0%| F|  |TAMS 0x00000000abf00000, 0x00000000abf00000| Untracked 
| 192|0x00000000ac000000, 0x00000000ac0a84f8, 0x00000000ac100000| 65%| E|  |TAMS 0x00000000ac000000, 0x00000000ac000000| Complete 
| 193|0x00000000ac100000, 0x00000000ac200000, 0x00000000ac200000|100%| E|CS|TAMS 0x00000000ac100000, 0x00000000ac100000| Complete 
| 194|0x00000000ac200000, 0x00000000ac300000, 0x00000000ac300000|100%| E|CS|TAMS 0x00000000ac200000, 0x00000000ac200000| Complete 
| 195|0x00000000ac300000, 0x00000000ac400000, 0x00000000ac400000|100%| E|CS|TAMS 0x00000000ac300000, 0x00000000ac300000| Complete 
| 196|0x00000000ac400000, 0x00000000ac500000, 0x00000000ac500000|100%| E|CS|TAMS 0x00000000ac400000, 0x00000000ac400000| Complete 
| 197|0x00000000ac500000, 0x00000000ac600000, 0x00000000ac600000|100%| E|CS|TAMS 0x00000000ac500000, 0x00000000ac500000| Complete 
| 198|0x00000000ac600000, 0x00000000ac700000, 0x00000000ac700000|100%| E|CS|TAMS 0x00000000ac600000, 0x00000000ac600000| Complete 
| 199|0x00000000ac700000, 0x00000000ac800000, 0x00000000ac800000|100%| E|CS|TAMS 0x00000000ac700000, 0x00000000ac700000| Complete 
| 200|0x00000000ac800000, 0x00000000ac900000, 0x00000000ac900000|100%| E|CS|TAMS 0x00000000ac800000, 0x00000000ac800000| Complete 
| 201|0x00000000ac900000, 0x00000000aca00000, 0x00000000aca00000|100%| E|CS|TAMS 0x00000000ac900000, 0x00000000ac900000| Complete 
| 202|0x00000000aca00000, 0x00000000acb00000, 0x00000000acb00000|100%| E|CS|TAMS 0x00000000aca00000, 0x00000000aca00000| Complete 
| 203|0x00000000acb00000, 0x00000000acc00000, 0x00000000acc00000|100%| E|CS|TAMS 0x00000000acb00000, 0x00000000acb00000| Complete 
| 204|0x00000000acc00000, 0x00000000acd00000, 0x00000000acd00000|100%| E|CS|TAMS 0x00000000acc00000, 0x00000000acc00000| Complete 
| 205|0x00000000acd00000, 0x00000000ace00000, 0x00000000ace00000|100%| E|CS|TAMS 0x00000000acd00000, 0x00000000acd00000| Complete 
| 206|0x00000000ace00000, 0x00000000acf00000, 0x00000000acf00000|100%| E|CS|TAMS 0x00000000ace00000, 0x00000000ace00000| Complete 
| 207|0x00000000acf00000, 0x00000000ad000000, 0x00000000ad000000|100%| E|CS|TAMS 0x00000000acf00000, 0x00000000acf00000| Complete 
| 208|0x00000000ad000000, 0x00000000ad100000, 0x00000000ad100000|100%| E|CS|TAMS 0x00000000ad000000, 0x00000000ad000000| Complete 
| 209|0x00000000ad100000, 0x00000000ad200000, 0x00000000ad200000|100%| E|CS|TAMS 0x00000000ad100000, 0x00000000ad100000| Complete 
| 210|0x00000000ad200000, 0x00000000ad300000, 0x00000000ad300000|100%| E|CS|TAMS 0x00000000ad200000, 0x00000000ad200000| Complete 
| 211|0x00000000ad300000, 0x00000000ad400000, 0x00000000ad400000|100%| E|CS|TAMS 0x00000000ad300000, 0x00000000ad300000| Complete 
| 212|0x00000000ad400000, 0x00000000ad500000, 0x00000000ad500000|100%| E|CS|TAMS 0x00000000ad400000, 0x00000000ad400000| Complete 
| 213|0x00000000ad500000, 0x00000000ad600000, 0x00000000ad600000|100%| E|CS|TAMS 0x00000000ad500000, 0x00000000ad500000| Complete 
| 214|0x00000000ad600000, 0x00000000ad700000, 0x00000000ad700000|100%| E|CS|TAMS 0x00000000ad600000, 0x00000000ad600000| Complete 
| 215|0x00000000ad700000, 0x00000000ad800000, 0x00000000ad800000|100%| E|CS|TAMS 0x00000000ad700000, 0x00000000ad700000| Complete 
| 216|0x00000000ad800000, 0x00000000ad900000, 0x00000000ad900000|100%| E|CS|TAMS 0x00000000ad800000, 0x00000000ad800000| Complete 
| 217|0x00000000ad900000, 0x00000000ada00000, 0x00000000ada00000|100%| E|CS|TAMS 0x00000000ad900000, 0x00000000ad900000| Complete 
| 218|0x00000000ada00000, 0x00000000adb00000, 0x00000000adb00000|100%| E|CS|TAMS 0x00000000ada00000, 0x00000000ada00000| Complete 

Card table byte_map: [0x0000019e42cb0000,0x0000019e42fb0000] _byte_map_base: 0x0000019e427b0000

Marking Bits (Prev, Next): (CMBitMap*) 0x0000019e301f9cf0, (CMBitMap*) 0x0000019e301f9cb0
 Prev Bits: [0x0000019e44ab0000, 0x0000019e462b0000)
 Next Bits: [0x0000019e432b0000, 0x0000019e44ab0000)

Polling page: 0x0000019e2f980000

Metaspace:

Usage:
  Non-class:     80.43 MB used.
      Class:     12.92 MB used.
       Both:     93.36 MB used.

Virtual space:
  Non-class space:       88.00 MB reserved,      80.88 MB ( 92%) committed,  11 nodes.
      Class space:        1.00 GB reserved,      13.25 MB (  1%) committed,  1 nodes.
             Both:        1.09 GB reserved,      94.12 MB (  8%) committed. 

Chunk freelists:
   Non-Class:  3.02 MB
       Class:  2.60 MB
        Both:  5.62 MB

MaxMetaspaceSize: unlimited
CompressedClassSpaceSize: 1.00 GB
Initial GC threshold: 21.00 MB
Current GC threshold: 156.19 MB
CDS: off
MetaspaceReclaimPolicy: balanced
 - commit_granule_bytes: 65536.
 - commit_granule_words: 8192.
 - virtual_space_node_default_size: 1048576.
 - enlarge_chunks_in_place: 1.
 - new_chunks_are_fully_committed: 0.
 - uncommit_free_chunks: 1.
 - use_allocation_guard: 0.
 - handle_deallocations: 1.


Internal statistics:

num_allocs_failed_limit: 6.
num_arena_births: 900.
num_arena_deaths: 0.
num_vsnodes_births: 12.
num_vsnodes_deaths: 0.
num_space_committed: 1506.
num_space_uncommitted: 0.
num_chunks_returned_to_freelist: 6.
num_chunks_taken_from_freelist: 4415.
num_chunk_merges: 3.
num_chunk_splits: 2933.
num_chunks_enlarged: 1996.
num_purges: 0.
num_inconsistent_stats: 0.

CodeHeap 'non-profiled nmethods': size=120000Kb used=4554Kb max_used=4554Kb free=115446Kb
 bounds [0x0000019e3b150000, 0x0000019e3b5d0000, 0x0000019e42680000]
CodeHeap 'profiled nmethods': size=120000Kb used=18130Kb max_used=18130Kb free=101869Kb
 bounds [0x0000019e33680000, 0x0000019e34840000, 0x0000019e3abb0000]
CodeHeap 'non-nmethods': size=5760Kb used=2436Kb max_used=2486Kb free=3323Kb
 bounds [0x0000019e3abb0000, 0x0000019e3ae40000, 0x0000019e3b150000]
 total_blobs=10180 nmethods=9244 adapters=846
 compilation: enabled
              stopped_count=0, restarted_count=0
 full_count=0

Compilation events (20 events):
Event: 49.950 Thread 0x0000019e4983f510 10207   !   3       java.io.BufferedWriter::flushBuffer (53 bytes)
Event: 49.950 Thread 0x0000019e4983f510 nmethod 10207 0x0000019e34830010 code [0x0000019e34830200, 0x0000019e348306f8]
Event: 49.950 Thread 0x0000019e4983f510 10209       3       sun.nio.cs.StreamEncoder::implWrite (137 bytes)
Event: 49.950 Thread 0x0000019e4983f510 nmethod 10209 0x0000019e34830910 code [0x0000019e34830b40, 0x0000019e34831388]
Event: 49.950 Thread 0x0000019e4983f510 10211   !   3       java.io.PrintStream::write (83 bytes)
Event: 49.951 Thread 0x0000019e4983f510 nmethod 10211 0x0000019e34831610 code [0x0000019e348318a0, 0x0000019e348325d8]
Event: 49.951 Thread 0x0000019e4983f510 10199       3       org.gradle.internal.io.StreamByteBuffer$StreamByteBufferOutputStream::write (22 bytes)
Event: 49.951 Thread 0x0000019e4983f510 nmethod 10199 0x0000019e34832c90 code [0x0000019e34832e40, 0x0000019e34833018]
Event: 49.951 Thread 0x0000019e4983f510 10200       3       org.gradle.internal.io.StreamByteBuffer$StreamByteBufferChunk::write (32 bytes)
Event: 49.951 Thread 0x0000019e4983f510 nmethod 10200 0x0000019e34833190 code [0x0000019e34833340, 0x0000019e348334f8]
Event: 49.951 Thread 0x0000019e4983f510 10201       3       org.gradle.internal.io.LineBufferingOutputStream::endsWithLineSeparator (27 bytes)
Event: 49.951 Thread 0x0000019e4983f510 nmethod 10201 0x0000019e34833610 code [0x0000019e348337a0, 0x0000019e34833958]
Event: 49.951 Thread 0x0000019e4983f510 10204       3       org.gradle.internal.logging.console.StyledTextOutputBackedRenderer$OutputEventTextOutputImpl::doLineText (17 bytes)
Event: 49.951 Thread 0x0000019e4983f510 nmethod 10204 0x0000019e34833a10 code [0x0000019e34833be0, 0x0000019e34833ff8]
Event: 49.952 Thread 0x0000019e4983f510 10206       3       java.io.Writer::write (11 bytes)
Event: 49.952 Thread 0x0000019e4983f510 nmethod 10206 0x0000019e34834190 code [0x0000019e34834340, 0x0000019e34834608]
Event: 49.952 Thread 0x0000019e4983f510 10210       3       java.io.OutputStreamWriter::flushBuffer (8 bytes)
Event: 49.952 Thread 0x0000019e4983f510 nmethod 10210 0x0000019e34834790 code [0x0000019e34834940, 0x0000019e34834a88]
Event: 49.960 Thread 0x0000019e4983f510 10214       1       org.gradle.internal.operations.OperationIdentifier::getId (5 bytes)
Event: 49.960 Thread 0x0000019e4983f510 nmethod 10214 0x0000019e3b5c2510 code [0x0000019e3b5c26a0, 0x0000019e3b5c2778]

GC Heap History (20 events):
Event: 24.879 GC heap before
{Heap before GC invocations=51 (full 0):
 garbage-first heap   total 128000K, used 94051K [0x00000000a0000000, 0x0000000100000000)
  region size 1024K, 30 young (30720K), 4 survivors (4096K)
 Metaspace       used 79819K, committed 80512K, reserved 1122304K
  class space    used 10821K, committed 11136K, reserved 1048576K
}
Event: 24.885 GC heap after
{Heap after GC invocations=52 (full 0):
 garbage-first heap   total 128000K, used 68624K [0x00000000a0000000, 0x0000000100000000)
  region size 1024K, 2 young (2048K), 2 survivors (2048K)
 Metaspace       used 79819K, committed 80512K, reserved 1122304K
  class space    used 10821K, committed 11136K, reserved 1048576K
}
Event: 25.313 GC heap before
{Heap before GC invocations=52 (full 0):
 garbage-first heap   total 128000K, used 101392K [0x00000000a0000000, 0x0000000100000000)
  region size 1024K, 34 young (34816K), 2 survivors (2048K)
 Metaspace       used 79995K, committed 80640K, reserved 1122304K
  class space    used 10843K, committed 11136K, reserved 1048576K
}
Event: 25.319 GC heap after
{Heap after GC invocations=53 (full 0):
 garbage-first heap   total 128000K, used 70618K [0x00000000a0000000, 0x0000000100000000)
  region size 1024K, 4 young (4096K), 4 survivors (4096K)
 Metaspace       used 79995K, committed 80640K, reserved 1122304K
  class space    used 10843K, committed 11136K, reserved 1048576K
}
Event: 26.228 GC heap before
{Heap before GC invocations=54 (full 0):
 garbage-first heap   total 128000K, used 102362K [0x00000000a0000000, 0x0000000100000000)
  region size 1024K, 35 young (35840K), 4 survivors (4096K)
 Metaspace       used 82442K, committed 83072K, reserved 1122304K
  class space    used 11217K, committed 11520K, reserved 1048576K
}
Event: 26.234 GC heap after
{Heap after GC invocations=55 (full 0):
 garbage-first heap   total 128000K, used 73292K [0x00000000a0000000, 0x0000000100000000)
  region size 1024K, 5 young (5120K), 5 survivors (5120K)
 Metaspace       used 82442K, committed 83072K, reserved 1122304K
  class space    used 11217K, committed 11520K, reserved 1048576K
}
Event: 27.061 GC heap before
{Heap before GC invocations=55 (full 0):
 garbage-first heap   total 128000K, used 104012K [0x00000000a0000000, 0x0000000100000000)
  region size 1024K, 35 young (35840K), 5 survivors (5120K)
 Metaspace       used 85784K, committed 86464K, reserved 1130496K
  class space    used 11821K, committed 12096K, reserved 1048576K
}
Event: 27.069 GC heap after
{Heap after GC invocations=56 (full 0):
 garbage-first heap   total 128000K, used 75753K [0x00000000a0000000, 0x0000000100000000)
  region size 1024K, 3 young (3072K), 3 survivors (3072K)
 Metaspace       used 85784K, committed 86464K, reserved 1130496K
  class space    used 11821K, committed 12096K, reserved 1048576K
}
Event: 27.541 GC heap before
{Heap before GC invocations=57 (full 0):
 garbage-first heap   total 137216K, used 103401K [0x00000000a0000000, 0x0000000100000000)
  region size 1024K, 30 young (30720K), 3 survivors (3072K)
 Metaspace       used 86885K, committed 87616K, reserved 1130496K
  class space    used 11981K, committed 12288K, reserved 1048576K
}
Event: 27.550 GC heap after
{Heap after GC invocations=58 (full 0):
 garbage-first heap   total 137216K, used 78493K [0x00000000a0000000, 0x0000000100000000)
  region size 1024K, 4 young (4096K), 4 survivors (4096K)
 Metaspace       used 86885K, committed 87616K, reserved 1130496K
  class space    used 11981K, committed 12288K, reserved 1048576K
}
Event: 27.592 GC heap before
{Heap before GC invocations=58 (full 0):
 garbage-first heap   total 137216K, used 80541K [0x00000000a0000000, 0x0000000100000000)
  region size 1024K, 6 young (6144K), 4 survivors (4096K)
 Metaspace       used 86936K, committed 87616K, reserved 1130496K
  class space    used 11989K, committed 12288K, reserved 1048576K
}
Event: 27.596 GC heap after
{Heap after GC invocations=59 (full 0):
 garbage-first heap   total 137216K, used 79202K [0x00000000a0000000, 0x0000000100000000)
  region size 1024K, 1 young (1024K), 1 survivors (1024K)
 Metaspace       used 86936K, committed 87616K, reserved 1130496K
  class space    used 11989K, committed 12288K, reserved 1048576K
}
Event: 28.271 GC heap before
{Heap before GC invocations=59 (full 0):
 garbage-first heap   total 137216K, used 111970K [0x00000000a0000000, 0x0000000100000000)
  region size 1024K, 33 young (33792K), 1 survivors (1024K)
 Metaspace       used 88812K, committed 89472K, reserved 1130496K
  class space    used 12274K, committed 12544K, reserved 1048576K
}
Event: 28.275 GC heap after
{Heap after GC invocations=60 (full 0):
 garbage-first heap   total 137216K, used 82063K [0x00000000a0000000, 0x0000000100000000)
  region size 1024K, 4 young (4096K), 4 survivors (4096K)
 Metaspace       used 88812K, committed 89472K, reserved 1130496K
  class space    used 12274K, committed 12544K, reserved 1048576K
}
Event: 29.359 GC heap before
{Heap before GC invocations=61 (full 0):
 garbage-first heap   total 143360K, used 112783K [0x00000000a0000000, 0x0000000100000000)
  region size 1024K, 34 young (34816K), 4 survivors (4096K)
 Metaspace       used 93394K, committed 94080K, reserved 1130496K
  class space    used 12942K, committed 13248K, reserved 1048576K
}
Event: 29.366 GC heap after
{Heap after GC invocations=62 (full 0):
 garbage-first heap   total 143360K, used 84311K [0x00000000a0000000, 0x0000000100000000)
  region size 1024K, 3 young (3072K), 3 survivors (3072K)
 Metaspace       used 93394K, committed 94080K, reserved 1130496K
  class space    used 12942K, committed 13248K, reserved 1048576K
}
Event: 29.416 GC heap before
{Heap before GC invocations=62 (full 0):
 garbage-first heap   total 143360K, used 88407K [0x00000000a0000000, 0x0000000100000000)
  region size 1024K, 7 young (7168K), 3 survivors (3072K)
 Metaspace       used 93566K, committed 94336K, reserved 1130496K
  class space    used 12968K, committed 13312K, reserved 1048576K
}
Event: 29.421 GC heap after
{Heap after GC invocations=63 (full 0):
 garbage-first heap   total 143360K, used 84168K [0x00000000a0000000, 0x0000000100000000)
  region size 1024K, 1 young (1024K), 1 survivors (1024K)
 Metaspace       used 93566K, committed 94336K, reserved 1130496K
  class space    used 12968K, committed 13312K, reserved 1048576K
}
Event: 29.956 GC heap before
{Heap before GC invocations=63 (full 0):
 garbage-first heap   total 143360K, used 117960K [0x00000000a0000000, 0x0000000100000000)
  region size 1024K, 35 young (35840K), 1 survivors (1024K)
 Metaspace       used 95084K, committed 95808K, reserved 1138688K
  class space    used 13149K, committed 13440K, reserved 1048576K
}
Event: 29.962 GC heap after
{Heap after GC invocations=64 (full 0):
 garbage-first heap   total 224256K, used 88151K [0x00000000a0000000, 0x0000000100000000)
  region size 1024K, 5 young (5120K), 5 survivors (5120K)
 Metaspace       used 95084K, committed 95808K, reserved 1138688K
  class space    used 13149K, committed 13440K, reserved 1048576K
}

Dll operation events (2 events):
Event: 0.019 Loaded shared library C:\Program Files\Android\Android Studio\jbr\bin\java.dll
Event: 1.298 Loaded shared library C:\Program Files\Android\Android Studio\jbr\bin\verify.dll

Deoptimization events (20 events):
Event: 30.006 Thread 0x0000019e4aa6bd70 DEOPT PACKING pc=0x0000019e3b3c96dc sp=0x0000003be0dfe3c0
Event: 30.006 Thread 0x0000019e4aa6bd70 DEOPT UNPACKING pc=0x0000019e3ac069a3 sp=0x0000003be0dfe2b0 mode 2
Event: 30.033 Thread 0x0000019e4c058940 Uncommon trap: trap_request=0xffffff45 fr.pc=0x0000019e3b2d8034 relative=0x00000000000004f4
Event: 30.033 Thread 0x0000019e4c058940 Uncommon trap: reason=unstable_if action=reinterpret pc=0x0000019e3b2d8034 method=java.lang.StringLatin1.compareToCI([B[B)I @ 68 c2
Event: 30.033 Thread 0x0000019e4c058940 DEOPT PACKING pc=0x0000019e3b2d8034 sp=0x0000003be09fbac0
Event: 30.033 Thread 0x0000019e4c058940 DEOPT UNPACKING pc=0x0000019e3ac069a3 sp=0x0000003be09fba38 mode 2
Event: 30.069 Thread 0x0000019e4c058940 DEOPT PACKING pc=0x0000019e341e269f sp=0x0000003be09fab80
Event: 30.069 Thread 0x0000019e4c058940 DEOPT UNPACKING pc=0x0000019e3ac07143 sp=0x0000003be09fa098 mode 0
Event: 30.316 Thread 0x0000019e4c058940 Uncommon trap: trap_request=0xffffffc6 fr.pc=0x0000019e3b3ef4d8 relative=0x00000000000007f8
Event: 30.316 Thread 0x0000019e4c058940 Uncommon trap: reason=bimorphic_or_optimized_type_check action=maybe_recompile pc=0x0000019e3b3ef4d8 method=java.util.stream.MatchOps$MatchOp.evaluateSequential(Ljava/util/stream/PipelineHelper;Ljava/util/Spliterator;)Ljava/lang/Boolean; @ 14 c2
Event: 30.316 Thread 0x0000019e4c058940 DEOPT PACKING pc=0x0000019e3b3ef4d8 sp=0x0000003be09facf0
Event: 30.316 Thread 0x0000019e4c058940 DEOPT UNPACKING pc=0x0000019e3ac069a3 sp=0x0000003be09fac28 mode 2
Event: 30.381 Thread 0x0000019e4c058940 Uncommon trap: trap_request=0xffffffc6 fr.pc=0x0000019e3b3ef4d8 relative=0x00000000000007f8
Event: 30.382 Thread 0x0000019e4c058940 Uncommon trap: reason=bimorphic_or_optimized_type_check action=maybe_recompile pc=0x0000019e3b3ef4d8 method=java.util.stream.MatchOps$MatchOp.evaluateSequential(Ljava/util/stream/PipelineHelper;Ljava/util/Spliterator;)Ljava/lang/Boolean; @ 14 c2
Event: 30.382 Thread 0x0000019e4c058940 DEOPT PACKING pc=0x0000019e3b3ef4d8 sp=0x0000003be09faa00
Event: 30.382 Thread 0x0000019e4c058940 DEOPT UNPACKING pc=0x0000019e3ac069a3 sp=0x0000003be09fa938 mode 2
Event: 30.383 Thread 0x0000019e4c058940 Uncommon trap: trap_request=0xffffffc6 fr.pc=0x0000019e3b3ef4d8 relative=0x00000000000007f8
Event: 30.383 Thread 0x0000019e4c058940 Uncommon trap: reason=bimorphic_or_optimized_type_check action=maybe_recompile pc=0x0000019e3b3ef4d8 method=java.util.stream.MatchOps$MatchOp.evaluateSequential(Ljava/util/stream/PipelineHelper;Ljava/util/Spliterator;)Ljava/lang/Boolean; @ 14 c2
Event: 30.383 Thread 0x0000019e4c058940 DEOPT PACKING pc=0x0000019e3b3ef4d8 sp=0x0000003be09faa00
Event: 30.383 Thread 0x0000019e4c058940 DEOPT UNPACKING pc=0x0000019e3ac069a3 sp=0x0000003be09fa938 mode 2

Classes unloaded (0 events):
No events

Classes redefined (0 events):
No events

Internal exceptions (20 events):
Event: 30.420 Thread 0x0000019e4c058940 Exception <a 'java/lang/ClassNotFoundException'{0x00000000ac34ecd8}: org/gradle/process/internal/DefaultExecAction_DecoratedBeanInfo> (0x00000000ac34ecd8) 
thrown [s\src\hotspot\share\classfile\systemDictionary.cpp, line 256]
Event: 30.421 Thread 0x0000019e4c058940 Exception <a 'java/lang/ClassNotFoundException'{0x00000000ac35fe38}: org/gradle/process/internal/DefaultExecActionBeanInfo> (0x00000000ac35fe38) 
thrown [s\src\hotspot\share\classfile\systemDictionary.cpp, line 256]
Event: 30.422 Thread 0x0000019e4c058940 Exception <a 'java/lang/ClassNotFoundException'{0x00000000ac371e70}: org/gradle/process/internal/DefaultExecHandleBuilderBeanInfo> (0x00000000ac371e70) 
thrown [s\src\hotspot\share\classfile\systemDictionary.cpp, line 256]
Event: 30.423 Thread 0x0000019e4c058940 Exception <a 'java/lang/ClassNotFoundException'{0x00000000ac384440}: org/gradle/process/internal/AbstractExecHandleBuilderBeanInfo> (0x00000000ac384440) 
thrown [s\src\hotspot\share\classfile\systemDictionary.cpp, line 256]
Event: 30.424 Thread 0x0000019e4c058940 Exception <a 'java/lang/ClassNotFoundException'{0x00000000ac397488}: org/gradle/process/internal/DefaultProcessForkOptionsBeanInfo> (0x00000000ac397488) 
thrown [s\src\hotspot\share\classfile\systemDictionary.cpp, line 256]
Event: 30.427 Thread 0x0000019e4c058940 Exception <a 'java/lang/ClassNotFoundException'{0x00000000ac3a9bc8}: org/gradle/process/internal/DefaultProcessForkOptionsCustomizer> (0x00000000ac3a9bc8) 
thrown [s\src\hotspot\share\classfile\systemDictionary.cpp, line 256]
Event: 30.428 Thread 0x0000019e4c058940 Exception <a 'java/lang/ClassNotFoundException'{0x00000000ac3c9b58}: org/gradle/process/internal/AbstractExecHandleBuilderCustomizer> (0x00000000ac3c9b58) 
thrown [s\src\hotspot\share\classfile\systemDictionary.cpp, line 256]
Event: 30.430 Thread 0x0000019e4c058940 Exception <a 'java/lang/ClassNotFoundException'{0x00000000ac3ede90}: org/gradle/process/internal/DefaultExecHandleBuilderCustomizer> (0x00000000ac3ede90) 
thrown [s\src\hotspot\share\classfile\systemDictionary.cpp, line 256]
Event: 30.432 Thread 0x0000019e4c058940 Exception <a 'java/lang/ClassNotFoundException'{0x00000000ac22de98}: org/gradle/process/internal/DefaultExecActionCustomizer> (0x00000000ac22de98) 
thrown [s\src\hotspot\share\classfile\systemDictionary.cpp, line 256]
Event: 30.435 Thread 0x0000019e4c058940 Exception <a 'java/lang/ClassNotFoundException'{0x00000000ac249530}: org/gradle/process/internal/DefaultExecAction_DecoratedCustomizer> (0x00000000ac249530) 
thrown [s\src\hotspot\share\classfile\systemDictionary.cpp, line 256]
Event: 30.440 Thread 0x0000019e4c058940 Exception <a 'java/lang/ClassNotFoundException'{0x00000000ac2820a8}: org/gradle/api/logging/LogLevelBeanInfo> (0x00000000ac2820a8) 
thrown [s\src\hotspot\share\classfile\systemDictionary.cpp, line 256]
Event: 30.442 Thread 0x0000019e4c058940 Exception <a 'java/lang/ClassNotFoundException'{0x00000000ac292e00}: org/gradle/api/logging/LogLevelCustomizer> (0x00000000ac292e00) 
thrown [s\src\hotspot\share\classfile\systemDictionary.cpp, line 256]
Event: 30.445 Thread 0x0000019e4c058940 Exception <a 'java/lang/ClassNotFoundException'{0x00000000ac2d6eb0}: org/gradle/internal/logging/services/DefaultLoggingManagerBeanInfo> (0x00000000ac2d6eb0) 
thrown [s\src\hotspot\share\classfile\systemDictionary.cpp, line 256]
Event: 30.446 Thread 0x0000019e4c058940 Exception <a 'java/lang/ClassNotFoundException'{0x00000000ac2e8598}: org/gradle/internal/logging/services/DefaultLoggingManagerCustomizer> (0x00000000ac2e8598) 
thrown [s\src\hotspot\share\classfile\systemDictionary.cpp, line 256]
Event: 30.448 Thread 0x0000019e4c058940 Exception <a 'java/lang/ClassNotFoundException'{0x00000000ac119cb0}: java/lang/BooleanBeanInfo> (0x00000000ac119cb0) 
thrown [s\src\hotspot\share\classfile\systemDictionary.cpp, line 256]
Event: 30.449 Thread 0x0000019e4c058940 Exception <a 'java/lang/ClassNotFoundException'{0x00000000ac120ca8}: java/lang/BooleanCustomizer> (0x00000000ac120ca8) 
thrown [s\src\hotspot\share\classfile\systemDictionary.cpp, line 256]
Event: 30.634 Thread 0x0000019e4aa6a090 Exception <a 'java/lang/NoSuchMethodError'{0x00000000ac19f1c8}: 'void java.lang.invoke.DirectMethodHandle$Holder.invokeStatic(java.lang.Object, long)'> (0x00000000ac19f1c8) 
thrown [s\src\hotspot\share\interpreter\linkResolver.cpp, line 771]
Event: 30.634 Thread 0x0000019e4aa6a090 Exception <a 'java/lang/NoSuchMethodError'{0x00000000ac1a4480}: 'java.lang.Object java.lang.invoke.DirectMethodHandle$Holder.newInvokeSpecial(java.lang.Object, long)'> (0x00000000ac1a4480) 
thrown [s\src\hotspot\share\interpreter\linkResolver.cpp, line 771]
Event: 30.636 Thread 0x0000019e4aa6a090 Exception <a 'java/lang/NoSuchMethodError'{0x00000000ac1aaff8}: 'java.lang.Object java.lang.invoke.DirectMethodHandle$Holder.invokeStatic(java.lang.Object, java.lang.Object, long, java.lang.Object)'> (0x00000000ac1aaff8) 
thrown [s\src\hotspot\share\interpreter\linkResolver.cpp, line 771]
Event: 30.636 Thread 0x0000019e4aa6a090 Exception <a 'java/lang/NoSuchMethodError'{0x00000000ac1aea90}: 'java.lang.Object java.lang.invoke.DirectMethodHandle$Holder.invokeStaticInit(java.lang.Object, java.lang.Object, long, java.lang.Object)'> (0x00000000ac1aea90) 
thrown [s\src\hotspot\share\interpreter\linkResolver.cpp, line 771]

VM Operations (20 events):
Event: 30.039 Executing VM operation: HandshakeAllThreads
Event: 30.039 Executing VM operation: HandshakeAllThreads done
Event: 30.071 Executing VM operation: G1Concurrent
Event: 30.076 Executing VM operation: G1Concurrent done
Event: 30.119 Executing VM operation: G1Concurrent
Event: 30.119 Executing VM operation: G1Concurrent done
Event: 30.366 Executing VM operation: HandshakeAllThreads
Event: 30.366 Executing VM operation: HandshakeAllThreads done
Event: 30.368 Executing VM operation: HandshakeAllThreads
Event: 30.368 Executing VM operation: HandshakeAllThreads done
Event: 30.639 Executing VM operation: HandshakeAllThreads
Event: 30.639 Executing VM operation: HandshakeAllThreads done
Event: 31.643 Executing VM operation: Cleanup
Event: 31.645 Executing VM operation: Cleanup done
Event: 44.737 Executing VM operation: Cleanup
Event: 44.737 Executing VM operation: Cleanup done
Event: 48.781 Executing VM operation: Cleanup
Event: 48.781 Executing VM operation: Cleanup done
Event: 49.944 Executing VM operation: HandshakeAllThreads
Event: 49.944 Executing VM operation: HandshakeAllThreads done

Events (20 events):
Event: 30.448 loading class java/lang/BooleanBeanInfo done
Event: 30.448 loading class java/lang/BooleanBeanInfo
Event: 30.448 loading class java/lang/BooleanBeanInfo done
Event: 30.449 loading class java/lang/BooleanCustomizer
Event: 30.449 loading class java/lang/BooleanCustomizer done
Event: 30.449 loading class java/lang/BooleanCustomizer
Event: 30.449 loading class java/lang/BooleanCustomizer done
Event: 30.459 Thread 0x0000019e4aa6a090 Thread added: 0x0000019e4aa6a090
Event: 30.470 loading class java/lang/ProcessImpl
Event: 30.471 loading class java/lang/ProcessImpl done
Event: 30.635 loading class java/lang/ProcessHandleImpl
Event: 30.635 loading class java/lang/ProcessHandleImpl done
Event: 30.637 loading class java/lang/ProcessImpl$2
Event: 30.637 loading class java/lang/ProcessImpl$2 done
Event: 30.637 loading class java/lang/Process$PipeInputStream
Event: 30.637 loading class java/lang/Process$PipeInputStream done
Event: 30.639 loading class jdk/internal/event/ProcessStartEvent
Event: 30.639 loading class jdk/internal/event/ProcessStartEvent done
Event: 30.640 Thread 0x0000019e4aa6c710 Thread added: 0x0000019e4aa6c710
Event: 30.640 Thread 0x0000019e4aa6b3d0 Thread added: 0x0000019e4aa6b3d0


Dynamic libraries:
0x00007ff703740000 - 0x00007ff70374a000 	C:\Program Files\Android\Android Studio\jbr\bin\java.exe
0x00007ffb54ab0000 - 0x00007ffb54ca8000 	C:\Windows\SYSTEM32\ntdll.dll
0x00007ffb52ee0000 - 0x00007ffb52f9d000 	C:\Windows\System32\KERNEL32.DLL
0x00007ffb52490000 - 0x00007ffb52786000 	C:\Windows\System32\KERNELBASE.dll
0x00007ffb52200000 - 0x00007ffb52300000 	C:\Windows\System32\ucrtbase.dll
0x00007ffb25b80000 - 0x00007ffb25b97000 	C:\Program Files\Android\Android Studio\jbr\bin\jli.dll
0x00007ffb25a50000 - 0x00007ffb25a6b000 	C:\Program Files\Android\Android Studio\jbr\bin\VCRUNTIME140.dll
0x00007ffb38460000 - 0x00007ffb386fa000 	C:\Windows\WinSxS\amd64_microsoft.windows.common-controls_6595b64144ccf1df_6.0.19041.1110_none_60b5254171f9507e\COMCTL32.dll
0x00007ffb54500000 - 0x00007ffb5469e000 	C:\Windows\System32\USER32.dll
0x00007ffb52300000 - 0x00007ffb52322000 	C:\Windows\System32\win32u.dll
0x00007ffb547e0000 - 0x00007ffb5487e000 	C:\Windows\System32\msvcrt.dll
0x00007ffb53fd0000 - 0x00007ffb53ffc000 	C:\Windows\System32\GDI32.dll
0x00007ffb52790000 - 0x00007ffb528aa000 	C:\Windows\System32\gdi32full.dll
0x00007ffb52a20000 - 0x00007ffb52abd000 	C:\Windows\System32\msvcp_win.dll
0x00007ffb52b10000 - 0x00007ffb52b40000 	C:\Windows\System32\IMM32.DLL
0x00007ffb2cc40000 - 0x00007ffb2cc4c000 	C:\Program Files\Android\Android Studio\jbr\bin\vcruntime140_1.dll
0x00007ffb19780000 - 0x00007ffb1980d000 	C:\Program Files\Android\Android Studio\jbr\bin\msvcp140.dll
0x00007ffad5850000 - 0x00007ffad64be000 	C:\Program Files\Android\Android Studio\jbr\bin\server\jvm.dll
0x00007ffb54880000 - 0x00007ffb5492e000 	C:\Windows\System32\ADVAPI32.dll
0x00007ffb536b0000 - 0x00007ffb5374c000 	C:\Windows\System32\sechost.dll
0x00007ffb546a0000 - 0x00007ffb547c6000 	C:\Windows\System32\RPCRT4.dll
0x00007ffb3e600000 - 0x00007ffb3e609000 	C:\Windows\SYSTEM32\WSOCK32.dll
0x00007ffb3f360000 - 0x00007ffb3f387000 	C:\Windows\SYSTEM32\WINMM.dll
0x00007ffb4b220000 - 0x00007ffb4b22a000 	C:\Windows\SYSTEM32\VERSION.dll
0x00007ffb535e0000 - 0x00007ffb5364b000 	C:\Windows\System32\WS2_32.dll
0x00007ffb50020000 - 0x00007ffb50032000 	C:\Windows\SYSTEM32\kernel.appcore.dll
0x00007ffb2cac0000 - 0x00007ffb2caca000 	C:\Program Files\Android\Android Studio\jbr\bin\jimage.dll
0x00007ffb47740000 - 0x00007ffb47924000 	C:\Windows\SYSTEM32\DBGHELP.DLL
0x00007ffb3e570000 - 0x00007ffb3e5a4000 	C:\Windows\SYSTEM32\dbgcore.DLL
0x00007ffb52990000 - 0x00007ffb52a12000 	C:\Windows\System32\bcryptPrimitives.dll
0x00007ffb21d70000 - 0x00007ffb21d95000 	C:\Program Files\Android\Android Studio\jbr\bin\java.dll
0x00007ffb259d0000 - 0x00007ffb259e8000 	C:\Program Files\Android\Android Studio\jbr\bin\zip.dll
0x00007ffb53750000 - 0x00007ffb53e95000 	C:\Windows\System32\SHELL32.dll
0x00007ffb50220000 - 0x00007ffb509bb000 	C:\Windows\SYSTEM32\windows.storage.dll
0x00007ffb54130000 - 0x00007ffb54484000 	C:\Windows\System32\combase.dll
0x00007ffb51bd0000 - 0x00007ffb51bfe000 	C:\Windows\SYSTEM32\Wldp.dll
0x00007ffb52b40000 - 0x00007ffb52bed000 	C:\Windows\System32\SHCORE.dll
0x00007ffb54930000 - 0x00007ffb54985000 	C:\Windows\System32\shlwapi.dll
0x00007ffb520c0000 - 0x00007ffb520e5000 	C:\Windows\SYSTEM32\profapi.dll
0x00007ffb24b70000 - 0x00007ffb24b89000 	C:\Program Files\Android\Android Studio\jbr\bin\net.dll
0x00007ffb49960000 - 0x00007ffb49a6a000 	C:\Windows\SYSTEM32\WINHTTP.dll
0x00007ffb51930000 - 0x00007ffb5199a000 	C:\Windows\system32\mswsock.dll
0x00007ffb231b0000 - 0x00007ffb231c6000 	C:\Program Files\Android\Android Studio\jbr\bin\nio.dll
0x00007ffb2c9c0000 - 0x00007ffb2c9d0000 	C:\Program Files\Android\Android Studio\jbr\bin\verify.dll
0x00007ffb21700000 - 0x00007ffb21727000 	C:\Users\yhord\.gradle\native\e1d6ef7f7dcc3fd88c89a11ec53ec762bb8ba0a96d01ffa2cd45eb1d1d8dd5c5\windows-amd64\native-platform.dll
0x00007ffb17b60000 - 0x00007ffb17ca4000 	C:\Users\yhord\.gradle\native\0d407fdbe67a94daf76414ababcb853783967236a71b16ec16e742cd7a986fd3\windows-amd64\native-platform-file-events.dll
0x00007ffb2bff0000 - 0x00007ffb2bff9000 	C:\Program Files\Android\Android Studio\jbr\bin\management.dll
0x00007ffb2b8a0000 - 0x00007ffb2b8ab000 	C:\Program Files\Android\Android Studio\jbr\bin\management_ext.dll
0x00007ffb544f0000 - 0x00007ffb544f8000 	C:\Windows\System32\PSAPI.DLL
0x00007ffb51b20000 - 0x00007ffb51b38000 	C:\Windows\SYSTEM32\CRYPTSP.dll
0x00007ffb51170000 - 0x00007ffb511a4000 	C:\Windows\system32\rsaenh.dll
0x00007ffb528b0000 - 0x00007ffb528d7000 	C:\Windows\System32\bcrypt.dll
0x00007ffb52080000 - 0x00007ffb520ae000 	C:\Windows\SYSTEM32\USERENV.dll
0x00007ffb51b40000 - 0x00007ffb51b4c000 	C:\Windows\SYSTEM32\CRYPTBASE.dll
0x00007ffb515b0000 - 0x00007ffb515eb000 	C:\Windows\SYSTEM32\IPHLPAPI.DLL
0x00007ffb547d0000 - 0x00007ffb547d8000 	C:\Windows\System32\NSI.dll
0x00007ffb4a480000 - 0x00007ffb4a497000 	C:\Windows\SYSTEM32\dhcpcsvc6.DLL
0x00007ffb4b230000 - 0x00007ffb4b24d000 	C:\Windows\SYSTEM32\dhcpcsvc.DLL
0x00007ffb51620000 - 0x00007ffb516ea000 	C:\Windows\SYSTEM32\DNSAPI.dll
0x00007ffb2b7c0000 - 0x00007ffb2b7c7000 	C:\Windows\system32\wshunix.dll

dbghelp: loaded successfully - version: 4.0.5 - missing functions: none
symbol engine: initialized successfully - sym options: 0x614 - pdb path: .;C:\Program Files\Android\Android Studio\jbr\bin;C:\Windows\SYSTEM32;C:\Windows\WinSxS\amd64_microsoft.windows.common-controls_6595b64144ccf1df_6.0.19041.1110_none_60b5254171f9507e;C:\Program Files\Android\Android Studio\jbr\bin\server;C:\Users\yhord\.gradle\native\e1d6ef7f7dcc3fd88c89a11ec53ec762bb8ba0a96d01ffa2cd45eb1d1d8dd5c5\windows-amd64;C:\Users\yhord\.gradle\native\0d407fdbe67a94daf76414ababcb853783967236a71b16ec16e742cd7a986fd3\windows-amd64

VM Arguments:
jvm_args: --add-opens=java.base/java.util=ALL-UNNAMED --add-opens=java.base/java.lang=ALL-UNNAMED --add-opens=java.base/java.lang.invoke=ALL-UNNAMED --add-opens=java.base/java.util=ALL-UNNAMED --add-opens=java.prefs/java.util.prefs=ALL-UNNAMED --add-opens=java.prefs/java.util.prefs=ALL-UNNAMED --add-opens=java.base/java.nio.charset=ALL-UNNAMED --add-opens=java.base/java.net=ALL-UNNAMED --add-opens=java.base/java.util.concurrent.atomic=ALL-UNNAMED -Xmx1536M -Dfile.encoding=windows-1252 -Duser.country=PE -Duser.language=es -Duser.variant 
java_command: org.gradle.launcher.daemon.bootstrap.GradleDaemon 7.5
java_class_path (initial): C:\Users\yhord\.gradle\wrapper\dists\gradle-7.5-all\6qsw290k5lz422uaf8jf6m7co\gradle-7.5\lib\gradle-launcher-7.5.jar
Launcher Type: SUN_STANDARD

[Global flags]
     intx CICompilerCount                          = 4                                         {product} {ergonomic}
     uint ConcGCThreads                            = 2                                         {product} {ergonomic}
     uint G1ConcRefinementThreads                  = 8                                         {product} {ergonomic}
   size_t G1HeapRegionSize                         = 1048576                                   {product} {ergonomic}
    uintx GCDrainStackTargetSize                   = 64                                        {product} {ergonomic}
   size_t InitialHeapSize                          = 132120576                                 {product} {ergonomic}
   size_t MarkStackSize                            = 4194304                                   {product} {ergonomic}
   size_t MaxHeapSize                              = 1610612736                                {product} {command line}
   size_t MaxNewSize                               = 965738496                                 {product} {ergonomic}
   size_t MinHeapDeltaBytes                        = 1048576                                   {product} {ergonomic}
   size_t MinHeapSize                              = 8388608                                   {product} {ergonomic}
    uintx NonNMethodCodeHeapSize                   = 5839372                                {pd product} {ergonomic}
    uintx NonProfiledCodeHeapSize                  = 122909434                              {pd product} {ergonomic}
    uintx ProfiledCodeHeapSize                     = 122909434                              {pd product} {ergonomic}
    uintx ReservedCodeCacheSize                    = 251658240                              {pd product} {ergonomic}
     bool SegmentedCodeCache                       = true                                      {product} {ergonomic}
   size_t SoftMaxHeapSize                          = 1610612736                             {manageable} {ergonomic}
     bool UseCompressedClassPointers               = true                           {product lp64_product} {ergonomic}
     bool UseCompressedOops                        = true                           {product lp64_product} {ergonomic}
     bool UseG1GC                                  = true                                      {product} {ergonomic}
     bool UseLargePagesIndividualAllocation        = false                                  {pd product} {ergonomic}

Logging:
Log output configuration:
 #0: stdout all=warning uptime,level,tags
 #1: stderr all=off uptime,level,tags

Environment Variables:
JAVA_HOME=C:\Program Files\Android\Android Studio\jbr
CLASSPATH=C:\Users\yhord\OneDrive\Escritorio\Proyectos Flutter\App_Leon_XIII\android\\gradle\wrapper\gradle-wrapper.jar
PATH=C:\Program Files\Android\Android Studio\jbr\bin;C:\Program Files\Microsoft\jdk-11.0.16.101-hotspot\bin;C:\Windows\system32;C:\Windows;C:\Windows\System32\Wbem;C:\Windows\System32\WindowsPowerShell\v1.0\;C:\Windows\System32\OpenSSH\;C:\Program Files (x86)\NVIDIA Corporation\PhysX\Common;C:\Program Files\NVIDIA Corporation\NVIDIA NvDLISR;C:\Program Files\Microsoft SQL Server\150\Tools\Binn\;C:\Program Files\Microsoft SQL Server\Client SDK\ODBC\170\Tools\Binn\;C:\Program Files\dotnet\;C:\Program Files (x86)\Windows Kits\10\Windows Performance Toolkit\;C:\Users\yhord\AppData\Local\Microsoft\WindowsApps;C:\Users\yhord\OneDrive\Escritorio\DOCUMENTOS MDY\flutter\bin;C:\Users\yhord\.dotnet\tools;C:\Users\yhord\AppData\Local\Programs\Microsoft VS Code\bin;C:\Program Files\JetBrains\IntelliJ IDEA 2023.2.1\bin;;C:\Users\yhord\OneDrive\Escritorio\DOCUMENTOS MDY\flutter\bin\mingit\cmd
USERNAME=yhord
OS=Windows_NT
PROCESSOR_IDENTIFIER=Intel64 Family 6 Model 158 Stepping 10, GenuineIntel
TMP=C:\Users\yhord\AppData\Local\Temp
TEMP=C:\Users\yhord\AppData\Local\Temp


JNI global refs:
JNI global refs: 25, weak refs: 7

JNI global refs memory usage: 843, weak refs: 841


---------------  S Y S T E M  ---------------

OS:
 Windows 10 , 64 bit Build 19041 (10.0.19041.3393)
OS uptime: 0 days 2:45 hours

CPU: total 8 (initial active 8) (4 cores per cpu, 2 threads per core) family 6 model 158 stepping 10 microcode 0xb4, cx8, cmov, fxsr, ht, mmx, 3dnowpref, sse, sse2, sse3, ssse3, sse4.1, sse4.2, popcnt, lzcnt, tsc, tscinvbit, avx, avx2, aes, erms, clmul, bmi1, bmi2, adx, fma, vzeroupper, clflush, clflushopt

Memory: 4k page, system-wide physical 8034M (336M free)
TotalPageFile size 16068M (AvailPageFile size 1M)
current process WorkingSet (physical memory assigned to process): 390M, peak: 400M
current process commit charge ("private bytes"): 494M, peak: 505M

vm_info: OpenJDK 64-Bit Server VM (17.0.6+0-b2043.56-10027231) for windows-amd64 JRE (17.0.6+0-b2043.56-10027231), built on Apr 28 2023 00:43:19 by "androidbuild" with MS VC++ 16.10 / 16.11 (VS2019)

END.
