#
# There is insufficient memory for the Java Runtime Environment to continue.
# Native memory allocation (malloc) failed to allocate 1215696 bytes for Chunk::new
# Possible reasons:
#   The system is out of physical RAM or swap space
#   The process is running with CompressedOops enabled, and the Java Heap may be blocking the growth of the native heap
# Possible solutions:
#   Reduce memory load on the system
#   Increase physical memory or swap space
#   Check if swap backing store is full
#   Decrease Java heap size (-Xmx/-Xms)
#   Decrease number of Java threads
#   Decrease Java thread stack sizes (-Xss)
#   Set larger code cache with -XX:ReservedCodeCacheSize=
#   JVM is running with Unscaled Compressed Oops mode in which the Java heap is
#     placed in the first 4GB address space. The Java Heap base address is the
#     maximum limit for the native heap growth. Please use -XX:HeapBaseMinAddress
#     to set the Java Heap base and to place the Java Heap above 4GB virtual address.
# This output file may be truncated or incomplete.
#
#  Out of Memory Error (arena.cpp:189), pid=6720, tid=6204
#
# JRE version: OpenJDK Runtime Environment (17.0.6) (build 17.0.6+0-b2043.56-10027231)
# Java VM: OpenJDK 64-Bit Server VM (17.0.6+0-b2043.56-10027231, mixed mode, tiered, compressed oops, compressed class ptrs, g1 gc, windows-amd64)
# No core dump will be written. Minidumps are not enabled by default on client versions of Windows
#

---------------  S U M M A R Y ------------

Command Line: --add-opens=java.base/java.util=ALL-UNNAMED --add-opens=java.base/java.lang=ALL-UNNAMED --add-opens=java.base/java.lang.invoke=ALL-UNNAMED --add-opens=java.base/java.util=ALL-UNNAMED --add-opens=java.prefs/java.util.prefs=ALL-UNNAMED --add-opens=java.prefs/java.util.prefs=ALL-UNNAMED --add-opens=java.base/java.nio.charset=ALL-UNNAMED --add-opens=java.base/java.net=ALL-UNNAMED --add-opens=java.base/java.util.concurrent.atomic=ALL-UNNAMED -Xmx1536M -Dfile.encoding=windows-1252 -Duser.country=PE -Duser.language=es -Duser.variant org.gradle.launcher.daemon.bootstrap.GradleDaemon 7.5

Host: Intel(R) Core(TM) i5-8300H CPU @ 2.30GHz, 8 cores, 7G,  Windows 10 , 64 bit Build 19041 (10.0.19041.3393)
Time: Tue Aug 29 11:00:22 2023 Hora est. Pacífico, Sudamérica elapsed time: 13.915209 seconds (0d 0h 0m 13s)

---------------  T H R E A D  ---------------

Current thread (0x000002846e44bcf0):  JavaThread "C2 CompilerThread0" daemon [_thread_in_native, id=6204, stack(0x000000a852300000,0x000000a852400000)]


Current CompileTask:
C2:  13915 7887   !   4       com.sun.org.apache.xerces.internal.impl.XMLDocumentFragmentScannerImpl$FragmentContentDriver::next (2331 bytes)

Stack: [0x000000a852300000,0x000000a852400000]
Native frames: (J=compiled Java code, j=interpreted, Vv=VM code, C=native code)
V  [jvm.dll+0x683c9a]
V  [jvm.dll+0x8427a4]
V  [jvm.dll+0x843f9e]
V  [jvm.dll+0x844603]
V  [jvm.dll+0x249b75]
V  [jvm.dll+0xabcac]
V  [jvm.dll+0xac27c]
V  [jvm.dll+0x368802]
V  [jvm.dll+0x332f31]
V  [jvm.dll+0x3323da]
V  [jvm.dll+0x21c201]
V  [jvm.dll+0x21b621]
V  [jvm.dll+0x1a4fdd]
V  [jvm.dll+0x22b098]
V  [jvm.dll+0x229159]
V  [jvm.dll+0x7f81ec]
V  [jvm.dll+0x7f274a]
V  [jvm.dll+0x682ad5]
C  [ucrtbase.dll+0x21bb2]
C  [KERNEL32.DLL+0x17344]
C  [ntdll.dll+0x526b1]


---------------  P R O C E S S  ---------------

Threads class SMR info:
_java_thread_list=0x00000284748b9b00, length=92, elements={
0x000002845300c5c0, 0x000002846e420260, 0x000002846e422000, 0x000002846e4505f0,
0x000002846e450eb0, 0x000002846e451770, 0x000002846e448130, 0x000002846e44bcf0,
0x000002846e45fbe0, 0x000002846e46c8e0, 0x000002846e5f7010, 0x000002846e5f9550,
0x0000028470fb4ff0, 0x000002846fe335e0, 0x000002847128e8a0, 0x000002846fbf79d0,
0x000002847163d800, 0x000002846f8e0880, 0x000002846f8df540, 0x000002846f8dfa10,
0x000002846f8dfee0, 0x000002846f8e03b0, 0x000002846f8df070, 0x000002847002bc50,
0x000002847002ec70, 0x000002847002ffb0, 0x000002847002b2b0, 0x000002847002d460,
0x000002847002f140, 0x000002847002cf90, 0x000002847002c120, 0x000002847002d930,
0x000002847002de00, 0x000002847002c5f0, 0x0000028470030480, 0x00000284700312f0,
0x000002847002f610, 0x000002847002cac0, 0x000002847002fae0, 0x0000028470031c90,
0x000002847002b780, 0x0000028470032630, 0x0000028473df73c0, 0x0000028473df7890,
0x0000028473df9a40, 0x0000028473df6080, 0x0000028473df7d60, 0x0000028473df6550,
0x0000028473df8700, 0x0000028473df90a0, 0x0000028473df6a20, 0x0000028473df9570,
0x0000028473df6ef0, 0x0000028475e4dbe0, 0x0000028475e510d0, 0x0000028475e51a70,
0x0000028475e50c00, 0x0000028475e53280, 0x0000028475e515a0, 0x0000028475e53c20,
0x0000028475e540f0, 0x0000028475e545c0, 0x0000028475e4e0b0, 0x0000028475e51f40,
0x0000028475e52410, 0x0000028475e528e0, 0x0000028475e4e580, 0x0000028475e4fd90,
0x0000028475e50730, 0x0000028475e54a90, 0x0000028475e4d240, 0x0000028475e52db0,
0x0000028475e53750, 0x0000028475e50260, 0x0000028475e4d710, 0x0000028475e4ea50,
0x0000028475e4ef20, 0x0000028475e4f3f0, 0x0000028475e4f8c0, 0x00000284730b6650,
0x00000284730b7e60, 0x00000284730b9670, 0x00000284730b4970, 0x00000284730b8330,
0x00000284730b8800, 0x00000284730b74c0, 0x00000284730b3630, 0x00000284730b3b00,
0x00000284730b8cd0, 0x00000284730b7990, 0x00000284730b91a0, 0x00000284730b3fd0
}

Java Threads: ( => current thread )
  0x000002845300c5c0 JavaThread "main" [_thread_blocked, id=10448, stack(0x000000a851600000,0x000000a851700000)]
  0x000002846e420260 JavaThread "Reference Handler" daemon [_thread_blocked, id=6252, stack(0x000000a851d00000,0x000000a851e00000)]
  0x000002846e422000 JavaThread "Finalizer" daemon [_thread_blocked, id=2196, stack(0x000000a851e00000,0x000000a851f00000)]
  0x000002846e4505f0 JavaThread "Signal Dispatcher" daemon [_thread_blocked, id=6548, stack(0x000000a851f00000,0x000000a852000000)]
  0x000002846e450eb0 JavaThread "Attach Listener" daemon [_thread_blocked, id=5532, stack(0x000000a852000000,0x000000a852100000)]
  0x000002846e451770 JavaThread "Service Thread" daemon [_thread_blocked, id=928, stack(0x000000a852100000,0x000000a852200000)]
  0x000002846e448130 JavaThread "Monitor Deflation Thread" daemon [_thread_blocked, id=12048, stack(0x000000a852200000,0x000000a852300000)]
=>0x000002846e44bcf0 JavaThread "C2 CompilerThread0" daemon [_thread_in_native, id=6204, stack(0x000000a852300000,0x000000a852400000)]
  0x000002846e45fbe0 JavaThread "C1 CompilerThread0" daemon [_thread_blocked, id=1036, stack(0x000000a852400000,0x000000a852500000)]
  0x000002846e46c8e0 JavaThread "Sweeper thread" daemon [_thread_blocked, id=13280, stack(0x000000a852500000,0x000000a852600000)]
  0x000002846e5f7010 JavaThread "Common-Cleaner" daemon [_thread_blocked, id=3732, stack(0x000000a852600000,0x000000a852700000)]
  0x000002846e5f9550 JavaThread "Notification Thread" daemon [_thread_blocked, id=7216, stack(0x000000a852700000,0x000000a852800000)]
  0x0000028470fb4ff0 JavaThread "Daemon health stats" [_thread_blocked, id=10064, stack(0x000000a852e00000,0x000000a852f00000)]
  0x000002846fe335e0 JavaThread "Incoming local TCP Connector on port 53878" [_thread_in_native, id=12880, stack(0x000000a852f00000,0x000000a853000000)]
  0x000002847128e8a0 JavaThread "Daemon periodic checks" [_thread_blocked, id=2216, stack(0x000000a853000000,0x000000a853100000)]
  0x000002846fbf79d0 JavaThread "Daemon" [_thread_blocked, id=8824, stack(0x000000a853100000,0x000000a853200000)]
  0x000002847163d800 JavaThread "Handler for socket connection from /127.0.0.1:53878 to /127.0.0.1:53879" [_thread_in_native, id=3152, stack(0x000000a853200000,0x000000a853300000)]
  0x000002846f8e0880 JavaThread "Cancel handler" [_thread_blocked, id=2064, stack(0x000000a853300000,0x000000a853400000)]
  0x000002846f8df540 JavaThread "Daemon worker" [_thread_blocked, id=9016, stack(0x000000a853400000,0x000000a853500000)]
  0x000002846f8dfa10 JavaThread "Asynchronous log dispatcher for DefaultDaemonConnection: socket connection from /127.0.0.1:53878 to /127.0.0.1:53879" [_thread_blocked, id=4576, stack(0x000000a853500000,0x000000a853600000)]
  0x000002846f8dfee0 JavaThread "Stdin handler" [_thread_blocked, id=12868, stack(0x000000a853600000,0x000000a853700000)]
  0x000002846f8e03b0 JavaThread "Daemon client event forwarder" [_thread_blocked, id=8664, stack(0x000000a853700000,0x000000a853800000)]
  0x000002846f8df070 JavaThread "Cache worker for journal cache (C:\Users\yhord\.gradle\caches\journal-1)" [_thread_blocked, id=6424, stack(0x000000a853800000,0x000000a853900000)]
  0x000002847002bc50 JavaThread "File lock request listener" [_thread_in_native, id=14112, stack(0x000000a853900000,0x000000a853a00000)]
  0x000002847002ec70 JavaThread "Cache worker for file hash cache (C:\Users\yhord\.gradle\caches\7.5\fileHashes)" [_thread_blocked, id=12036, stack(0x000000a853e00000,0x000000a853f00000)]
  0x000002847002ffb0 JavaThread "File watcher server" daemon [_thread_in_native, id=12896, stack(0x000000a853f00000,0x000000a854000000)]
  0x000002847002b2b0 JavaThread "File watcher consumer" daemon [_thread_blocked, id=2480, stack(0x000000a854000000,0x000000a854100000)]
  0x000002847002d460 JavaThread "Cache worker for checksums cache (C:\Users\yhord\OneDrive\Escritorio\Proyectos Flutter\App_Leon_XIII\android\.gradle\7.5\checksums)" [_thread_blocked, id=3464, stack(0x000000a854100000,0x000000a854200000)]
  0x000002847002f140 JavaThread "Cache worker for cache directory md-rule (C:\Users\yhord\.gradle\caches\7.5\md-rule)" [_thread_blocked, id=5448, stack(0x000000a854200000,0x000000a854300000)]
  0x000002847002cf90 JavaThread "Cache worker for file content cache (C:\Users\yhord\.gradle\caches\7.5\fileContent)" [_thread_blocked, id=10992, stack(0x000000a854300000,0x000000a854400000)]
  0x000002847002c120 JavaThread "Cache worker for file hash cache (C:\Users\yhord\OneDrive\Escritorio\Proyectos Flutter\App_Leon_XIII\android\.gradle\7.5\fileHashes)" [_thread_blocked, id=13900, stack(0x000000a854400000,0x000000a854500000)]
  0x000002847002d930 JavaThread "Cache worker for cache directory md-supplier (C:\Users\yhord\.gradle\caches\7.5\md-supplier)" [_thread_blocked, id=5644, stack(0x000000a854500000,0x000000a854600000)]
  0x000002847002de00 JavaThread "Cache worker for execution history cache (C:\Users\yhord\.gradle\caches\7.5\executionHistory)" [_thread_blocked, id=13576, stack(0x000000a854600000,0x000000a854700000)]
  0x000002847002c5f0 JavaThread "jar transforms" [_thread_blocked, id=13856, stack(0x000000a854700000,0x000000a854800000)]
  0x0000028470030480 JavaThread "jar transforms Thread 2" [_thread_blocked, id=3056, stack(0x000000a854800000,0x000000a854900000)]
  0x00000284700312f0 JavaThread "jar transforms Thread 3" [_thread_blocked, id=10952, stack(0x000000a854900000,0x000000a854a00000)]
  0x000002847002f610 JavaThread "jar transforms Thread 4" [_thread_blocked, id=14052, stack(0x000000a854a00000,0x000000a854b00000)]
  0x000002847002cac0 JavaThread "Cache worker for dependencies-accessors (C:\Users\yhord\OneDrive\Escritorio\Proyectos Flutter\App_Leon_XIII\android\.gradle\7.5\dependencies-accessors)" [_thread_blocked, id=8216, stack(0x000000a854b00000,0x000000a854c00000)]
  0x000002847002fae0 JavaThread "jar transforms Thread 5" [_thread_blocked, id=12936, stack(0x000000a854c00000,0x000000a854d00000)]
  0x0000028470031c90 JavaThread "Cache worker for Build Output Cleanup Cache (C:\Users\yhord\OneDrive\Escritorio\Proyectos Flutter\App_Leon_XIII\android\.gradle\buildOutputCleanup)" [_thread_blocked, id=13540, stack(0x000000a854d00000,0x000000a854e00000)]
  0x000002847002b780 JavaThread "Unconstrained build operations" [_thread_blocked, id=6336, stack(0x000000a854e00000,0x000000a854f00000)]
  0x0000028470032630 JavaThread "Unconstrained build operations Thread 2" [_thread_blocked, id=7772, stack(0x000000a854f00000,0x000000a855000000)]
  0x0000028473df73c0 JavaThread "Unconstrained build operations Thread 3" [_thread_blocked, id=7304, stack(0x000000a855100000,0x000000a855200000)]
  0x0000028473df7890 JavaThread "Unconstrained build operations Thread 4" [_thread_blocked, id=2180, stack(0x000000a855200000,0x000000a855300000)]
  0x0000028473df9a40 JavaThread "Unconstrained build operations Thread 5" [_thread_blocked, id=6428, stack(0x000000a855300000,0x000000a855400000)]
  0x0000028473df6080 JavaThread "Unconstrained build operations Thread 6" [_thread_blocked, id=6688, stack(0x000000a855400000,0x000000a855500000)]
  0x0000028473df7d60 JavaThread "Unconstrained build operations Thread 7" [_thread_blocked, id=6272, stack(0x000000a855500000,0x000000a855600000)]
  0x0000028473df6550 JavaThread "Unconstrained build operations Thread 8" [_thread_blocked, id=13344, stack(0x000000a855600000,0x000000a855700000)]
  0x0000028473df8700 JavaThread "Unconstrained build operations Thread 9" [_thread_blocked, id=1396, stack(0x000000a855700000,0x000000a855800000)]
  0x0000028473df90a0 JavaThread "Unconstrained build operations Thread 10" [_thread_blocked, id=9220, stack(0x000000a855800000,0x000000a855900000)]
  0x0000028473df6a20 JavaThread "Unconstrained build operations Thread 11" [_thread_blocked, id=2504, stack(0x000000a855900000,0x000000a855a00000)]
  0x0000028473df9570 JavaThread "Unconstrained build operations Thread 12" [_thread_blocked, id=9044, stack(0x000000a855a00000,0x000000a855b00000)]
  0x0000028473df6ef0 JavaThread "Unconstrained build operations Thread 13" [_thread_blocked, id=1516, stack(0x000000a855b00000,0x000000a855c00000)]
  0x0000028475e4dbe0 JavaThread "Unconstrained build operations Thread 14" [_thread_blocked, id=7952, stack(0x000000a855c00000,0x000000a855d00000)]
  0x0000028475e510d0 JavaThread "Unconstrained build operations Thread 15" [_thread_blocked, id=668, stack(0x000000a855d00000,0x000000a855e00000)]
  0x0000028475e51a70 JavaThread "Unconstrained build operations Thread 16" [_thread_blocked, id=9976, stack(0x000000a855e00000,0x000000a855f00000)]
  0x0000028475e50c00 JavaThread "Unconstrained build operations Thread 17" [_thread_blocked, id=4788, stack(0x000000a855f00000,0x000000a856000000)]
  0x0000028475e53280 JavaThread "Unconstrained build operations Thread 18" [_thread_blocked, id=8584, stack(0x000000a856000000,0x000000a856100000)]
  0x0000028475e515a0 JavaThread "Unconstrained build operations Thread 19" [_thread_blocked, id=13624, stack(0x000000a856100000,0x000000a856200000)]
  0x0000028475e53c20 JavaThread "Unconstrained build operations Thread 20" [_thread_blocked, id=2860, stack(0x000000a856200000,0x000000a856300000)]
  0x0000028475e540f0 JavaThread "Unconstrained build operations Thread 21" [_thread_blocked, id=11716, stack(0x000000a856300000,0x000000a856400000)]
  0x0000028475e545c0 JavaThread "Unconstrained build operations Thread 22" [_thread_blocked, id=7160, stack(0x000000a856400000,0x000000a856500000)]
  0x0000028475e4e0b0 JavaThread "Unconstrained build operations Thread 23" [_thread_blocked, id=12792, stack(0x000000a856500000,0x000000a856600000)]
  0x0000028475e51f40 JavaThread "Unconstrained build operations Thread 24" [_thread_blocked, id=5324, stack(0x000000a856600000,0x000000a856700000)]
  0x0000028475e52410 JavaThread "Unconstrained build operations Thread 25" [_thread_blocked, id=11444, stack(0x000000a856700000,0x000000a856800000)]
  0x0000028475e528e0 JavaThread "Unconstrained build operations Thread 26" [_thread_blocked, id=5536, stack(0x000000a856800000,0x000000a856900000)]
  0x0000028475e4e580 JavaThread "Unconstrained build operations Thread 27" [_thread_blocked, id=2524, stack(0x000000a856900000,0x000000a856a00000)]
  0x0000028475e4fd90 JavaThread "Unconstrained build operations Thread 28" [_thread_blocked, id=14060, stack(0x000000a856a00000,0x000000a856b00000)]
  0x0000028475e50730 JavaThread "Unconstrained build operations Thread 29" [_thread_blocked, id=5724, stack(0x000000a856b00000,0x000000a856c00000)]
  0x0000028475e54a90 JavaThread "Unconstrained build operations Thread 30" [_thread_blocked, id=2376, stack(0x000000a856c00000,0x000000a856d00000)]
  0x0000028475e4d240 JavaThread "Unconstrained build operations Thread 31" [_thread_blocked, id=7560, stack(0x000000a856d00000,0x000000a856e00000)]
  0x0000028475e52db0 JavaThread "Unconstrained build operations Thread 32" [_thread_blocked, id=12884, stack(0x000000a856e00000,0x000000a856f00000)]
  0x0000028475e53750 JavaThread "Unconstrained build operations Thread 33" [_thread_blocked, id=8996, stack(0x000000a856f00000,0x000000a857000000)]
  0x0000028475e50260 JavaThread "Unconstrained build operations Thread 34" [_thread_blocked, id=13484, stack(0x000000a857000000,0x000000a857100000)]
  0x0000028475e4d710 JavaThread "Unconstrained build operations Thread 35" [_thread_blocked, id=6504, stack(0x000000a857100000,0x000000a857200000)]
  0x0000028475e4ea50 JavaThread "Unconstrained build operations Thread 36" [_thread_blocked, id=7252, stack(0x000000a857200000,0x000000a857300000)]
  0x0000028475e4ef20 JavaThread "Unconstrained build operations Thread 37" [_thread_blocked, id=12976, stack(0x000000a857300000,0x000000a857400000)]
  0x0000028475e4f3f0 JavaThread "Unconstrained build operations Thread 38" [_thread_blocked, id=10016, stack(0x000000a857400000,0x000000a857500000)]
  0x0000028475e4f8c0 JavaThread "Unconstrained build operations Thread 39" [_thread_blocked, id=1472, stack(0x000000a857500000,0x000000a857600000)]
  0x00000284730b6650 JavaThread "Unconstrained build operations Thread 40" [_thread_blocked, id=8472, stack(0x000000a857600000,0x000000a857700000)]
  0x00000284730b7e60 JavaThread "Unconstrained build operations Thread 41" [_thread_blocked, id=144, stack(0x000000a857700000,0x000000a857800000)]
  0x00000284730b9670 JavaThread "Unconstrained build operations Thread 42" [_thread_blocked, id=7036, stack(0x000000a857800000,0x000000a857900000)]
  0x00000284730b4970 JavaThread "Unconstrained build operations Thread 43" [_thread_blocked, id=12436, stack(0x000000a857900000,0x000000a857a00000)]
  0x00000284730b8330 JavaThread "Unconstrained build operations Thread 44" [_thread_in_native, id=2804, stack(0x000000a857a00000,0x000000a857b00000)]
  0x00000284730b8800 JavaThread "Unconstrained build operations Thread 45" [_thread_blocked, id=4664, stack(0x000000a857b00000,0x000000a857c00000)]
  0x00000284730b74c0 JavaThread "Unconstrained build operations Thread 46" [_thread_blocked, id=12520, stack(0x000000a857c00000,0x000000a857d00000)]
  0x00000284730b3630 JavaThread "Unconstrained build operations Thread 47" [_thread_blocked, id=9048, stack(0x000000a857d00000,0x000000a857e00000)]
  0x00000284730b3b00 JavaThread "Unconstrained build operations Thread 48" [_thread_blocked, id=984, stack(0x000000a857e00000,0x000000a857f00000)]
  0x00000284730b8cd0 JavaThread "Unconstrained build operations Thread 49" [_thread_blocked, id=6672, stack(0x000000a857f00000,0x000000a858000000)]
  0x00000284730b7990 JavaThread "Unconstrained build operations Thread 50" [_thread_blocked, id=6180, stack(0x000000a858000000,0x000000a858100000)]
  0x00000284730b91a0 JavaThread "Unconstrained build operations Thread 51" [_thread_blocked, id=12428, stack(0x000000a858100000,0x000000a858200000)]
  0x00000284730b3fd0 JavaThread "Unconstrained build operations Thread 52" [_thread_blocked, id=6072, stack(0x000000a858200000,0x000000a858300000)]

Other Threads:
  0x000002846db0ac60 VMThread "VM Thread" [stack: 0x000000a851c00000,0x000000a851d00000] [id=2852]
  0x000002846e499370 WatcherThread [stack: 0x000000a852800000,0x000000a852900000] [id=13688]
  0x000002845305abc0 GCTaskThread "GC Thread#0" [stack: 0x000000a851700000,0x000000a851800000] [id=1888]
  0x000002846ebd4fd0 GCTaskThread "GC Thread#1" [stack: 0x000000a852a00000,0x000000a852b00000] [id=3144]
  0x000002846e9dd7a0 GCTaskThread "GC Thread#2" [stack: 0x000000a852b00000,0x000000a852c00000] [id=10904]
  0x000002846f4c6030 GCTaskThread "GC Thread#3" [stack: 0x000000a852c00000,0x000000a852d00000] [id=2624]
  0x000002846f648740 GCTaskThread "GC Thread#4" [stack: 0x000000a852d00000,0x000000a852e00000] [id=8276]
  0x000002846f938db0 GCTaskThread "GC Thread#5" [stack: 0x000000a853a00000,0x000000a853b00000] [id=13212]
  0x000002846ffa8030 GCTaskThread "GC Thread#6" [stack: 0x000000a853b00000,0x000000a853c00000] [id=10008]
  0x0000028470ff0570 GCTaskThread "GC Thread#7" [stack: 0x000000a853c00000,0x000000a853d00000] [id=12944]
  0x0000028453067a10 ConcurrentGCThread "G1 Main Marker" [stack: 0x000000a851800000,0x000000a851900000] [id=14044]
  0x0000028453069ae0 ConcurrentGCThread "G1 Conc#0" [stack: 0x000000a851900000,0x000000a851a00000] [id=9344]
  0x000002846fbbfca0 ConcurrentGCThread "G1 Conc#1" [stack: 0x000000a853d00000,0x000000a853e00000] [id=6232]
  0x000002846d9620d0 ConcurrentGCThread "G1 Refine#0" [stack: 0x000000a851a00000,0x000000a851b00000] [id=9168]
  0x000002846d962a00 ConcurrentGCThread "G1 Service" [stack: 0x000000a851b00000,0x000000a851c00000] [id=7088]

Threads with active compile tasks:
C2 CompilerThread0    14009 7887   !   4       com.sun.org.apache.xerces.internal.impl.XMLDocumentFragmentScannerImpl$FragmentContentDriver::next (2331 bytes)

VM state: not at safepoint (normal execution)

VM Mutex/Monitor currently owned by a thread: None

Heap address: 0x00000000a0000000, size: 1536 MB, Compressed Oops mode: 32-bit

CDS archive(s) not mapped
Compressed class space mapped at: 0x0000000100000000-0x0000000140000000, reserved size: 1073741824
Narrow klass base: 0x0000000000000000, Narrow klass shift: 3, Narrow klass range: 0x140000000

GC Precious Log:
 CPUs: 8 total, 8 available
 Memory: 8034M
 Large Page Support: Disabled
 NUMA Support: Disabled
 Compressed Oops: Enabled (32-bit)
 Heap Region Size: 1M
 Heap Min Capacity: 8M
 Heap Initial Capacity: 126M
 Heap Max Capacity: 1536M
 Pre-touch: Disabled
 Parallel Workers: 8
 Concurrent Workers: 2
 Concurrent Refinement Workers: 8
 Periodic GC: Disabled

Heap:
 garbage-first heap   total 91136K, used 61862K [0x00000000a0000000, 0x0000000100000000)
  region size 1024K, 25 young (25600K), 3 survivors (3072K)
 Metaspace       used 64975K, committed 65472K, reserved 1105920K
  class space    used 8399K, committed 8640K, reserved 1048576K

Heap Regions: E=young(eden), S=young(survivor), O=old, HS=humongous(starts), HC=humongous(continues), CS=collection set, F=free, OA=open archive, CA=closed archive, TAMS=top-at-mark-start (previous, next)
|   0|0x00000000a0000000, 0x00000000a0100000, 0x00000000a0100000|100%| O|  |TAMS 0x00000000a0100000, 0x00000000a0000000| Untracked 
|   1|0x00000000a0100000, 0x00000000a0200000, 0x00000000a0200000|100%| O|  |TAMS 0x00000000a0200000, 0x00000000a0100000| Untracked 
|   2|0x00000000a0200000, 0x00000000a0300000, 0x00000000a0300000|100%| O|  |TAMS 0x00000000a0300000, 0x00000000a0200000| Untracked 
|   3|0x00000000a0300000, 0x00000000a0400000, 0x00000000a0400000|100%|HS|  |TAMS 0x00000000a0400000, 0x00000000a0300000| Complete 
|   4|0x00000000a0400000, 0x00000000a0500000, 0x00000000a0500000|100%|HC|  |TAMS 0x00000000a0500000, 0x00000000a0400000| Complete 
|   5|0x00000000a0500000, 0x00000000a0600000, 0x00000000a0600000|100%|HC|  |TAMS 0x00000000a0600000, 0x00000000a0500000| Complete 
|   6|0x00000000a0600000, 0x00000000a0700000, 0x00000000a0700000|100%| O|  |TAMS 0x00000000a0700000, 0x00000000a0600000| Untracked 
|   7|0x00000000a0700000, 0x00000000a0800000, 0x00000000a0800000|100%| O|  |TAMS 0x00000000a0800000, 0x00000000a0700000| Untracked 
|   8|0x00000000a0800000, 0x00000000a0900000, 0x00000000a0900000|100%| O|  |TAMS 0x00000000a0900000, 0x00000000a0800000| Untracked 
|   9|0x00000000a0900000, 0x00000000a0a00000, 0x00000000a0a00000|100%| O|  |TAMS 0x00000000a0a00000, 0x00000000a0900000| Untracked 
|  10|0x00000000a0a00000, 0x00000000a0b00000, 0x00000000a0b00000|100%| O|  |TAMS 0x00000000a0b00000, 0x00000000a0a00000| Untracked 
|  11|0x00000000a0b00000, 0x00000000a0c00000, 0x00000000a0c00000|100%| O|  |TAMS 0x00000000a0c00000, 0x00000000a0b00000| Untracked 
|  12|0x00000000a0c00000, 0x00000000a0d00000, 0x00000000a0d00000|100%| O|  |TAMS 0x00000000a0d00000, 0x00000000a0c00000| Untracked 
|  13|0x00000000a0d00000, 0x00000000a0e00000, 0x00000000a0e00000|100%| O|  |TAMS 0x00000000a0e00000, 0x00000000a0d00000| Untracked 
|  14|0x00000000a0e00000, 0x00000000a0f00000, 0x00000000a0f00000|100%| O|  |TAMS 0x00000000a0f00000, 0x00000000a0e00000| Untracked 
|  15|0x00000000a0f00000, 0x00000000a1000000, 0x00000000a1000000|100%| O|  |TAMS 0x00000000a1000000, 0x00000000a0f00000| Untracked 
|  16|0x00000000a1000000, 0x00000000a1100000, 0x00000000a1100000|100%| O|  |TAMS 0x00000000a1100000, 0x00000000a1000000| Untracked 
|  17|0x00000000a1100000, 0x00000000a1200000, 0x00000000a1200000|100%| O|  |TAMS 0x00000000a1200000, 0x00000000a1100000| Untracked 
|  18|0x00000000a1200000, 0x00000000a1300000, 0x00000000a1300000|100%| O|  |TAMS 0x00000000a1300000, 0x00000000a1200000| Untracked 
|  19|0x00000000a1300000, 0x00000000a1400000, 0x00000000a1400000|100%| O|  |TAMS 0x00000000a1400000, 0x00000000a1300000| Untracked 
|  20|0x00000000a1400000, 0x00000000a1500000, 0x00000000a1500000|100%| O|  |TAMS 0x00000000a1500000, 0x00000000a1400000| Untracked 
|  21|0x00000000a1500000, 0x00000000a1600000, 0x00000000a1600000|100%| O|  |TAMS 0x00000000a1600000, 0x00000000a1500000| Untracked 
|  22|0x00000000a1600000, 0x00000000a1700000, 0x00000000a1700000|100%| O|  |TAMS 0x00000000a1700000, 0x00000000a1600000| Untracked 
|  23|0x00000000a1700000, 0x00000000a1800000, 0x00000000a1800000|100%| O|  |TAMS 0x00000000a1800000, 0x00000000a1700000| Untracked 
|  24|0x00000000a1800000, 0x00000000a1900000, 0x00000000a1900000|100%| O|  |TAMS 0x00000000a1900000, 0x00000000a1800000| Untracked 
|  25|0x00000000a1900000, 0x00000000a1a00000, 0x00000000a1a00000|100%| O|  |TAMS 0x00000000a1a00000, 0x00000000a1900000| Untracked 
|  26|0x00000000a1a00000, 0x00000000a1b00000, 0x00000000a1b00000|100%| O|  |TAMS 0x00000000a1b00000, 0x00000000a1a00000| Untracked 
|  27|0x00000000a1b00000, 0x00000000a1c00000, 0x00000000a1c00000|100%| O|  |TAMS 0x00000000a1c00000, 0x00000000a1b00000| Untracked 
|  28|0x00000000a1c00000, 0x00000000a1d00000, 0x00000000a1d00000|100%| O|  |TAMS 0x00000000a1d00000, 0x00000000a1c00000| Untracked 
|  29|0x00000000a1d00000, 0x00000000a1e00000, 0x00000000a1e00000|100%| O|  |TAMS 0x00000000a1e00000, 0x00000000a1d00000| Untracked 
|  30|0x00000000a1e00000, 0x00000000a1f00000, 0x00000000a1f00000|100%| O|  |TAMS 0x00000000a1f00000, 0x00000000a1e00000| Untracked 
|  31|0x00000000a1f00000, 0x00000000a2000000, 0x00000000a2000000|100%| O|  |TAMS 0x00000000a2000000, 0x00000000a1f00000| Untracked 
|  32|0x00000000a2000000, 0x00000000a2100000, 0x00000000a2100000|100%| O|  |TAMS 0x00000000a202e600, 0x00000000a2000000| Untracked 
|  33|0x00000000a2100000, 0x00000000a2200000, 0x00000000a2200000|100%| O|  |TAMS 0x00000000a2100000, 0x00000000a2100000| Untracked 
|  34|0x00000000a2200000, 0x00000000a2300000, 0x00000000a2300000|100%| O|  |TAMS 0x00000000a2200000, 0x00000000a2200000| Untracked 
|  35|0x00000000a2300000, 0x00000000a2400000, 0x00000000a2400000|100%| O|  |TAMS 0x00000000a2300000, 0x00000000a2300000| Untracked 
|  36|0x00000000a2400000, 0x00000000a2500000, 0x00000000a2500000|100%| O|  |TAMS 0x00000000a2400000, 0x00000000a2400000| Untracked 
|  37|0x00000000a2500000, 0x00000000a2576000, 0x00000000a2600000| 46%| O|  |TAMS 0x00000000a2500000, 0x00000000a2500000| Untracked 
|  38|0x00000000a2600000, 0x00000000a2600000, 0x00000000a2700000|  0%| F|  |TAMS 0x00000000a2600000, 0x00000000a2600000| Untracked 
|  39|0x00000000a2700000, 0x00000000a2700000, 0x00000000a2800000|  0%| F|  |TAMS 0x00000000a2700000, 0x00000000a2700000| Untracked 
|  40|0x00000000a2800000, 0x00000000a2800000, 0x00000000a2900000|  0%| F|  |TAMS 0x00000000a2800000, 0x00000000a2800000| Untracked 
|  41|0x00000000a2900000, 0x00000000a2900000, 0x00000000a2a00000|  0%| F|  |TAMS 0x00000000a2900000, 0x00000000a2900000| Untracked 
|  42|0x00000000a2a00000, 0x00000000a2a00000, 0x00000000a2b00000|  0%| F|  |TAMS 0x00000000a2a00000, 0x00000000a2a00000| Untracked 
|  43|0x00000000a2b00000, 0x00000000a2b00000, 0x00000000a2c00000|  0%| F|  |TAMS 0x00000000a2b00000, 0x00000000a2b00000| Untracked 
|  44|0x00000000a2c00000, 0x00000000a2c00000, 0x00000000a2d00000|  0%| F|  |TAMS 0x00000000a2c00000, 0x00000000a2c00000| Untracked 
|  45|0x00000000a2d00000, 0x00000000a2d00000, 0x00000000a2e00000|  0%| F|  |TAMS 0x00000000a2d00000, 0x00000000a2d00000| Untracked 
|  46|0x00000000a2e00000, 0x00000000a2e00000, 0x00000000a2f00000|  0%| F|  |TAMS 0x00000000a2e00000, 0x00000000a2e00000| Untracked 
|  47|0x00000000a2f00000, 0x00000000a2f00000, 0x00000000a3000000|  0%| F|  |TAMS 0x00000000a2f00000, 0x00000000a2f00000| Untracked 
|  48|0x00000000a3000000, 0x00000000a30f3840, 0x00000000a3100000| 95%| S|CS|TAMS 0x00000000a3000000, 0x00000000a3000000| Complete 
|  49|0x00000000a3100000, 0x00000000a3200000, 0x00000000a3200000|100%| S|CS|TAMS 0x00000000a3100000, 0x00000000a3100000| Complete 
|  50|0x00000000a3200000, 0x00000000a3300000, 0x00000000a3300000|100%| S|CS|TAMS 0x00000000a3200000, 0x00000000a3200000| Complete 
|  51|0x00000000a3300000, 0x00000000a3300000, 0x00000000a3400000|  0%| F|  |TAMS 0x00000000a3300000, 0x00000000a3300000| Untracked 
|  52|0x00000000a3400000, 0x00000000a3400000, 0x00000000a3500000|  0%| F|  |TAMS 0x00000000a3400000, 0x00000000a3400000| Untracked 
|  53|0x00000000a3500000, 0x00000000a3500000, 0x00000000a3600000|  0%| F|  |TAMS 0x00000000a3500000, 0x00000000a3500000| Untracked 
|  54|0x00000000a3600000, 0x00000000a3600000, 0x00000000a3700000|  0%| F|  |TAMS 0x00000000a3600000, 0x00000000a3600000| Untracked 
|  55|0x00000000a3700000, 0x00000000a3700000, 0x00000000a3800000|  0%| F|  |TAMS 0x00000000a3700000, 0x00000000a3700000| Untracked 
|  56|0x00000000a3800000, 0x00000000a3800000, 0x00000000a3900000|  0%| F|  |TAMS 0x00000000a3800000, 0x00000000a3800000| Untracked 
|  57|0x00000000a3900000, 0x00000000a3900000, 0x00000000a3a00000|  0%| F|  |TAMS 0x00000000a3900000, 0x00000000a3900000| Untracked 
|  58|0x00000000a3a00000, 0x00000000a3a00000, 0x00000000a3b00000|  0%| F|  |TAMS 0x00000000a3a00000, 0x00000000a3a00000| Untracked 
|  59|0x00000000a3b00000, 0x00000000a3b00000, 0x00000000a3c00000|  0%| F|  |TAMS 0x00000000a3b00000, 0x00000000a3b00000| Untracked 
|  60|0x00000000a3c00000, 0x00000000a3c00000, 0x00000000a3d00000|  0%| F|  |TAMS 0x00000000a3c00000, 0x00000000a3c00000| Untracked 
|  61|0x00000000a3d00000, 0x00000000a3d00000, 0x00000000a3e00000|  0%| F|  |TAMS 0x00000000a3d00000, 0x00000000a3d00000| Untracked 
|  62|0x00000000a3e00000, 0x00000000a3e00000, 0x00000000a3f00000|  0%| F|  |TAMS 0x00000000a3e00000, 0x00000000a3e00000| Untracked 
|  63|0x00000000a3f00000, 0x00000000a3f00000, 0x00000000a4000000|  0%| F|  |TAMS 0x00000000a3f00000, 0x00000000a3f00000| Untracked 
|  64|0x00000000a4000000, 0x00000000a4000000, 0x00000000a4100000|  0%| F|  |TAMS 0x00000000a4000000, 0x00000000a4000000| Untracked 
|  65|0x00000000a4100000, 0x00000000a4100000, 0x00000000a4200000|  0%| F|  |TAMS 0x00000000a4100000, 0x00000000a4100000| Untracked 
|  66|0x00000000a4200000, 0x00000000a4200000, 0x00000000a4300000|  0%| F|  |TAMS 0x00000000a4200000, 0x00000000a4200000| Untracked 
|  67|0x00000000a4300000, 0x00000000a43e4bc0, 0x00000000a4400000| 89%| E|  |TAMS 0x00000000a4300000, 0x00000000a4300000| Complete 
|  68|0x00000000a4400000, 0x00000000a4500000, 0x00000000a4500000|100%| E|CS|TAMS 0x00000000a4400000, 0x00000000a4400000| Complete 
|  69|0x00000000a4500000, 0x00000000a4600000, 0x00000000a4600000|100%| E|CS|TAMS 0x00000000a4500000, 0x00000000a4500000| Complete 
|  70|0x00000000a4600000, 0x00000000a4700000, 0x00000000a4700000|100%| E|CS|TAMS 0x00000000a4600000, 0x00000000a4600000| Complete 
|  71|0x00000000a4700000, 0x00000000a4800000, 0x00000000a4800000|100%| E|CS|TAMS 0x00000000a4700000, 0x00000000a4700000| Complete 
|  72|0x00000000a4800000, 0x00000000a4900000, 0x00000000a4900000|100%| E|CS|TAMS 0x00000000a4800000, 0x00000000a4800000| Complete 
|  73|0x00000000a4900000, 0x00000000a4a00000, 0x00000000a4a00000|100%| E|CS|TAMS 0x00000000a4900000, 0x00000000a4900000| Complete 
|  74|0x00000000a4a00000, 0x00000000a4b00000, 0x00000000a4b00000|100%| E|CS|TAMS 0x00000000a4a00000, 0x00000000a4a00000| Complete 
|  75|0x00000000a4b00000, 0x00000000a4c00000, 0x00000000a4c00000|100%| E|CS|TAMS 0x00000000a4b00000, 0x00000000a4b00000| Complete 
|  76|0x00000000a4c00000, 0x00000000a4d00000, 0x00000000a4d00000|100%| E|CS|TAMS 0x00000000a4c00000, 0x00000000a4c00000| Complete 
|  77|0x00000000a4d00000, 0x00000000a4e00000, 0x00000000a4e00000|100%| E|CS|TAMS 0x00000000a4d00000, 0x00000000a4d00000| Complete 
|  78|0x00000000a4e00000, 0x00000000a4f00000, 0x00000000a4f00000|100%| E|CS|TAMS 0x00000000a4e00000, 0x00000000a4e00000| Complete 
|  79|0x00000000a4f00000, 0x00000000a5000000, 0x00000000a5000000|100%| E|CS|TAMS 0x00000000a4f00000, 0x00000000a4f00000| Complete 
|  80|0x00000000a5000000, 0x00000000a5100000, 0x00000000a5100000|100%| E|CS|TAMS 0x00000000a5000000, 0x00000000a5000000| Complete 
|  81|0x00000000a5100000, 0x00000000a51fffe8, 0x00000000a5200000| 99%| E|  |TAMS 0x00000000a5100000, 0x00000000a5100000| Complete 
|  82|0x00000000a5200000, 0x00000000a5300000, 0x00000000a5300000|100%| E|CS|TAMS 0x00000000a5200000, 0x00000000a5200000| Complete 
|  83|0x00000000a5300000, 0x00000000a5400000, 0x00000000a5400000|100%| E|CS|TAMS 0x00000000a5300000, 0x00000000a5300000| Complete 
|  84|0x00000000a5400000, 0x00000000a5500000, 0x00000000a5500000|100%| E|CS|TAMS 0x00000000a5400000, 0x00000000a5400000| Complete 
|  85|0x00000000a5500000, 0x00000000a5600000, 0x00000000a5600000|100%| E|CS|TAMS 0x00000000a5500000, 0x00000000a5500000| Complete 
|  86|0x00000000a5600000, 0x00000000a5700000, 0x00000000a5700000|100%| E|CS|TAMS 0x00000000a5600000, 0x00000000a5600000| Complete 
|  87|0x00000000a5700000, 0x00000000a5800000, 0x00000000a5800000|100%| E|CS|TAMS 0x00000000a5700000, 0x00000000a5700000| Complete 
| 125|0x00000000a7d00000, 0x00000000a7e00000, 0x00000000a7e00000|100%| E|CS|TAMS 0x00000000a7d00000, 0x00000000a7d00000| Complete 

Card table byte_map: [0x0000028467a30000,0x0000028467d30000] _byte_map_base: 0x0000028467530000

Marking Bits (Prev, Next): (CMBitMap*) 0x000002845305b0e0, (CMBitMap*) 0x000002845305b120
 Prev Bits: [0x0000028468030000, 0x0000028469830000)
 Next Bits: [0x0000028469830000, 0x000002846b030000)

Polling page: 0x00000284530e0000

Metaspace:

Usage:
  Non-class:     55.25 MB used.
      Class:      8.20 MB used.
       Both:     63.45 MB used.

Virtual space:
  Non-class space:       56.00 MB reserved,      55.50 MB (>99%) committed,  7 nodes.
      Class space:        1.00 GB reserved,       8.44 MB ( <1%) committed,  1 nodes.
             Both:        1.05 GB reserved,      63.94 MB (  6%) committed. 

Chunk freelists:
   Non-Class:  208.00 KB
       Class:  3.61 MB
        Both:  3.81 MB

MaxMetaspaceSize: unlimited
CompressedClassSpaceSize: 1.00 GB
Initial GC threshold: 21.00 MB
Current GC threshold: 105.88 MB
CDS: off
MetaspaceReclaimPolicy: balanced
 - commit_granule_bytes: 65536.
 - commit_granule_words: 8192.
 - virtual_space_node_default_size: 1048576.
 - enlarge_chunks_in_place: 1.
 - new_chunks_are_fully_committed: 0.
 - uncommit_free_chunks: 1.
 - use_allocation_guard: 0.
 - handle_deallocations: 1.


Internal statistics:

num_allocs_failed_limit: 14.
num_arena_births: 454.
num_arena_deaths: 6.
num_vsnodes_births: 8.
num_vsnodes_deaths: 0.
num_space_committed: 1023.
num_space_uncommitted: 0.
num_chunks_returned_to_freelist: 24.
num_chunks_taken_from_freelist: 2311.
num_chunk_merges: 4.
num_chunk_splits: 1557.
num_chunks_enlarged: 1123.
num_purges: 4.
num_inconsistent_stats: 0.

CodeHeap 'non-profiled nmethods': size=120000Kb used=3660Kb max_used=3660Kb free=116340Kb
 bounds [0x000002845f790000, 0x000002845fb30000, 0x0000028466cc0000]
CodeHeap 'profiled nmethods': size=120000Kb used=14487Kb max_used=14487Kb free=105512Kb
 bounds [0x0000028457cc0000, 0x0000028458af0000, 0x000002845f1f0000]
CodeHeap 'non-nmethods': size=5760Kb used=2370Kb max_used=2425Kb free=3389Kb
 bounds [0x000002845f1f0000, 0x000002845f460000, 0x000002845f790000]
 total_blobs=7994 nmethods=7098 adapters=808
 compilation: enabled
              stopped_count=0, restarted_count=0
 full_count=0

Compilation events (20 events):
Event: 13.803 Thread 0x000002846e45fbe0 7911       3       com.sun.org.apache.xerces.internal.util.XMLAttributesImpl::<init> (58 bytes)
Event: 13.804 Thread 0x000002846e45fbe0 nmethod 7911 0x0000028458add690 code [0x0000028458add8c0, 0x0000028458ade558]
Event: 13.804 Thread 0x000002846e45fbe0 7912       3       com.sun.org.apache.xerces.internal.util.NamespaceSupport::<init> (31 bytes)
Event: 13.804 Thread 0x000002846e45fbe0 nmethod 7912 0x0000028458ade910 code [0x0000028458adeac0, 0x0000028458adef18]
Event: 13.804 Thread 0x000002846e45fbe0 7913       3       org.gradle.api.internal.artifacts.ivyservice.ivyresolve.parser.PomReader::maybeSetGavProperties (39 bytes)
Event: 13.805 Thread 0x000002846e45fbe0 nmethod 7913 0x0000028458adf010 code [0x0000028458adf1e0, 0x0000028458adf658]
Event: 13.805 Thread 0x000002846e45fbe0 7914       3       org.gradle.internal.component.external.model.DefaultModuleComponentSelector::assertModuleIdentifier (51 bytes)
Event: 13.805 Thread 0x000002846e45fbe0 nmethod 7914 0x0000028458adf890 code [0x0000028458adfa20, 0x0000028458adfb38]
Event: 13.805 Thread 0x000002846e45fbe0 7915       3       org.gradle.api.internal.artifacts.dependencies.DefaultImmutableVersionConstraint::of (50 bytes)
Event: 13.805 Thread 0x000002846e45fbe0 nmethod 7915 0x0000028458adfc10 code [0x0000028458adfe20, 0x0000028458ae05f8]
Event: 13.805 Thread 0x000002846e45fbe0 7916       3       org.gradle.internal.component.external.model.DefaultModuleComponentSelector::<init> (120 bytes)
Event: 13.806 Thread 0x000002846e45fbe0 nmethod 7916 0x0000028458ae0790 code [0x0000028458ae0940, 0x0000028458ae0ca8]
Event: 13.806 Thread 0x000002846e45fbe0 7917       3       com.sun.org.apache.xerces.internal.dom.AttributeMap::setNamedItem (313 bytes)
Event: 13.809 Thread 0x000002846e45fbe0 nmethod 7917 0x0000028458ae0d90 code [0x0000028458ae11a0, 0x0000028458ae3168]
Event: 13.810 Thread 0x000002846e45fbe0 7918       3       com.sun.org.apache.xerces.internal.dom.NodeImpl::getOwnerDocument (23 bytes)
Event: 13.811 Thread 0x000002846e45fbe0 nmethod 7918 0x0000028458ae3a90 code [0x0000028458ae3c60, 0x0000028458ae4048]
Event: 13.811 Thread 0x000002846e45fbe0 7919       3       com.sun.org.apache.xerces.internal.dom.DeferredAttrImpl::synchronizeData (86 bytes)
Event: 13.813 Thread 0x000002846e45fbe0 nmethod 7919 0x0000028458ae4190 code [0x0000028458ae43e0, 0x0000028458ae4f68]
Event: 13.820 Thread 0x000002846e45fbe0 7920       3       org.gradle.internal.component.model.ImmutableModuleSources::of (20 bytes)
Event: 13.821 Thread 0x000002846e45fbe0 nmethod 7920 0x0000028458ae5290 code [0x0000028458ae5480, 0x0000028458ae5c38]

GC Heap History (20 events):
Event: 4.237 GC heap before
{Heap before GC invocations=6 (full 0):
 garbage-first heap   total 65536K, used 45107K [0x00000000a0000000, 0x0000000100000000)
  region size 1024K, 26 young (26624K), 1 survivors (1024K)
 Metaspace       used 30290K, committed 30592K, reserved 1081344K
  class space    used 4093K, committed 4224K, reserved 1048576K
}
Event: 4.240 GC heap after
{Heap after GC invocations=7 (full 0):
 garbage-first heap   total 65536K, used 20412K [0x00000000a0000000, 0x0000000100000000)
  region size 1024K, 2 young (2048K), 2 survivors (2048K)
 Metaspace       used 30290K, committed 30592K, reserved 1081344K
  class space    used 4093K, committed 4224K, reserved 1048576K
}
Event: 4.767 GC heap before
{Heap before GC invocations=7 (full 0):
 garbage-first heap   total 65536K, used 44988K [0x00000000a0000000, 0x0000000100000000)
  region size 1024K, 27 young (27648K), 2 survivors (2048K)
 Metaspace       used 35695K, committed 35968K, reserved 1081344K
  class space    used 4740K, committed 4864K, reserved 1048576K
}
Event: 4.772 GC heap after
{Heap after GC invocations=8 (full 0):
 garbage-first heap   total 65536K, used 22475K [0x00000000a0000000, 0x0000000100000000)
  region size 1024K, 4 young (4096K), 4 survivors (4096K)
 Metaspace       used 35695K, committed 35968K, reserved 1081344K
  class space    used 4740K, committed 4864K, reserved 1048576K
}
Event: 5.165 GC heap before
{Heap before GC invocations=9 (full 0):
 garbage-first heap   total 65536K, used 47051K [0x00000000a0000000, 0x0000000100000000)
  region size 1024K, 29 young (29696K), 4 survivors (4096K)
 Metaspace       used 38483K, committed 38784K, reserved 1089536K
  class space    used 5061K, committed 5184K, reserved 1048576K
}
Event: 5.172 GC heap after
{Heap after GC invocations=10 (full 0):
 garbage-first heap   total 65536K, used 25973K [0x00000000a0000000, 0x0000000100000000)
  region size 1024K, 4 young (4096K), 4 survivors (4096K)
 Metaspace       used 38483K, committed 38784K, reserved 1089536K
  class space    used 5061K, committed 5184K, reserved 1048576K
}
Event: 5.595 GC heap before
{Heap before GC invocations=10 (full 0):
 garbage-first heap   total 65536K, used 48501K [0x00000000a0000000, 0x0000000100000000)
  region size 1024K, 26 young (26624K), 4 survivors (4096K)
 Metaspace       used 41776K, committed 42112K, reserved 1089536K
  class space    used 5616K, committed 5760K, reserved 1048576K
}
Event: 5.599 GC heap after
{Heap after GC invocations=11 (full 0):
 garbage-first heap   total 91136K, used 26934K [0x00000000a0000000, 0x0000000100000000)
  region size 1024K, 2 young (2048K), 2 survivors (2048K)
 Metaspace       used 41776K, committed 42112K, reserved 1089536K
  class space    used 5616K, committed 5760K, reserved 1048576K
}
Event: 6.040 GC heap before
{Heap before GC invocations=11 (full 0):
 garbage-first heap   total 91136K, used 65846K [0x00000000a0000000, 0x0000000100000000)
  region size 1024K, 40 young (40960K), 2 survivors (2048K)
 Metaspace       used 43462K, committed 43776K, reserved 1089536K
  class space    used 5804K, committed 5888K, reserved 1048576K
}
Event: 6.043 GC heap after
{Heap after GC invocations=12 (full 0):
 garbage-first heap   total 91136K, used 27825K [0x00000000a0000000, 0x0000000100000000)
  region size 1024K, 3 young (3072K), 3 survivors (3072K)
 Metaspace       used 43462K, committed 43776K, reserved 1089536K
  class space    used 5804K, committed 5888K, reserved 1048576K
}
Event: 6.743 GC heap before
{Heap before GC invocations=12 (full 0):
 garbage-first heap   total 91136K, used 70833K [0x00000000a0000000, 0x0000000100000000)
  region size 1024K, 42 young (43008K), 3 survivors (3072K)
 Metaspace       used 47089K, committed 47488K, reserved 1097728K
  class space    used 6178K, committed 6336K, reserved 1048576K
}
Event: 6.747 GC heap after
{Heap after GC invocations=13 (full 0):
 garbage-first heap   total 91136K, used 30719K [0x00000000a0000000, 0x0000000100000000)
  region size 1024K, 6 young (6144K), 6 survivors (6144K)
 Metaspace       used 47089K, committed 47488K, reserved 1097728K
  class space    used 6178K, committed 6336K, reserved 1048576K
}
Event: 7.493 GC heap before
{Heap before GC invocations=13 (full 0):
 garbage-first heap   total 91136K, used 69631K [0x00000000a0000000, 0x0000000100000000)
  region size 1024K, 44 young (45056K), 6 survivors (6144K)
 Metaspace       used 50323K, committed 50688K, reserved 1097728K
  class space    used 6711K, committed 6848K, reserved 1048576K
}
Event: 7.499 GC heap after
{Heap after GC invocations=14 (full 0):
 garbage-first heap   total 91136K, used 32871K [0x00000000a0000000, 0x0000000100000000)
  region size 1024K, 6 young (6144K), 6 survivors (6144K)
 Metaspace       used 50323K, committed 50688K, reserved 1097728K
  class space    used 6711K, committed 6848K, reserved 1048576K
}
Event: 7.945 GC heap before
{Heap before GC invocations=14 (full 0):
 garbage-first heap   total 91136K, used 71783K [0x00000000a0000000, 0x0000000100000000)
  region size 1024K, 43 young (44032K), 6 survivors (6144K)
 Metaspace       used 53218K, committed 53632K, reserved 1097728K
  class space    used 7045K, committed 7232K, reserved 1048576K
}
Event: 7.952 GC heap after
{Heap after GC invocations=15 (full 0):
 garbage-first heap   total 91136K, used 35549K [0x00000000a0000000, 0x0000000100000000)
  region size 1024K, 5 young (5120K), 5 survivors (5120K)
 Metaspace       used 53218K, committed 53632K, reserved 1097728K
  class space    used 7045K, committed 7232K, reserved 1048576K
}
Event: 9.201 GC heap before
{Heap before GC invocations=15 (full 0):
 garbage-first heap   total 91136K, used 65245K [0x00000000a0000000, 0x0000000100000000)
  region size 1024K, 35 young (35840K), 5 survivors (5120K)
 Metaspace       used 60095K, committed 60480K, reserved 1105920K
  class space    used 7952K, committed 8128K, reserved 1048576K
}
Event: 9.206 GC heap after
{Heap after GC invocations=16 (full 0):
 garbage-first heap   total 91136K, used 38764K [0x00000000a0000000, 0x0000000100000000)
  region size 1024K, 6 young (6144K), 6 survivors (6144K)
 Metaspace       used 60095K, committed 60480K, reserved 1105920K
  class space    used 7952K, committed 8128K, reserved 1048576K
}
Event: 12.082 GC heap before
{Heap before GC invocations=17 (full 0):
 garbage-first heap   total 91136K, used 70508K [0x00000000a0000000, 0x0000000100000000)
  region size 1024K, 38 young (38912K), 6 survivors (6144K)
 Metaspace       used 64519K, committed 65024K, reserved 1105920K
  class space    used 8391K, committed 8640K, reserved 1048576K
}
Event: 12.089 GC heap after
{Heap after GC invocations=18 (full 0):
 garbage-first heap   total 91136K, used 41382K [0x00000000a0000000, 0x0000000100000000)
  region size 1024K, 3 young (3072K), 3 survivors (3072K)
 Metaspace       used 64519K, committed 65024K, reserved 1105920K
  class space    used 8391K, committed 8640K, reserved 1048576K
}

Dll operation events (2 events):
Event: 0.008 Loaded shared library C:\Program Files\Android\Android Studio\jbr\bin\java.dll
Event: 0.436 Loaded shared library C:\Program Files\Android\Android Studio\jbr\bin\verify.dll

Deoptimization events (20 events):
Event: 13.065 Thread 0x0000028475e53280 DEOPT PACKING pc=0x000002845fa7a908 sp=0x000000a8560fd3d0
Event: 13.065 Thread 0x0000028475e53280 DEOPT UNPACKING pc=0x000002845f2469a3 sp=0x000000a8560fd360 mode 2
Event: 13.065 Thread 0x0000028475e53280 Uncommon trap: trap_request=0xffffff45 fr.pc=0x000002845fab64f4 relative=0x0000000000000514
Event: 13.065 Thread 0x0000028475e53280 Uncommon trap: reason=unstable_if action=reinterpret pc=0x000002845fab64f4 method=com.sun.org.apache.xerces.internal.impl.XMLEntityScanner.scanContent(Lcom/sun/org/apache/xerces/internal/xni/XMLString;)I @ 275 c2
Event: 13.065 Thread 0x0000028475e53280 DEOPT PACKING pc=0x000002845fab64f4 sp=0x000000a8560fd390
Event: 13.065 Thread 0x0000028475e53280 DEOPT UNPACKING pc=0x000002845f2469a3 sp=0x000000a8560fd358 mode 2
Event: 13.067 Thread 0x0000028475e53280 Uncommon trap: trap_request=0xffffff45 fr.pc=0x000002845faf0f30 relative=0x0000000000000110
Event: 13.067 Thread 0x0000028475e53280 Uncommon trap: reason=unstable_if action=reinterpret pc=0x000002845faf0f30 method=com.sun.org.apache.xerces.internal.dom.DeferredDocumentImpl.getPrevSibling(IZ)I @ 86 c2
Event: 13.067 Thread 0x0000028475e53280 DEOPT PACKING pc=0x000002845faf0f30 sp=0x000000a8560fd7d0
Event: 13.067 Thread 0x0000028475e53280 DEOPT UNPACKING pc=0x000002845f2469a3 sp=0x000000a8560fd748 mode 2
Event: 13.072 Thread 0x0000028475e50c00 DEOPT PACKING pc=0x00000284589ed6ae sp=0x000000a855ffc940
Event: 13.072 Thread 0x0000028475e50c00 DEOPT UNPACKING pc=0x000002845f247143 sp=0x000000a855ffbde0 mode 0
Event: 13.296 Thread 0x0000028475e50260 DEOPT PACKING pc=0x00000284586bf116 sp=0x000000a8570fc570
Event: 13.296 Thread 0x0000028475e50260 DEOPT UNPACKING pc=0x000002845f247143 sp=0x000000a8570fb9c8 mode 0
Event: 13.346 Thread 0x0000028475e50260 DEOPT PACKING pc=0x0000028458908f59 sp=0x000000a8570fcec0
Event: 13.346 Thread 0x0000028475e50260 DEOPT UNPACKING pc=0x000002845f247143 sp=0x000000a8570fc3e8 mode 0
Event: 13.417 Thread 0x0000028475e53280 DEOPT PACKING pc=0x00000284580331d4 sp=0x000000a8560fbf20
Event: 13.417 Thread 0x0000028475e53280 DEOPT UNPACKING pc=0x000002845f247143 sp=0x000000a8560fb478 mode 0
Event: 13.427 Thread 0x0000028473df7d60 DEOPT PACKING pc=0x0000028457d4a75b sp=0x000000a8555fd120
Event: 13.427 Thread 0x0000028473df7d60 DEOPT UNPACKING pc=0x000002845f247143 sp=0x000000a8555fc658 mode 0

Classes unloaded (8 events):
Event: 9.245 Thread 0x000002846db0ac60 Unloading class 0x0000000100615410 '_BuildScript_$_run_closure1$_closure3'
Event: 9.245 Thread 0x000002846db0ac60 Unloading class 0x0000000100615000 '_BuildScript_$_run_closure1$_closure2$_closure4'
Event: 9.245 Thread 0x000002846db0ac60 Unloading class 0x0000000100614968 '_BuildScript_$_run_closure1$_closure2'
Event: 9.245 Thread 0x000002846db0ac60 Unloading class 0x0000000100614558 '_BuildScript_$_run_closure1'
Event: 9.245 Thread 0x000002846db0ac60 Unloading class 0x0000000100614000 '_BuildScript_'
Event: 12.142 Thread 0x000002846db0ac60 Unloading class 0x0000000100670548 '_BuildScript_$_run_closure1'
Event: 12.142 Thread 0x000002846db0ac60 Unloading class 0x0000000100670000 '_BuildScript_'
Event: 12.142 Thread 0x000002846db0ac60 Unloading class 0x0000000100659000 '_BuildScript_'

Classes redefined (0 events):
No events

Internal exceptions (20 events):
Event: 7.852 Thread 0x000002846f8df540 Exception <a 'java/lang/NoSuchMethodError'{0x00000000a384b5a8}: 'java.lang.Object java.lang.invoke.DirectMethodHandle$Holder.newInvokeSpecial(java.lang.Object, int, java.lang.Object)'> (0x00000000a384b5a8) 
thrown [s\src\hotspot\share\interpreter\linkResolver.cpp, line 771]
Event: 7.917 Thread 0x000002846f8df540 Exception <a 'java/lang/NoSuchMethodError'{0x00000000a3563df8}: 'java.lang.Object java.lang.invoke.DelegatingMethodHandle$Holder.reinvoke_L(java.lang.Object, java.lang.Object, java.lang.Object, java.lang.Object, java.lang.Object, java.lang.Object, java.lang.Object, java.lang.Object, java.lang.Object, java.lang.Object, java.lang.Object, java.lang.Object, java.lang.Object, java.lang.Object, java.lang.Object, java.lang.Object, java.lang.Object, java.lang.Object, java.lang.Object, java.lang.Object, java.lang.O
Event: 7.918 Thread 0x000002846f8df540 Exception <a 'java/lang/NoSuchMethodError'{0x00000000a356fb18}: 'java.lang.Object java.lang.invoke.Invokers$Holder.invoker(java.lang.Object, java.lang.Object, java.lang.Object, java.lang.Object, java.lang.Object, java.lang.Object, java.lang.Object, java.lang.Object, java.lang.Object, java.lang.Object, java.lang.Object, java.lang.Object, java.lang.Object, java.lang.Object, java.lang.Object, java.lang.Object, java.lang.Object, java.lang.Object, java.lang.Object, java.lang.Object, java.lang.Object)'> (0x00000
Event: 7.918 Thread 0x000002846f8df540 Exception <a 'java/lang/NoSuchMethodError'{0x00000000a3576aa0}: 'java.lang.Object java.lang.invoke.DelegatingMethodHandle$Holder.delegate(java.lang.Object, java.lang.Object, java.lang.Object, java.lang.Object, java.lang.Object, java.lang.Object, java.lang.Object, java.lang.Object, java.lang.Object, java.lang.Object, java.lang.Object, java.lang.Object, java.lang.Object, java.lang.Object, java.lang.Object, java.lang.Object, java.lang.Object, java.lang.Object, java.lang.Object, java.lang.Object, java.lang.Obj
Event: 7.930 Thread 0x000002846f8df540 Exception <a 'java/lang/NoSuchMethodError'{0x00000000a3409df8}: 'java.lang.Object java.lang.invoke.DirectMethodHandle$Holder.invokeStatic(java.lang.Object, java.lang.Object, java.lang.Object, java.lang.Object, java.lang.Object, java.lang.Object, java.lang.Object, java.lang.Object, java.lang.Object, java.lang.Object, java.lang.Object, java.lang.Object, java.lang.Object, java.lang.Object, java.lang.Object, java.lang.Object, java.lang.Object)'> (0x00000000a3409df8) 
thrown [s\src\hotspot\share\interpreter\lin
Event: 7.932 Thread 0x000002846f8df540 Exception <a 'java/lang/NoSuchMethodError'{0x00000000a3431f68}: 'java.lang.Object java.lang.invoke.DirectMethodHandle$Holder.invokeStatic(java.lang.Object, java.lang.Object, java.lang.Object, java.lang.Object, java.lang.Object, java.lang.Object, java.lang.Object, java.lang.Object, java.lang.Object, java.lang.Object, java.lang.Object, java.lang.Object, java.lang.Object, java.lang.Object, java.lang.Object, java.lang.Object, java.lang.Object, java.lang.Object)'> (0x00000000a3431f68) 
thrown [s\src\hotspot\sha
Event: 7.934 Thread 0x000002846f8df540 Exception <a 'java/lang/NoSuchMethodError'{0x00000000a345ab00}: 'java.lang.Object java.lang.invoke.DirectMethodHandle$Holder.invokeStatic(java.lang.Object, java.lang.Object, java.lang.Object, java.lang.Object, java.lang.Object, java.lang.Object, java.lang.Object, java.lang.Object, java.lang.Object, java.lang.Object, java.lang.Object, java.lang.Object, java.lang.Object, java.lang.Object, java.lang.Object, java.lang.Object, java.lang.Object, java.lang.Object, java.lang.Object)'> (0x00000000a345ab00) 
thrown 
Event: 7.937 Thread 0x000002846f8df540 Exception <a 'java/lang/NoSuchMethodError'{0x00000000a3486040}: 'java.lang.Object java.lang.invoke.DirectMethodHandle$Holder.invokeStatic(java.lang.Object, java.lang.Object, java.lang.Object, java.lang.Object, java.lang.Object, java.lang.Object, java.lang.Object, java.lang.Object, java.lang.Object, java.lang.Object, java.lang.Object, java.lang.Object, java.lang.Object, java.lang.Object, java.lang.Object, java.lang.Object, java.lang.Object, java.lang.Object, java.lang.Object, java.lang.Object)'> (0x00000000
Event: 7.940 Thread 0x000002846f8df540 Exception <a 'java/lang/NoSuchMethodError'{0x00000000a34b0f30}: 'java.lang.Object java.lang.invoke.DirectMethodHandle$Holder.invokeStatic(java.lang.Object, java.lang.Object, java.lang.Object, java.lang.Object, java.lang.Object, java.lang.Object, java.lang.Object, java.lang.Object, java.lang.Object, java.lang.Object, java.lang.Object, java.lang.Object, java.lang.Object, java.lang.Object, java.lang.Object, java.lang.Object, java.lang.Object, java.lang.Object, java.lang.Object, java.lang.Object, java.lang.Obj
Event: 7.943 Thread 0x000002846f8df540 Exception <a 'java/lang/NoSuchMethodError'{0x00000000a34dc7c0}: 'java.lang.Object java.lang.invoke.DirectMethodHandle$Holder.invokeStatic(java.lang.Object, java.lang.Object, java.lang.Object, java.lang.Object, java.lang.Object, java.lang.Object, java.lang.Object, java.lang.Object, java.lang.Object, java.lang.Object, java.lang.Object, java.lang.Object, java.lang.Object, java.lang.Object, java.lang.Object, java.lang.Object, java.lang.Object, java.lang.Object, java.lang.Object, java.lang.Object, java.lang.Obj
Event: 7.954 Thread 0x000002846f8df540 Exception <a 'java/lang/NoSuchMethodError'{0x00000000a7d0a518}: 'java.lang.Object java.lang.invoke.DirectMethodHandle$Holder.invokeStatic(java.lang.Object, java.lang.Object, java.lang.Object, java.lang.Object, java.lang.Object, java.lang.Object, java.lang.Object, java.lang.Object, java.lang.Object, java.lang.Object, java.lang.Object, java.lang.Object, java.lang.Object, java.lang.Object, java.lang.Object, java.lang.Object, java.lang.Object, java.lang.Object, java.lang.Object, java.lang.Object, java.lang.Obj
Event: 7.956 Thread 0x000002846f8df540 Exception <a 'java/lang/NoSuchMethodError'{0x00000000a7d39788}: 'java.lang.Object java.lang.invoke.DirectMethodHandle$Holder.invokeStatic(java.lang.Object, java.lang.Object, java.lang.Object, java.lang.Object, java.lang.Object, java.lang.Object, java.lang.Object, java.lang.Object, java.lang.Object, java.lang.Object, java.lang.Object, java.lang.Object, java.lang.Object, java.lang.Object, java.lang.Object, java.lang.Object, java.lang.Object, java.lang.Object, java.lang.Object, java.lang.Object, java.lang.Obj
Event: 7.995 Thread 0x000002846f8df540 Exception <a 'java/lang/IncompatibleClassChangeError'{0x00000000a5658e98}: Found class java.lang.Object, but interface was expected> (0x00000000a5658e98) 
thrown [s\src\hotspot\share\interpreter\linkResolver.cpp, line 838]
Event: 7.995 Thread 0x000002846f8df540 Exception <a 'java/lang/NoSuchMethodError'{0x00000000a5660948}: 'int java.lang.invoke.DirectMethodHandle$Holder.invokeSpecialIFC(java.lang.Object, java.lang.Object, java.lang.Object, java.lang.Object, java.lang.Object)'> (0x00000000a5660948) 
thrown [s\src\hotspot\share\interpreter\linkResolver.cpp, line 771]
Event: 8.123 Thread 0x000002846f8df540 Implicit null exception at 0x000002845f7e5a72 to 0x000002845f7e60ac
Event: 8.123 Thread 0x000002847002b780 Implicit null exception at 0x000002845f7e5a72 to 0x000002845f7e60ac
Event: 8.200 Thread 0x000002846f8df540 Exception <a 'sun/nio/fs/WindowsException'{0x00000000a4c0a8f8}> (0x00000000a4c0a8f8) 
thrown [s\src\hotspot\share\prims\jni.cpp, line 517]
Event: 9.790 Thread 0x000002847002b780 Implicit null exception at 0x000002845f948acb to 0x000002845f948af0
Event: 10.143 Thread 0x000002846f8df540 Exception <a 'java/lang/NoSuchMethodError'{0x00000000a4fc5e38}: 'int java.lang.invoke.DirectMethodHandle$Holder.invokeStatic(java.lang.Object)'> (0x00000000a4fc5e38) 
thrown [s\src\hotspot\share\interpreter\linkResolver.cpp, line 771]
Event: 10.144 Thread 0x000002846f8df540 Exception <a 'java/lang/NoSuchMethodError'{0x00000000a4fca228}: 'int java.lang.invoke.DirectMethodHandle$Holder.invokeStaticInit(java.lang.Object)'> (0x00000000a4fca228) 
thrown [s\src\hotspot\share\interpreter\linkResolver.cpp, line 771]

VM Operations (20 events):
Event: 9.690 Executing VM operation: HandshakeAllThreads
Event: 9.690 Executing VM operation: HandshakeAllThreads done
Event: 10.703 Executing VM operation: Cleanup
Event: 10.710 Executing VM operation: Cleanup done
Event: 11.719 Executing VM operation: Cleanup
Event: 11.719 Executing VM operation: Cleanup done
Event: 11.866 Executing VM operation: HandshakeAllThreads
Event: 11.884 Executing VM operation: HandshakeAllThreads done
Event: 12.082 Executing VM operation: G1CollectForAllocation
Event: 12.097 Executing VM operation: G1CollectForAllocation done
Event: 12.142 Executing VM operation: G1Concurrent
Event: 12.151 Executing VM operation: G1Concurrent done
Event: 12.169 Executing VM operation: G1Concurrent
Event: 12.188 Executing VM operation: G1Concurrent done
Event: 12.597 Executing VM operation: HandshakeAllThreads
Event: 12.598 Executing VM operation: HandshakeAllThreads done
Event: 12.599 Executing VM operation: HandshakeAllThreads
Event: 12.599 Executing VM operation: HandshakeAllThreads done
Event: 13.610 Executing VM operation: Cleanup
Event: 13.610 Executing VM operation: Cleanup done

Events (20 events):
Event: 11.894 Thread 0x000002846e46c8e0 flushing nmethod 0x00000284584dc590
Event: 11.894 Thread 0x000002846e46c8e0 flushing nmethod 0x0000028458557e10
Event: 11.894 Thread 0x000002846e46c8e0 flushing nmethod 0x0000028458592a10
Event: 11.895 Thread 0x000002846e46c8e0 flushing nmethod 0x00000284585e0410
Event: 11.895 Thread 0x000002846e46c8e0 flushing nmethod 0x000002845861e910
Event: 11.895 Thread 0x000002846e46c8e0 flushing nmethod 0x000002845861fa10
Event: 11.895 Thread 0x000002846e46c8e0 flushing nmethod 0x000002845862a990
Event: 11.895 Thread 0x000002846e46c8e0 flushing nmethod 0x000002845862b110
Event: 11.895 Thread 0x000002846e46c8e0 flushing nmethod 0x000002845862c310
Event: 11.997 Thread 0x0000028472d9f590 Thread exited: 0x0000028472d9f590
Event: 12.189 loading class jdk/internal/access/foreign/MemorySegmentProxy
Event: 12.189 loading class jdk/internal/access/foreign/MemorySegmentProxy done
Event: 12.584 loading class java/util/concurrent/LinkedBlockingDeque$Itr
Event: 12.585 loading class java/util/concurrent/LinkedBlockingDeque$AbstractItr
Event: 12.585 loading class java/util/concurrent/LinkedBlockingDeque$AbstractItr done
Event: 12.585 loading class java/util/concurrent/LinkedBlockingDeque$Itr done
Event: 13.421 loading class com/sun/org/apache/xerces/internal/util/EncodingMap
Event: 13.422 loading class com/sun/org/apache/xerces/internal/util/EncodingMap done
Event: 13.424 loading class sun/nio/cs/ISO_8859_1$Decoder
Event: 13.435 loading class sun/nio/cs/ISO_8859_1$Decoder done


Dynamic libraries:
0x00007ff6518c0000 - 0x00007ff6518ca000 	C:\Program Files\Android\Android Studio\jbr\bin\java.exe
0x00007ffb29af0000 - 0x00007ffb29ce8000 	C:\Windows\SYSTEM32\ntdll.dll
0x00007ffb280b0000 - 0x00007ffb2816d000 	C:\Windows\System32\KERNEL32.DLL
0x00007ffb276b0000 - 0x00007ffb279a6000 	C:\Windows\System32\KERNELBASE.dll
0x00007ffb271d0000 - 0x00007ffb272d0000 	C:\Windows\System32\ucrtbase.dll
0x00007ffb22d20000 - 0x00007ffb22d3b000 	C:\Program Files\Android\Android Studio\jbr\bin\VCRUNTIME140.dll
0x00007ffb02260000 - 0x00007ffb02277000 	C:\Program Files\Android\Android Studio\jbr\bin\jli.dll
0x00007ffb0e8d0000 - 0x00007ffb0eb6a000 	C:\Windows\WinSxS\amd64_microsoft.windows.common-controls_6595b64144ccf1df_6.0.19041.1110_none_60b5254171f9507e\COMCTL32.dll
0x00007ffb281d0000 - 0x00007ffb2826e000 	C:\Windows\System32\msvcrt.dll
0x00007ffb295b0000 - 0x00007ffb295dc000 	C:\Windows\System32\GDI32.dll
0x00007ffb279b0000 - 0x00007ffb279d2000 	C:\Windows\System32\win32u.dll
0x00007ffb279e0000 - 0x00007ffb27afa000 	C:\Windows\System32\gdi32full.dll
0x00007ffb275e0000 - 0x00007ffb2767d000 	C:\Windows\System32\msvcp_win.dll
0x00007ffb27bf0000 - 0x00007ffb27d8e000 	C:\Windows\System32\USER32.dll
0x00007ffb27e40000 - 0x00007ffb27e70000 	C:\Windows\System32\IMM32.DLL
0x00007ffb22da0000 - 0x00007ffb22dac000 	C:\Program Files\Android\Android Studio\jbr\bin\vcruntime140_1.dll
0x00007ffb02ca0000 - 0x00007ffb02d2d000 	C:\Program Files\Android\Android Studio\jbr\bin\msvcp140.dll
0x00007ffad59e0000 - 0x00007ffad664e000 	C:\Program Files\Android\Android Studio\jbr\bin\server\jvm.dll
0x00007ffb27d90000 - 0x00007ffb27e3e000 	C:\Windows\System32\ADVAPI32.dll
0x00007ffb27b50000 - 0x00007ffb27bec000 	C:\Windows\System32\sechost.dll
0x00007ffb27f80000 - 0x00007ffb280a6000 	C:\Windows\System32\RPCRT4.dll
0x00007ffb11fb0000 - 0x00007ffb11fd7000 	C:\Windows\SYSTEM32\WINMM.dll
0x00007ffb24950000 - 0x00007ffb24959000 	C:\Windows\SYSTEM32\WSOCK32.dll
0x00007ffb20290000 - 0x00007ffb2029a000 	C:\Windows\SYSTEM32\VERSION.dll
0x00007ffb283f0000 - 0x00007ffb2845b000 	C:\Windows\System32\WS2_32.dll
0x00007ffb25060000 - 0x00007ffb25072000 	C:\Windows\SYSTEM32\kernel.appcore.dll
0x00007ffb22e10000 - 0x00007ffb22e1a000 	C:\Program Files\Android\Android Studio\jbr\bin\jimage.dll
0x00007ffb1da80000 - 0x00007ffb1dc64000 	C:\Windows\SYSTEM32\DBGHELP.DLL
0x00007ffb14400000 - 0x00007ffb14434000 	C:\Windows\SYSTEM32\dbgcore.DLL
0x00007ffb27340000 - 0x00007ffb273c2000 	C:\Windows\System32\bcryptPrimitives.dll
0x00007ffb20960000 - 0x00007ffb20985000 	C:\Program Files\Android\Android Studio\jbr\bin\java.dll
0x00007ffb0fe70000 - 0x00007ffb0fe88000 	C:\Program Files\Android\Android Studio\jbr\bin\zip.dll
0x00007ffb28d30000 - 0x00007ffb29475000 	C:\Windows\System32\SHELL32.dll
0x00007ffb25260000 - 0x00007ffb259fb000 	C:\Windows\SYSTEM32\windows.storage.dll
0x00007ffb29750000 - 0x00007ffb29aa4000 	C:\Windows\System32\combase.dll
0x00007ffb26c10000 - 0x00007ffb26c3e000 	C:\Windows\SYSTEM32\Wldp.dll
0x00007ffb282d0000 - 0x00007ffb2837d000 	C:\Windows\System32\SHCORE.dll
0x00007ffb28270000 - 0x00007ffb282c5000 	C:\Windows\System32\shlwapi.dll
0x00007ffb27100000 - 0x00007ffb27125000 	C:\Windows\SYSTEM32\profapi.dll
0x00007ffb0ecc0000 - 0x00007ffb0ecd9000 	C:\Program Files\Android\Android Studio\jbr\bin\net.dll
0x00007ffb1e9f0000 - 0x00007ffb1eafa000 	C:\Windows\SYSTEM32\WINHTTP.dll
0x00007ffb26970000 - 0x00007ffb269da000 	C:\Windows\system32\mswsock.dll
0x00007ffb02ed0000 - 0x00007ffb02ee6000 	C:\Program Files\Android\Android Studio\jbr\bin\nio.dll
0x00007ffb22dc0000 - 0x00007ffb22dd0000 	C:\Program Files\Android\Android Studio\jbr\bin\verify.dll
0x00007ffafe2b0000 - 0x00007ffafe2d7000 	C:\Users\yhord\.gradle\native\e1d6ef7f7dcc3fd88c89a11ec53ec762bb8ba0a96d01ffa2cd45eb1d1d8dd5c5\windows-amd64\native-platform.dll
0x00007ffaf4f00000 - 0x00007ffaf5044000 	C:\Users\yhord\.gradle\native\0d407fdbe67a94daf76414ababcb853783967236a71b16ec16e742cd7a986fd3\windows-amd64\native-platform-file-events.dll
0x00007ffb21b60000 - 0x00007ffb21b69000 	C:\Program Files\Android\Android Studio\jbr\bin\management.dll
0x00007ffb0fee0000 - 0x00007ffb0feeb000 	C:\Program Files\Android\Android Studio\jbr\bin\management_ext.dll
0x00007ffb283e0000 - 0x00007ffb283e8000 	C:\Windows\System32\PSAPI.DLL
0x00007ffb26b70000 - 0x00007ffb26b88000 	C:\Windows\SYSTEM32\CRYPTSP.dll
0x00007ffb261b0000 - 0x00007ffb261e4000 	C:\Windows\system32\rsaenh.dll
0x00007ffb27680000 - 0x00007ffb276a7000 	C:\Windows\System32\bcrypt.dll
0x00007ffb270c0000 - 0x00007ffb270ee000 	C:\Windows\SYSTEM32\USERENV.dll
0x00007ffb26b60000 - 0x00007ffb26b6c000 	C:\Windows\SYSTEM32\CRYPTBASE.dll
0x00007ffb26610000 - 0x00007ffb2664b000 	C:\Windows\SYSTEM32\IPHLPAPI.DLL
0x00007ffb29640000 - 0x00007ffb29648000 	C:\Windows\System32\NSI.dll
0x00007ffb1ed30000 - 0x00007ffb1ed47000 	C:\Windows\SYSTEM32\dhcpcsvc6.DLL
0x00007ffb203a0000 - 0x00007ffb203bd000 	C:\Windows\SYSTEM32\dhcpcsvc.DLL
0x00007ffb26660000 - 0x00007ffb2672a000 	C:\Windows\SYSTEM32\DNSAPI.dll
0x00007ffb0fe60000 - 0x00007ffb0fe67000 	C:\Windows\system32\wshunix.dll
0x00007ffb1e0e0000 - 0x00007ffb1e0ea000 	C:\Windows\System32\rasadhlp.dll
0x00007ffb17060000 - 0x00007ffb170e2000 	C:\Windows\System32\fwpuclnt.dll

dbghelp: loaded successfully - version: 4.0.5 - missing functions: none
symbol engine: initialized successfully - sym options: 0x614 - pdb path: .;C:\Program Files\Android\Android Studio\jbr\bin;C:\Windows\SYSTEM32;C:\Windows\WinSxS\amd64_microsoft.windows.common-controls_6595b64144ccf1df_6.0.19041.1110_none_60b5254171f9507e;C:\Program Files\Android\Android Studio\jbr\bin\server;C:\Users\yhord\.gradle\native\e1d6ef7f7dcc3fd88c89a11ec53ec762bb8ba0a96d01ffa2cd45eb1d1d8dd5c5\windows-amd64;C:\Users\yhord\.gradle\native\0d407fdbe67a94daf76414ababcb853783967236a71b16ec16e742cd7a986fd3\windows-amd64

VM Arguments:
jvm_args: --add-opens=java.base/java.util=ALL-UNNAMED --add-opens=java.base/java.lang=ALL-UNNAMED --add-opens=java.base/java.lang.invoke=ALL-UNNAMED --add-opens=java.base/java.util=ALL-UNNAMED --add-opens=java.prefs/java.util.prefs=ALL-UNNAMED --add-opens=java.prefs/java.util.prefs=ALL-UNNAMED --add-opens=java.base/java.nio.charset=ALL-UNNAMED --add-opens=java.base/java.net=ALL-UNNAMED --add-opens=java.base/java.util.concurrent.atomic=ALL-UNNAMED -Xmx1536M -Dfile.encoding=windows-1252 -Duser.country=PE -Duser.language=es -Duser.variant 
java_command: org.gradle.launcher.daemon.bootstrap.GradleDaemon 7.5
java_class_path (initial): C:\Users\yhord\.gradle\wrapper\dists\gradle-7.5-all\6qsw290k5lz422uaf8jf6m7co\gradle-7.5\lib\gradle-launcher-7.5.jar
Launcher Type: SUN_STANDARD

[Global flags]
     intx CICompilerCount                          = 4                                         {product} {ergonomic}
     uint ConcGCThreads                            = 2                                         {product} {ergonomic}
     uint G1ConcRefinementThreads                  = 8                                         {product} {ergonomic}
   size_t G1HeapRegionSize                         = 1048576                                   {product} {ergonomic}
    uintx GCDrainStackTargetSize                   = 64                                        {product} {ergonomic}
   size_t InitialHeapSize                          = 132120576                                 {product} {ergonomic}
   size_t MarkStackSize                            = 4194304                                   {product} {ergonomic}
   size_t MaxHeapSize                              = 1610612736                                {product} {command line}
   size_t MaxNewSize                               = 965738496                                 {product} {ergonomic}
   size_t MinHeapDeltaBytes                        = 1048576                                   {product} {ergonomic}
   size_t MinHeapSize                              = 8388608                                   {product} {ergonomic}
    uintx NonNMethodCodeHeapSize                   = 5839372                                {pd product} {ergonomic}
    uintx NonProfiledCodeHeapSize                  = 122909434                              {pd product} {ergonomic}
    uintx ProfiledCodeHeapSize                     = 122909434                              {pd product} {ergonomic}
    uintx ReservedCodeCacheSize                    = 251658240                              {pd product} {ergonomic}
     bool SegmentedCodeCache                       = true                                      {product} {ergonomic}
   size_t SoftMaxHeapSize                          = 1610612736                             {manageable} {ergonomic}
     bool UseCompressedClassPointers               = true                           {product lp64_product} {ergonomic}
     bool UseCompressedOops                        = true                           {product lp64_product} {ergonomic}
     bool UseG1GC                                  = true                                      {product} {ergonomic}
     bool UseLargePagesIndividualAllocation        = false                                  {pd product} {ergonomic}

Logging:
Log output configuration:
 #0: stdout all=warning uptime,level,tags
 #1: stderr all=off uptime,level,tags

Environment Variables:
JAVA_HOME=C:\Program Files\Android\Android Studio\jbr
CLASSPATH=C:\Users\yhord\OneDrive\Escritorio\Proyectos Flutter\App_Leon_XIII\android\\gradle\wrapper\gradle-wrapper.jar
PATH=C:\Program Files\Android\Android Studio\jbr\bin;C:\Program Files\Microsoft\jdk-11.0.16.101-hotspot\bin;C:\Windows\system32;C:\Windows;C:\Windows\System32\Wbem;C:\Windows\System32\WindowsPowerShell\v1.0\;C:\Windows\System32\OpenSSH\;C:\Program Files (x86)\NVIDIA Corporation\PhysX\Common;C:\Program Files\NVIDIA Corporation\NVIDIA NvDLISR;C:\Program Files\Microsoft SQL Server\150\Tools\Binn\;C:\Program Files\Microsoft SQL Server\Client SDK\ODBC\170\Tools\Binn\;C:\Program Files\dotnet\;C:\Program Files (x86)\Windows Kits\10\Windows Performance Toolkit\;C:\Users\yhord\AppData\Local\Microsoft\WindowsApps;C:\Users\yhord\OneDrive\Escritorio\DOCUMENTOS MDY\flutter\bin;C:\Users\yhord\.dotnet\tools;C:\Users\yhord\OneDrive\Escritorio\DOCUMENTOS MDY\flutter\bin\mingit\cmd
USERNAME=yhord
OS=Windows_NT
PROCESSOR_IDENTIFIER=Intel64 Family 6 Model 158 Stepping 10, GenuineIntel
TMP=C:\Users\yhord\AppData\Local\Temp
TEMP=C:\Users\yhord\AppData\Local\Temp


JNI global refs:
JNI global refs: 25, weak refs: 0

JNI global refs memory usage: 843, weak refs: 841


---------------  S Y S T E M  ---------------

OS:
 Windows 10 , 64 bit Build 19041 (10.0.19041.3393)
OS uptime: 0 days 3:07 hours

CPU: total 8 (initial active 8) (4 cores per cpu, 2 threads per core) family 6 model 158 stepping 10 microcode 0xb4, cx8, cmov, fxsr, ht, mmx, 3dnowpref, sse, sse2, sse3, ssse3, sse4.1, sse4.2, popcnt, lzcnt, tsc, tscinvbit, avx, avx2, aes, erms, clmul, bmi1, bmi2, adx, fma, vzeroupper, clflush, clflushopt

Memory: 4k page, system-wide physical 8034M (297M free)
TotalPageFile size 16068M (AvailPageFile size 1M)
current process WorkingSet (physical memory assigned to process): 277M, peak: 285M
current process commit charge ("private bytes"): 308M, peak: 316M

vm_info: OpenJDK 64-Bit Server VM (17.0.6+0-b2043.56-10027231) for windows-amd64 JRE (17.0.6+0-b2043.56-10027231), built on Apr 28 2023 00:43:19 by "androidbuild" with MS VC++ 16.10 / 16.11 (VS2019)

END.
